13:52:24.799 [main                     ] DEBUG Logger               - Configured Logger
13:52:24.839 [main                     ] DEBUG GameApplication      - Logging settings
Title: Wozniak defense
Version: 
Width: 1280
Height: 720
Fullscreen: false
Intro: false
Profiling: false
Single step:false
App Mode: DEVELOPER
Menu Key: ESCAPE
Stage Style: DECORATED
Scene Factory: class com.almasb.fxgl.app.scene.SceneFactory

13:52:25.727 [JavaFX Application Thread] DEBUG FXGLApplication      - Initializing FXGL
13:52:25.734 [JavaFX Application Thread] INFO  Engine               - FXGL-11.14 (01.03.2021 16.59) on WINDOWS (J:15.0.2 FX:15)
13:52:25.735 [JavaFX Application Thread] DEBUG Engine               - JRE Vendor Name: Amazon.com Inc.
13:52:25.735 [JavaFX Application Thread] DEBUG Engine               - Running on OS: Windows 10 version 10.0
13:52:25.736 [JavaFX Application Thread] DEBUG Engine               - Architecture: amd64
13:52:25.736 [JavaFX Application Thread] INFO  Engine               - Source code and latest versions at: https://github.com/AlmasB/FXGL
13:52:25.737 [JavaFX Application Thread] INFO  Engine               -              Join the FXGL chat at: https://gitter.im/AlmasB/FXGL
13:52:25.980 [JavaFX Application Thread] DEBUG PrimaryStageWindow   - Creating a JavaFX scene
13:52:26.094 [JavaFX Application Thread] DEBUG PrimaryStageWindow   - Target settings size: 1280.0 x 720.0
13:52:26.095 [JavaFX Application Thread] DEBUG PrimaryStageWindow   - Scaled scene size:    1280.0 x 720.0
13:52:26.095 [JavaFX Application Thread] DEBUG PrimaryStageWindow   - Scaled ratio: (1.0, 1.0)
13:52:26.098 [JavaFX Application Thread] DEBUG PrimaryStageWindow   - Set initial scene to FXGLStartupScene
13:52:26.118 [JavaFX Application Thread] DEBUG PrimaryStageWindow   - Opening main window
13:52:26.280 [JavaFX Application Thread] DEBUG PrimaryStageWindow   - Window border size: (16.0, 39.0)
13:52:26.280 [JavaFX Application Thread] DEBUG PrimaryStageWindow   - Scaled size: 1280.0 x 720.0
13:52:26.281 [JavaFX Application Thread] DEBUG PrimaryStageWindow   - Scaled ratio: (1.0, 1.0)
13:52:26.282 [JavaFX Application Thread] DEBUG PrimaryStageWindow   - Scene size: 1280.0 x 720.0
13:52:26.282 [JavaFX Application Thread] DEBUG PrimaryStageWindow   - Stage size: 1296.0 x 759.0
13:52:26.302 [FXGL Background Thread 1 ] DEBUG Engine               - Initializing environment variables
13:52:26.375 [FXGL Background Thread 1 ] DEBUG FXGLAssetLoaderServi - User app class for loading assets: class Game
13:52:26.376 [FXGL Background Thread 1 ] DEBUG GameApplicationServi - Applying CSS: fxgl_dark.css
13:52:26.378 [FXGL Background Thread 1 ] DEBUG FXGLAssetLoaderServi - Loading from file system: jar:file:/C:/Users/zthijs/.m2/repository/com/github/almasb/fxgl/11.14/fxgl-11.14.jar!/fxglassets/ui/css/fxgl_dark.css
13:52:26.477 [FXGL Background Thread 1 ] DEBUG GameApplicationServi - Initializing application scenes
13:52:26.554 [FXGL Background Thread 1 ] DEBUG GameWorld            - Game world initialized
13:52:26.707 [FXGL Background Thread 1 ] DEBUG PhysicsWorld         - Physics world initialized: appHeight=720, physics.ppm=50,0
13:52:26.708 [FXGL Background Thread 1 ] DEBUG PhysicsWorld         - Using strategy: BRUTE_FORCE
13:52:26.716 [FXGL Background Thread 1 ] DEBUG GameScene            - Game scene initialized: 1280x720
13:52:26.822 [FXGL Background Thread 1 ] DEBUG FXGLAssetLoaderServi - Loading from file system: jar:file:/C:/Users/zthijs/.m2/repository/com/github/almasb/fxgl/11.14/fxgl-11.14.jar!/fxglassets/textures/particles/trace_horizontal.png
13:52:26.934 [FXGL Background Thread 1 ] DEBUG FXGL.DefaultMenu     - createMenuBodyGameMenu()
13:52:26.962 [FXGL Background Thread 1 ] DEBUG FXGL.DefaultMenu     - createOptionsMenu()
13:52:26.972 [FXGL Background Thread 1 ] DEBUG FXGLAssetLoaderServi - Loading from file system: jar:file:/C:/Users/zthijs/.m2/repository/com/github/almasb/fxgl/11.14/fxgl-11.14.jar!/fxglassets/textures/particles/smoke.png
13:52:27.067 [FXGL Background Thread 1 ] DEBUG GameApplicationServi - Application scenes initialized
13:52:27.088 [FXGL Background Thread 1 ] DEBUG SystemBundleService  - Loading FXGL system data
13:52:27.099 [FXGL Background Thread 1 ] DEBUG FileSystemAccess     - Reading from: C:\Users\zthijs\Desktop\IPOSE\system\fxgl.bundle
13:52:27.110 [FXGL Background Thread 1 ] DEBUG SystemBundleService  - Bundle FXGL: {}
13:52:27.110 [FXGL Background Thread 1 ] DEBUG UpdaterService       - Checking for updates
13:52:27.119 [FXGL Background Thread 4 ] DEBUG FXGLApplication      - Loading fonts
13:52:27.121 [FXGL Background Thread 1 ] DEBUG FXGLApplication      - Loading default localization
13:52:27.121 [FXGL Background Thread 4 ] DEBUG FXGLAssetLoaderServi - Loading from file system: jar:file:/C:/Users/zthijs/.m2/repository/com/github/almasb/fxgl/11.14/fxgl-11.14.jar!/fxglassets/ui/fonts/VarelaRound-Regular.ttf
13:52:27.122 [FXGL Background Thread 1 ] DEBUG FXGLAssetLoaderServi - Loading from file system: jar:file:/C:/Users/zthijs/.m2/repository/com/github/almasb/fxgl/11.14/fxgl-11.14.jar!/fxglassets/languages/english.lang
13:52:27.156 [FXGL Background Thread 1 ] INFO  FXGLApplication      - FXGL initialization took: 0,853 sec
13:52:27.175 [JavaFX Application Thread] DEBUG Input                - Registered new binding: action0 - W
13:52:27.176 [JavaFX Application Thread] DEBUG FXGLAssetLoaderServi - Loading from file system: file:/C:/Users/zthijs/Desktop/IPOSE/target/classes/assets/textures/wozniak.png
13:52:27.218 [JavaFX Application Thread] DEBUG FXGLAssetLoaderServi - Loading from file system: jar:file:/C:/Users/zthijs/.m2/repository/com/github/almasb/fxgl/11.14/fxgl-11.14.jar!/fxglassets/ui/cursors/fxgl_default.png
13:52:27.223 [JavaFX Application Thread] DEBUG Input                - Registered new binding: Screenshot - P
13:52:27.224 [JavaFX Application Thread] DEBUG Input                - Registered new binding: System info dump - CTRL+9
13:52:27.226 [JavaFX Application Thread] DEBUG Input                - Registered new binding: Restart - CTRL+R
13:52:27.228 [JavaFX Application Thread] DEBUG Input                - Registered new binding: Toggle Debug Camera - CTRL+C
13:52:27.233 [JavaFX Application Thread] DEBUG LoopRunner           - Starting loop
13:52:27.234 [JavaFX Application Thread] DEBUG LoopRunner           - Initializing JavaFX AnimationTimerLoop
13:52:27.237 [JavaFX Application Thread] DEBUG GameApplicationServi - Starting new game
13:52:27.239 [JavaFX Application Thread] DEBUG Input                - Clearing active input actions
13:52:27.264 [JavaFX Application Thread] DEBUG GameApplicationServi - Removing overlay from FXGLStartupScene and adding to FXGLLoadingScene
13:52:27.264 [JavaFX Application Thread] DEBUG PrimaryStageWindow   - FXGLStartupScene -> FXGLLoadingScene
13:52:27.265 [JavaFX Application Thread] DEBUG GameApplicationServi - Clearing previous game
13:52:27.265 [JavaFX Application Thread] DEBUG GameScene            - Clearing game scene
13:52:27.266 [JavaFX Application Thread] DEBUG GameWorld            - Clearing game world
13:52:27.266 [JavaFX Application Thread] DEBUG PhysicsWorld         - Clearing physics world
13:52:27.269 [FXGL Background Thread 1 ] DEBUG FXGLApplication      - Initializing game
13:52:27.270 [FXGL Background Thread 4 ] DEBUG FXGLAssetLoaderServi - Loading from file system: jar:file:/C:/Users/zthijs/.m2/repository/com/github/almasb/fxgl/11.14/fxgl-11.14.jar!/fxglassets/ui/fonts/Abel-Regular.ttf
13:52:27.274 [FXGL Background Thread 1 ] DEBUG FXGLAssetLoaderServi - Loading from file system: file:/C:/Users/zthijs/Desktop/IPOSE/target/classes/assets/textures/gras.png
13:52:27.291 [FXGL Background Thread 4 ] DEBUG FXGLAssetLoaderServi - Loading from file system: jar:file:/C:/Users/zthijs/.m2/repository/com/github/almasb/fxgl/11.14/fxgl-11.14.jar!/fxglassets/ui/fonts/lucida_console.ttf
13:52:27.295 [FXGL Background Thread 1 ] DEBUG FXGLAssetLoaderServi - Loading from file system: file:/C:/Users/zthijs/Desktop/IPOSE/target/classes/assets/textures/stone.jpg
13:52:27.320 [FXGL Background Thread 4 ] DEBUG FXGLAssetLoaderServi - Loading from file system: jar:file:/C:/Users/zthijs/.m2/repository/com/github/almasb/fxgl/11.14/fxgl-11.14.jar!/fxglassets/ui/fonts/Courier-Prime.ttf
13:52:27.340 [FXGL Background Thread 1 ] DEBUG FXGLAssetLoaderServi - Loading from file system: file:/C:/Users/zthijs/Desktop/IPOSE/target/classes/assets/textures/heiko.png
13:52:27.373 [JavaFX Application Thread] DEBUG FXGLApplication      - Registering font factories with UI factory
13:52:27.388 [FXGL Background Thread 1 ] DEBUG FXGLAssetLoaderServi - Loading from file system: file:/C:/Users/zthijs/Desktop/IPOSE/target/classes/assets/textures/mud.png
13:52:27.432 [FXGL Background Thread 1 ] INFO  FXGLApplication      - Game initialization took: 0,164 sec
13:52:27.577 [JavaFX Application Thread] DEBUG Input                - Clearing active input actions
13:52:27.623 [JavaFX Application Thread] DEBUG GameApplicationServi - Removing overlay from FXGLLoadingScene and adding to GameScene
13:52:27.624 [JavaFX Application Thread] DEBUG PrimaryStageWindow   - FXGLLoadingScene -> GameScene
13:52:28.130 [FXGL Background Thread 2 ] INFO  UpdaterService       - Your current version:  11.14
13:52:28.131 [FXGL Background Thread 2 ] INFO  UpdaterService       - Latest stable version: 17.1
13:52:30.117 [FXGL Background Thread 3 ] DEBUG Engine               - Logging environment variables
13:52:30.119 [FXGL Background Thread 3 ] DEBUG Engine               - achievements: []
13:52:30.119 [FXGL Background Thread 3 ] DEBUG Engine               - actualHeight: 720.0
13:52:30.120 [FXGL Background Thread 3 ] DEBUG Engine               - actualHeightProperty: ReadOnlyDoubleProperty [value: 720.0]
13:52:30.120 [FXGL Background Thread 3 ] DEBUG Engine               - actualWidth: 1280.0
13:52:30.121 [FXGL Background Thread 3 ] DEBUG Engine               - actualWidthProperty: ReadOnlyDoubleProperty [value: 1280.0]
13:52:30.121 [FXGL Background Thread 3 ] DEBUG Engine               - appIcon: wozniak.png
13:52:30.122 [FXGL Background Thread 3 ] DEBUG Engine               - applicationMode: DEVELOPER
13:52:30.122 [FXGL Background Thread 3 ] DEBUG Engine               - cSSList: [fxgl_dark.css]
13:52:30.122 [FXGL Background Thread 3 ] DEBUG Engine               - collisionDetectionStrategy: BRUTE_FORCE
13:52:30.123 [FXGL Background Thread 3 ] DEBUG Engine               - configClass: Optional.empty
13:52:30.123 [FXGL Background Thread 3 ] DEBUG Engine               - credits: []
13:52:30.124 [FXGL Background Thread 3 ] DEBUG Engine               - devBBoxColorProperty: ObjectProperty [value: 0xff0000ff]
13:52:30.124 [FXGL Background Thread 3 ] DEBUG Engine               - devEnableDebugCameraProperty: BooleanProperty [value: false]
13:52:30.126 [FXGL Background Thread 3 ] DEBUG Engine               - devSensorColorProperty: ObjectProperty [value: 0xffff00ff]
13:52:30.126 [FXGL Background Thread 3 ] DEBUG Engine               - devShowBBoxProperty: BooleanProperty [value: false]
13:52:30.126 [FXGL Background Thread 3 ] DEBUG Engine               - devShowPositionProperty: BooleanProperty [value: false]
13:52:30.127 [FXGL Background Thread 3 ] DEBUG Engine               - enabledMenuItems: []
13:52:30.127 [FXGL Background Thread 3 ] DEBUG Engine               - engineServices: [class com.almasb.fxgl.app.services.FXGLAssetLoaderService, class com.almasb.fxgl.app.FXGLApplication$GameApplicationService, class com.almasb.fxgl.app.services.FXGLDialogService, class com.almasb.fxgl.app.services.IOTaskExecutorService, class com.almasb.fxgl.event.EventBusService, class com.almasb.fxgl.io.FileSystemService, class com.almasb.fxgl.localization.LocalizationService, class com.almasb.fxgl.app.services.SystemBundleService, class com.almasb.fxgl.profile.SaveLoadService, class com.almasb.fxgl.ui.FXGLUIFactoryServiceProvider, class com.almasb.fxgl.ui.FXGLDialogFactoryServiceProvider, class com.almasb.fxgl.audio.AudioPlayer, class com.almasb.fxgl.notification.impl.NotificationServiceProvider, class com.almasb.fxgl.achievement.AchievementService, class com.almasb.fxgl.cutscene.CutsceneService, class com.almasb.fxgl.minigames.MiniGameService, class com.almasb.fxgl.net.NetService, class com.almasb.fxgl.app.services.UpdaterService, class com.almasb.fxgl.dev.DevService]
13:52:30.127 [FXGL Background Thread 3 ] DEBUG Engine               - fontGame: Abel-Regular.ttf
13:52:30.128 [FXGL Background Thread 3 ] DEBUG Engine               - fontMono: lucida_console.ttf
13:52:30.128 [FXGL Background Thread 3 ] DEBUG Engine               - fontText: Courier-Prime.ttf
13:52:30.128 [FXGL Background Thread 3 ] DEBUG Engine               - fontUI: VarelaRound-Regular.ttf
13:52:30.129 [FXGL Background Thread 3 ] DEBUG Engine               - fullScreen: BooleanProperty [value: true]
13:52:30.129 [FXGL Background Thread 3 ] DEBUG Engine               - gameDifficulty: MEDIUM
13:52:30.130 [FXGL Background Thread 3 ] DEBUG Engine               - gameDifficultyProperty: ObjectProperty [value: MEDIUM]
13:52:30.130 [FXGL Background Thread 3 ] DEBUG Engine               - globalMusicVolume: 0.5
13:52:30.131 [FXGL Background Thread 3 ] DEBUG Engine               - globalMusicVolumeProperty: DoubleProperty [value: 0.5]
13:52:30.132 [FXGL Background Thread 3 ] DEBUG Engine               - globalSoundVolume: 0.5
13:52:30.132 [FXGL Background Thread 3 ] DEBUG Engine               - globalSoundVolumeProperty: DoubleProperty [value: 0.5]
13:52:30.134 [FXGL Background Thread 3 ] DEBUG Engine               - height: 720
13:52:30.134 [FXGL Background Thread 3 ] DEBUG Engine               - isAndroid: false
13:52:30.135 [FXGL Background Thread 3 ] DEBUG Engine               - isBrowser: false
13:52:30.136 [FXGL Background Thread 3 ] DEBUG Engine               - isClickFeedbackEnabled: false
13:52:30.136 [FXGL Background Thread 3 ] DEBUG Engine               - isCloseConfirmation: false
13:52:30.137 [FXGL Background Thread 3 ] DEBUG Engine               - isDesktop: true
13:52:30.137 [FXGL Background Thread 3 ] DEBUG Engine               - isDeveloperMenuEnabled: false
13:52:30.138 [FXGL Background Thread 3 ] DEBUG Engine               - isEntityPreloadEnabled: true
13:52:30.138 [FXGL Background Thread 3 ] DEBUG Engine               - isExperimental3D: false
13:52:30.139 [FXGL Background Thread 3 ] DEBUG Engine               - isExperimentalNative: false
13:52:30.139 [FXGL Background Thread 3 ] DEBUG Engine               - isExperimentalTiledLargeMap: false
13:52:30.139 [FXGL Background Thread 3 ] DEBUG Engine               - isFileSystemWriteAllowed: true
13:52:30.140 [FXGL Background Thread 3 ] DEBUG Engine               - isFullScreenAllowed: false
13:52:30.140 [FXGL Background Thread 3 ] DEBUG Engine               - isFullScreenFromStart: true
13:52:30.141 [FXGL Background Thread 3 ] DEBUG Engine               - isGameMenuEnabled: true
13:52:30.141 [FXGL Background Thread 3 ] DEBUG Engine               - isIOS: false
13:52:30.142 [FXGL Background Thread 3 ] DEBUG Engine               - isIntroEnabled: false
13:52:30.143 [FXGL Background Thread 3 ] DEBUG Engine               - isLinux: false
13:52:30.143 [FXGL Background Thread 3 ] DEBUG Engine               - isMac: false
13:52:30.143 [FXGL Background Thread 3 ] DEBUG Engine               - isMainMenuEnabled: false
13:52:30.144 [FXGL Background Thread 3 ] DEBUG Engine               - isManualResizeEnabled: false
13:52:30.145 [FXGL Background Thread 3 ] DEBUG Engine               - isMobile: false
13:52:30.146 [FXGL Background Thread 3 ] DEBUG Engine               - isPreserveResizeRatio: false
13:52:30.147 [FXGL Background Thread 3 ] DEBUG Engine               - isProfilingEnabled: false
13:52:30.147 [FXGL Background Thread 3 ] DEBUG Engine               - isScaleAffectedOnResize: true
13:52:30.148 [FXGL Background Thread 3 ] DEBUG Engine               - isSingleStep: false
13:52:30.148 [FXGL Background Thread 3 ] DEBUG Engine               - isUserProfileEnabled: false
13:52:30.149 [FXGL Background Thread 3 ] DEBUG Engine               - isWindows: true
13:52:30.149 [FXGL Background Thread 3 ] DEBUG Engine               - language: ObjectProperty [value: ENGLISH]
13:52:30.150 [FXGL Background Thread 3 ] DEBUG Engine               - menuKey: ESCAPE
13:52:30.151 [FXGL Background Thread 3 ] DEBUG Engine               - notificationViewClass: class com.almasb.fxgl.notification.view.XboxNotificationView
13:52:30.152 [FXGL Background Thread 3 ] DEBUG Engine               - pixelsPerMeter: 50.0
13:52:30.153 [FXGL Background Thread 3 ] DEBUG Engine               - platform: WINDOWS
13:52:30.153 [FXGL Background Thread 3 ] DEBUG Engine               - prefHeightProperty: ReadOnlyDoubleProperty [value: 720.0]
13:52:30.154 [FXGL Background Thread 3 ] DEBUG Engine               - prefWidthProperty: ReadOnlyDoubleProperty [value: 1280.0]
13:52:30.154 [FXGL Background Thread 3 ] DEBUG Engine               - profileDir: profiles/
13:52:30.155 [FXGL Background Thread 3 ] DEBUG Engine               - profileName: StringProperty [value: DEFAULT]
13:52:30.155 [FXGL Background Thread 3 ] DEBUG Engine               - randomSeed: -1
13:52:30.155 [FXGL Background Thread 3 ] DEBUG Engine               - runtimeInfo: RuntimeInfo(platform=WINDOWS, version=11.14, build=01.03.2021 16.59)
13:52:30.155 [FXGL Background Thread 3 ] DEBUG Engine               - saveFileExt: sav
13:52:30.156 [FXGL Background Thread 3 ] DEBUG Engine               - scaledHeightProp$fxgl: DoubleProperty [bound, value: 720.0]
13:52:30.156 [FXGL Background Thread 3 ] DEBUG Engine               - scaledWidthProp$fxgl: DoubleProperty [bound, value: 1280.0]
13:52:30.157 [FXGL Background Thread 3 ] DEBUG Engine               - sceneFactory: com.almasb.fxgl.app.scene.SceneFactory@16451cd4
13:52:30.157 [FXGL Background Thread 3 ] DEBUG Engine               - secondsIn24h: 60
13:52:30.157 [FXGL Background Thread 3 ] DEBUG Engine               - soundMenuBack: menu/back.wav
13:52:30.157 [FXGL Background Thread 3 ] DEBUG Engine               - soundMenuPress: menu/press.wav
13:52:30.158 [FXGL Background Thread 3 ] DEBUG Engine               - soundMenuSelect: menu/select.wav
13:52:30.159 [FXGL Background Thread 3 ] DEBUG Engine               - soundNotification: core/notification.wav
13:52:30.159 [FXGL Background Thread 3 ] DEBUG Engine               - stageStyle: DECORATED
13:52:30.160 [FXGL Background Thread 3 ] DEBUG Engine               - supportedLanguages: [ENGLISH, FRENCH, GERMAN, HUNGARIAN, RUSSIAN]
13:52:30.160 [FXGL Background Thread 3 ] DEBUG Engine               - ticksPerSecond: -1
13:52:30.160 [FXGL Background Thread 3 ] DEBUG Engine               - title: Wozniak defense
13:52:30.161 [FXGL Background Thread 3 ] DEBUG Engine               - urlGithub: https://github.com/AlmasB/FXGL
13:52:30.161 [FXGL Background Thread 3 ] DEBUG Engine               - urlLeaderboard: http://fxgl-top.herokuapp.com/
13:52:30.161 [FXGL Background Thread 3 ] DEBUG Engine               - urlPOM: https://raw.githubusercontent.com/AlmasB/FXGL/release/README.md
13:52:30.162 [FXGL Background Thread 3 ] DEBUG Engine               - userAppClass: class Game
13:52:30.162 [FXGL Background Thread 3 ] DEBUG Engine               - version: 
13:52:30.162 [FXGL Background Thread 3 ] DEBUG Engine               - versionCheckDays: 7
13:52:30.163 [FXGL Background Thread 3 ] DEBUG Engine               - width: 1280
13:52:30.163 [FXGL Background Thread 3 ] DEBUG Engine               - Logging services
13:52:30.164 [FXGL Background Thread 3 ] DEBUG Engine               - class com.almasb.fxgl.app.services.FXGLAssetLoaderService
13:52:30.164 [FXGL Background Thread 3 ] DEBUG Engine               - class com.almasb.fxgl.app.FXGLApplication$GameApplicationService
13:52:30.165 [FXGL Background Thread 3 ] DEBUG Engine               - class com.almasb.fxgl.app.services.FXGLDialogService
13:52:30.166 [FXGL Background Thread 3 ] DEBUG Engine               - class com.almasb.fxgl.app.services.IOTaskExecutorService
13:52:30.167 [FXGL Background Thread 3 ] DEBUG Engine               - class com.almasb.fxgl.event.EventBusService
13:52:30.168 [FXGL Background Thread 3 ] DEBUG Engine               - class com.almasb.fxgl.io.FileSystemService
13:52:30.169 [FXGL Background Thread 3 ] DEBUG Engine               - class com.almasb.fxgl.localization.LocalizationService
13:52:30.169 [FXGL Background Thread 3 ] DEBUG Engine               - class com.almasb.fxgl.app.services.SystemBundleService
13:52:30.170 [FXGL Background Thread 3 ] DEBUG Engine               - class com.almasb.fxgl.profile.SaveLoadService
13:52:30.170 [FXGL Background Thread 3 ] DEBUG Engine               - class com.almasb.fxgl.ui.FXGLUIFactoryServiceProvider
13:52:30.171 [FXGL Background Thread 3 ] DEBUG Engine               - class com.almasb.fxgl.ui.FXGLDialogFactoryServiceProvider
13:52:30.171 [FXGL Background Thread 3 ] DEBUG Engine               - class com.almasb.fxgl.audio.AudioPlayer
13:52:30.171 [FXGL Background Thread 3 ] DEBUG Engine               - class com.almasb.fxgl.notification.impl.NotificationServiceProvider
13:52:30.171 [FXGL Background Thread 3 ] DEBUG Engine               - class com.almasb.fxgl.achievement.AchievementService
13:52:30.172 [FXGL Background Thread 3 ] DEBUG Engine               - class com.almasb.fxgl.cutscene.CutsceneService
13:52:30.172 [FXGL Background Thread 3 ] DEBUG Engine               - class com.almasb.fxgl.minigames.MiniGameService
13:52:30.172 [FXGL Background Thread 3 ] DEBUG Engine               - class com.almasb.fxgl.net.NetService
13:52:30.172 [FXGL Background Thread 3 ] DEBUG Engine               - class com.almasb.fxgl.app.services.UpdaterService
13:52:30.173 [FXGL Background Thread 3 ] DEBUG Engine               - class com.almasb.fxgl.dev.DevService
13:52:42.607 [JavaFX Application Thread] DEBUG FXGLApplication      - Exiting FXGL
13:52:42.608 [JavaFX Application Thread] DEBUG LoopRunner           - Stopping loop
13:52:42.608 [JavaFX Application Thread] DEBUG SystemBundleService  - Saving FXGL system data
13:52:42.620 [JavaFX Application Thread] DEBUG FileSystemAccess     - Writing to: C:\Users\zthijs\Desktop\IPOSE\system\fxgl.bundle
13:52:42.624 [JavaFX Application Thread] DEBUG Async                - Shutting down background threads
13:52:42.626 [JavaFX Application Thread] DEBUG PrimaryStageWindow   - Closing main window
13:52:42.680 [JavaFX Application Thread] DEBUG Logger               - Closing Logger
