14:39:46.234 [main                     ] DEBUG Logger               - Configured Logger
14:39:46.246 [main                     ] DEBUG GameApplication      - Logging settings
Title: Wozniak defense
Version: 
Width: 1280
Height: 720
Fullscreen: false
Intro: false
Profiling: false
Single step:false
App Mode: DEVELOPER
Menu Key: ESCAPE
Stage Style: DECORATED
Scene Factory: class com.almasb.fxgl.app.scene.SceneFactory

14:39:46.546 [JavaFX Application Thread] DEBUG FXGLApplication      - Initializing FXGL
14:39:46.548 [JavaFX Application Thread] INFO  Engine               - FXGL-11.14 (01.03.2021 16.59) on WINDOWS (J:15.0.2 FX:15)
14:39:46.548 [JavaFX Application Thread] DEBUG Engine               - JRE Vendor Name: Amazon.com Inc.
14:39:46.548 [JavaFX Application Thread] DEBUG Engine               - Running on OS: Windows 10 version 10.0
14:39:46.548 [JavaFX Application Thread] DEBUG Engine               - Architecture: amd64
14:39:46.548 [JavaFX Application Thread] INFO  Engine               - Source code and latest versions at: https://github.com/AlmasB/FXGL
14:39:46.548 [JavaFX Application Thread] INFO  Engine               -              Join the FXGL chat at: https://gitter.im/AlmasB/FXGL
14:39:46.649 [JavaFX Application Thread] DEBUG PrimaryStageWindow   - Creating a JavaFX scene
14:39:46.694 [JavaFX Application Thread] DEBUG PrimaryStageWindow   - Target settings size: 1280.0 x 720.0
14:39:46.694 [JavaFX Application Thread] DEBUG PrimaryStageWindow   - Scaled scene size:    1280.0 x 720.0
14:39:46.694 [JavaFX Application Thread] DEBUG PrimaryStageWindow   - Scaled ratio: (1.0, 1.0)
14:39:46.695 [JavaFX Application Thread] DEBUG PrimaryStageWindow   - Set initial scene to FXGLStartupScene
14:39:46.701 [JavaFX Application Thread] DEBUG PrimaryStageWindow   - Opening main window
14:39:46.773 [JavaFX Application Thread] DEBUG PrimaryStageWindow   - Window border size: (14.4000244140625, 37.5999755859375)
14:39:46.774 [JavaFX Application Thread] DEBUG PrimaryStageWindow   - Scaled size: 1280.0 x 720.0
14:39:46.774 [JavaFX Application Thread] DEBUG PrimaryStageWindow   - Scaled ratio: (1.0, 1.0)
14:39:46.774 [JavaFX Application Thread] DEBUG PrimaryStageWindow   - Scene size: 1280.0 x 720.0
14:39:46.774 [JavaFX Application Thread] DEBUG PrimaryStageWindow   - Stage size: 1294.4000244140625 x 757.5999755859375
14:39:46.783 [FXGL Background Thread 1 ] DEBUG Engine               - Initializing environment variables
14:39:46.815 [FXGL Background Thread 1 ] DEBUG FXGLAssetLoaderServi - User app class for loading assets: class Game
14:39:46.815 [FXGL Background Thread 1 ] DEBUG GameApplicationServi - Applying CSS: fxgl_dark.css
14:39:46.816 [FXGL Background Thread 1 ] DEBUG FXGLAssetLoaderServi - Loading from file system: jar:file:/C:/Users/max16/.m2/repository/com/github/almasb/fxgl/11.14/fxgl-11.14.jar!/fxglassets/ui/css/fxgl_dark.css
14:39:46.858 [FXGL Background Thread 1 ] DEBUG GameApplicationServi - Initializing application scenes
14:39:46.888 [FXGL Background Thread 1 ] DEBUG GameWorld            - Game world initialized
14:39:46.936 [FXGL Background Thread 1 ] DEBUG PhysicsWorld         - Physics world initialized: appHeight=720, physics.ppm=50,0
14:39:46.937 [FXGL Background Thread 1 ] DEBUG PhysicsWorld         - Using strategy: BRUTE_FORCE
14:39:46.939 [FXGL Background Thread 1 ] DEBUG GameScene            - Game scene initialized: 1280x720
14:39:46.975 [FXGL Background Thread 1 ] DEBUG FXGLAssetLoaderServi - Loading from file system: jar:file:/C:/Users/max16/.m2/repository/com/github/almasb/fxgl/11.14/fxgl-11.14.jar!/fxglassets/textures/particles/trace_horizontal.png
14:39:47.015 [FXGL Background Thread 1 ] DEBUG FXGL.DefaultMenu     - createMenuBodyGameMenu()
14:39:47.027 [FXGL Background Thread 1 ] DEBUG FXGL.DefaultMenu     - createOptionsMenu()
14:39:47.032 [FXGL Background Thread 1 ] DEBUG FXGLAssetLoaderServi - Loading from file system: jar:file:/C:/Users/max16/.m2/repository/com/github/almasb/fxgl/11.14/fxgl-11.14.jar!/fxglassets/textures/particles/smoke.png
14:39:47.081 [FXGL Background Thread 1 ] DEBUG GameApplicationServi - Application scenes initialized
14:39:47.091 [FXGL Background Thread 1 ] DEBUG SystemBundleService  - Loading FXGL system data
14:39:47.095 [FXGL Background Thread 1 ] DEBUG FileSystemAccess     - Reading from: C:\Users\max16\Documents\GitHub\IPOSE\system\fxgl.bundle
14:39:47.099 [FXGL Background Thread 1 ] DEBUG SystemBundleService  - Bundle FXGL: {}
14:39:47.099 [FXGL Background Thread 1 ] DEBUG UpdaterService       - Checking for updates
14:39:47.103 [FXGL Background Thread 4 ] DEBUG FXGLApplication      - Loading fonts
14:39:47.103 [FXGL Background Thread 1 ] DEBUG FXGLApplication      - Loading default localization
14:39:47.103 [FXGL Background Thread 4 ] DEBUG FXGLAssetLoaderServi - Loading from file system: jar:file:/C:/Users/max16/.m2/repository/com/github/almasb/fxgl/11.14/fxgl-11.14.jar!/fxglassets/ui/fonts/VarelaRound-Regular.ttf
14:39:47.103 [FXGL Background Thread 1 ] DEBUG FXGLAssetLoaderServi - Loading from file system: jar:file:/C:/Users/max16/.m2/repository/com/github/almasb/fxgl/11.14/fxgl-11.14.jar!/fxglassets/languages/english.lang
14:39:47.115 [FXGL Background Thread 1 ] INFO  FXGLApplication      - FXGL initialization took: 0,332 sec
14:39:47.128 [JavaFX Application Thread] DEBUG Input                - Registered new binding: action0 - W
14:39:47.128 [JavaFX Application Thread] DEBUG FXGLAssetLoaderServi - Loading from file system: file:/C:/Users/max16/Documents/GitHub/IPOSE/target/classes/assets/textures/wozniak.png
14:39:47.139 [JavaFX Application Thread] DEBUG FXGLAssetLoaderServi - Loading from file system: jar:file:/C:/Users/max16/.m2/repository/com/github/almasb/fxgl/11.14/fxgl-11.14.jar!/fxglassets/ui/cursors/fxgl_default.png
14:39:47.141 [JavaFX Application Thread] DEBUG Input                - Registered new binding: Screenshot - P
14:39:47.141 [JavaFX Application Thread] DEBUG Input                - Registered new binding: System info dump - CTRL+9
14:39:47.141 [JavaFX Application Thread] DEBUG Input                - Registered new binding: Restart - CTRL+R
14:39:47.142 [JavaFX Application Thread] DEBUG Input                - Registered new binding: Toggle Debug Camera - CTRL+C
14:39:47.144 [JavaFX Application Thread] DEBUG LoopRunner           - Starting loop
14:39:47.144 [JavaFX Application Thread] DEBUG LoopRunner           - Initializing JavaFX AnimationTimerLoop
14:39:47.145 [JavaFX Application Thread] DEBUG GameApplicationServi - Starting new game
14:39:47.145 [JavaFX Application Thread] DEBUG Input                - Clearing active input actions
14:39:47.156 [JavaFX Application Thread] DEBUG GameApplicationServi - Removing overlay from FXGLStartupScene and adding to FXGLLoadingScene
14:39:47.157 [JavaFX Application Thread] DEBUG PrimaryStageWindow   - FXGLStartupScene -> FXGLLoadingScene
14:39:47.157 [JavaFX Application Thread] DEBUG GameApplicationServi - Clearing previous game
14:39:47.158 [JavaFX Application Thread] DEBUG GameScene            - Clearing game scene
14:39:47.158 [JavaFX Application Thread] DEBUG GameWorld            - Clearing game world
14:39:47.158 [JavaFX Application Thread] DEBUG PhysicsWorld         - Clearing physics world
14:39:47.160 [FXGL Background Thread 1 ] DEBUG FXGLApplication      - Initializing game
14:39:47.162 [FXGL Background Thread 1 ] DEBUG FXGLAssetLoaderServi - Loading from file system: file:/C:/Users/max16/Documents/GitHub/IPOSE/target/classes/assets/textures/gras.png
14:39:47.163 [FXGL Background Thread 4 ] DEBUG FXGLAssetLoaderServi - Loading from file system: jar:file:/C:/Users/max16/.m2/repository/com/github/almasb/fxgl/11.14/fxgl-11.14.jar!/fxglassets/ui/fonts/Abel-Regular.ttf
14:39:47.171 [FXGL Background Thread 4 ] DEBUG FXGLAssetLoaderServi - Loading from file system: jar:file:/C:/Users/max16/.m2/repository/com/github/almasb/fxgl/11.14/fxgl-11.14.jar!/fxglassets/ui/fonts/lucida_console.ttf
14:39:47.173 [FXGL Background Thread 1 ] DEBUG FXGLAssetLoaderServi - Loading from file system: file:/C:/Users/max16/Documents/GitHub/IPOSE/target/classes/assets/textures/stone.jpg
14:39:47.183 [FXGL Background Thread 4 ] DEBUG FXGLAssetLoaderServi - Loading from file system: jar:file:/C:/Users/max16/.m2/repository/com/github/almasb/fxgl/11.14/fxgl-11.14.jar!/fxglassets/ui/fonts/Courier-Prime.ttf
14:39:47.195 [FXGL Background Thread 1 ] DEBUG FXGLAssetLoaderServi - Loading from file system: file:/C:/Users/max16/Documents/GitHub/IPOSE/target/classes/assets/textures/heiko.png
14:39:47.201 [JavaFX Application Thread] DEBUG FXGLApplication      - Registering font factories with UI factory
14:39:47.204 [FXGL Background Thread 1 ] DEBUG FXGLAssetLoaderServi - Loading from file system: file:/C:/Users/max16/Documents/GitHub/IPOSE/target/classes/assets/textures/mud.png
14:39:47.220 [FXGL Background Thread 1 ] INFO  FXGLApplication      - Game initialization took: 0,060 sec
14:39:47.268 [JavaFX Application Thread] DEBUG Input                - Clearing active input actions
14:39:47.292 [JavaFX Application Thread] DEBUG GameApplicationServi - Removing overlay from FXGLLoadingScene and adding to GameScene
14:39:47.293 [JavaFX Application Thread] DEBUG PrimaryStageWindow   - FXGLLoadingScene -> GameScene
14:39:47.459 [FXGL Background Thread 2 ] INFO  UpdaterService       - Your current version:  11.14
14:39:47.460 [FXGL Background Thread 2 ] INFO  UpdaterService       - Latest stable version: 17.1
14:39:50.102 [FXGL Background Thread 3 ] DEBUG Engine               - Logging environment variables
14:39:50.102 [FXGL Background Thread 3 ] DEBUG Engine               - achievements: []
14:39:50.102 [FXGL Background Thread 3 ] DEBUG Engine               - actualHeight: 720.0
14:39:50.103 [FXGL Background Thread 3 ] DEBUG Engine               - actualHeightProperty: ReadOnlyDoubleProperty [value: 720.0]
14:39:50.103 [FXGL Background Thread 3 ] DEBUG Engine               - actualWidth: 1280.0
14:39:50.103 [FXGL Background Thread 3 ] DEBUG Engine               - actualWidthProperty: ReadOnlyDoubleProperty [value: 1280.0]
14:39:50.103 [FXGL Background Thread 3 ] DEBUG Engine               - appIcon: wozniak.png
14:39:50.103 [FXGL Background Thread 3 ] DEBUG Engine               - applicationMode: DEVELOPER
14:39:50.103 [FXGL Background Thread 3 ] DEBUG Engine               - cSSList: [fxgl_dark.css]
14:39:50.103 [FXGL Background Thread 3 ] DEBUG Engine               - collisionDetectionStrategy: BRUTE_FORCE
14:39:50.103 [FXGL Background Thread 3 ] DEBUG Engine               - configClass: Optional.empty
14:39:50.104 [FXGL Background Thread 3 ] DEBUG Engine               - credits: []
14:39:50.104 [FXGL Background Thread 3 ] DEBUG Engine               - devBBoxColorProperty: ObjectProperty [value: 0xff0000ff]
14:39:50.104 [FXGL Background Thread 3 ] DEBUG Engine               - devEnableDebugCameraProperty: BooleanProperty [value: false]
14:39:50.105 [FXGL Background Thread 3 ] DEBUG Engine               - devSensorColorProperty: ObjectProperty [value: 0xffff00ff]
14:39:50.105 [FXGL Background Thread 3 ] DEBUG Engine               - devShowBBoxProperty: BooleanProperty [value: false]
14:39:50.105 [FXGL Background Thread 3 ] DEBUG Engine               - devShowPositionProperty: BooleanProperty [value: false]
14:39:50.105 [FXGL Background Thread 3 ] DEBUG Engine               - enabledMenuItems: []
14:39:50.105 [FXGL Background Thread 3 ] DEBUG Engine               - engineServices: [class com.almasb.fxgl.app.services.FXGLAssetLoaderService, class com.almasb.fxgl.app.FXGLApplication$GameApplicationService, class com.almasb.fxgl.app.services.FXGLDialogService, class com.almasb.fxgl.app.services.IOTaskExecutorService, class com.almasb.fxgl.event.EventBusService, class com.almasb.fxgl.io.FileSystemService, class com.almasb.fxgl.localization.LocalizationService, class com.almasb.fxgl.app.services.SystemBundleService, class com.almasb.fxgl.profile.SaveLoadService, class com.almasb.fxgl.ui.FXGLUIFactoryServiceProvider, class com.almasb.fxgl.ui.FXGLDialogFactoryServiceProvider, class com.almasb.fxgl.audio.AudioPlayer, class com.almasb.fxgl.notification.impl.NotificationServiceProvider, class com.almasb.fxgl.achievement.AchievementService, class com.almasb.fxgl.cutscene.CutsceneService, class com.almasb.fxgl.minigames.MiniGameService, class com.almasb.fxgl.net.NetService, class com.almasb.fxgl.app.services.UpdaterService, class com.almasb.fxgl.dev.DevService]
14:39:50.106 [FXGL Background Thread 3 ] DEBUG Engine               - fontGame: Abel-Regular.ttf
14:39:50.106 [FXGL Background Thread 3 ] DEBUG Engine               - fontMono: lucida_console.ttf
14:39:50.106 [FXGL Background Thread 3 ] DEBUG Engine               - fontText: Courier-Prime.ttf
14:39:50.106 [FXGL Background Thread 3 ] DEBUG Engine               - fontUI: VarelaRound-Regular.ttf
14:39:50.106 [FXGL Background Thread 3 ] DEBUG Engine               - fullScreen: BooleanProperty [value: true]
14:39:50.106 [FXGL Background Thread 3 ] DEBUG Engine               - gameDifficulty: MEDIUM
14:39:50.106 [FXGL Background Thread 3 ] DEBUG Engine               - gameDifficultyProperty: ObjectProperty [value: MEDIUM]
14:39:50.107 [FXGL Background Thread 3 ] DEBUG Engine               - globalMusicVolume: 0.5
14:39:50.107 [FXGL Background Thread 3 ] DEBUG Engine               - globalMusicVolumeProperty: DoubleProperty [value: 0.5]
14:39:50.107 [FXGL Background Thread 3 ] DEBUG Engine               - globalSoundVolume: 0.5
14:39:50.107 [FXGL Background Thread 3 ] DEBUG Engine               - globalSoundVolumeProperty: DoubleProperty [value: 0.5]
14:39:50.108 [FXGL Background Thread 3 ] DEBUG Engine               - height: 720
14:39:50.108 [FXGL Background Thread 3 ] DEBUG Engine               - isAndroid: false
14:39:50.108 [FXGL Background Thread 3 ] DEBUG Engine               - isBrowser: false
14:39:50.108 [FXGL Background Thread 3 ] DEBUG Engine               - isClickFeedbackEnabled: false
14:39:50.108 [FXGL Background Thread 3 ] DEBUG Engine               - isCloseConfirmation: false
14:39:50.108 [FXGL Background Thread 3 ] DEBUG Engine               - isDesktop: true
14:39:50.108 [FXGL Background Thread 3 ] DEBUG Engine               - isDeveloperMenuEnabled: false
14:39:50.108 [FXGL Background Thread 3 ] DEBUG Engine               - isEntityPreloadEnabled: true
14:39:50.109 [FXGL Background Thread 3 ] DEBUG Engine               - isExperimental3D: false
14:39:50.109 [FXGL Background Thread 3 ] DEBUG Engine               - isExperimentalNative: false
14:39:50.109 [FXGL Background Thread 3 ] DEBUG Engine               - isExperimentalTiledLargeMap: false
14:39:50.109 [FXGL Background Thread 3 ] DEBUG Engine               - isFileSystemWriteAllowed: true
14:39:50.109 [FXGL Background Thread 3 ] DEBUG Engine               - isFullScreenAllowed: false
14:39:50.109 [FXGL Background Thread 3 ] DEBUG Engine               - isFullScreenFromStart: true
14:39:50.109 [FXGL Background Thread 3 ] DEBUG Engine               - isGameMenuEnabled: true
14:39:50.110 [FXGL Background Thread 3 ] DEBUG Engine               - isIOS: false
14:39:50.110 [FXGL Background Thread 3 ] DEBUG Engine               - isIntroEnabled: false
14:39:50.110 [FXGL Background Thread 3 ] DEBUG Engine               - isLinux: false
14:39:50.110 [FXGL Background Thread 3 ] DEBUG Engine               - isMac: false
14:39:50.110 [FXGL Background Thread 3 ] DEBUG Engine               - isMainMenuEnabled: false
14:39:50.110 [FXGL Background Thread 3 ] DEBUG Engine               - isManualResizeEnabled: false
14:39:50.110 [FXGL Background Thread 3 ] DEBUG Engine               - isMobile: false
14:39:50.111 [FXGL Background Thread 3 ] DEBUG Engine               - isPreserveResizeRatio: false
14:39:50.111 [FXGL Background Thread 3 ] DEBUG Engine               - isProfilingEnabled: false
14:39:50.111 [FXGL Background Thread 3 ] DEBUG Engine               - isScaleAffectedOnResize: true
14:39:50.111 [FXGL Background Thread 3 ] DEBUG Engine               - isSingleStep: false
14:39:50.111 [FXGL Background Thread 3 ] DEBUG Engine               - isUserProfileEnabled: false
14:39:50.111 [FXGL Background Thread 3 ] DEBUG Engine               - isWindows: true
14:39:50.111 [FXGL Background Thread 3 ] DEBUG Engine               - language: ObjectProperty [value: ENGLISH]
14:39:50.111 [FXGL Background Thread 3 ] DEBUG Engine               - menuKey: ESCAPE
14:39:50.111 [FXGL Background Thread 3 ] DEBUG Engine               - notificationViewClass: class com.almasb.fxgl.notification.view.XboxNotificationView
14:39:50.112 [FXGL Background Thread 3 ] DEBUG Engine               - pixelsPerMeter: 50.0
14:39:50.112 [FXGL Background Thread 3 ] DEBUG Engine               - platform: WINDOWS
14:39:50.112 [FXGL Background Thread 3 ] DEBUG Engine               - prefHeightProperty: ReadOnlyDoubleProperty [value: 720.0]
14:39:50.112 [FXGL Background Thread 3 ] DEBUG Engine               - prefWidthProperty: ReadOnlyDoubleProperty [value: 1280.0]
14:39:50.112 [FXGL Background Thread 3 ] DEBUG Engine               - profileDir: profiles/
14:39:50.112 [FXGL Background Thread 3 ] DEBUG Engine               - profileName: StringProperty [value: DEFAULT]
14:39:50.112 [FXGL Background Thread 3 ] DEBUG Engine               - randomSeed: -1
14:39:50.113 [FXGL Background Thread 3 ] DEBUG Engine               - runtimeInfo: RuntimeInfo(platform=WINDOWS, version=11.14, build=01.03.2021 16.59)
14:39:50.113 [FXGL Background Thread 3 ] DEBUG Engine               - saveFileExt: sav
14:39:50.113 [FXGL Background Thread 3 ] DEBUG Engine               - scaledHeightProp$fxgl: DoubleProperty [bound, value: 720.0]
14:39:50.113 [FXGL Background Thread 3 ] DEBUG Engine               - scaledWidthProp$fxgl: DoubleProperty [bound, value: 1280.0]
14:39:50.113 [FXGL Background Thread 3 ] DEBUG Engine               - sceneFactory: com.almasb.fxgl.app.scene.SceneFactory@2e9f0454
14:39:50.113 [FXGL Background Thread 3 ] DEBUG Engine               - secondsIn24h: 60
14:39:50.113 [FXGL Background Thread 3 ] DEBUG Engine               - soundMenuBack: menu/back.wav
14:39:50.113 [FXGL Background Thread 3 ] DEBUG Engine               - soundMenuPress: menu/press.wav
14:39:50.113 [FXGL Background Thread 3 ] DEBUG Engine               - soundMenuSelect: menu/select.wav
14:39:50.114 [FXGL Background Thread 3 ] DEBUG Engine               - soundNotification: core/notification.wav
14:39:50.114 [FXGL Background Thread 3 ] DEBUG Engine               - stageStyle: DECORATED
14:39:50.114 [FXGL Background Thread 3 ] DEBUG Engine               - supportedLanguages: [ENGLISH, FRENCH, GERMAN, HUNGARIAN, RUSSIAN]
14:39:50.114 [FXGL Background Thread 3 ] DEBUG Engine               - ticksPerSecond: -1
14:39:50.114 [FXGL Background Thread 3 ] DEBUG Engine               - title: Wozniak defense
14:39:50.114 [FXGL Background Thread 3 ] DEBUG Engine               - urlGithub: https://github.com/AlmasB/FXGL
14:39:50.114 [FXGL Background Thread 3 ] DEBUG Engine               - urlLeaderboard: http://fxgl-top.herokuapp.com/
14:39:50.114 [FXGL Background Thread 3 ] DEBUG Engine               - urlPOM: https://raw.githubusercontent.com/AlmasB/FXGL/release/README.md
14:39:50.115 [FXGL Background Thread 3 ] DEBUG Engine               - userAppClass: class Game
14:39:50.115 [FXGL Background Thread 3 ] DEBUG Engine               - version: 
14:39:50.115 [FXGL Background Thread 3 ] DEBUG Engine               - versionCheckDays: 7
14:39:50.115 [FXGL Background Thread 3 ] DEBUG Engine               - width: 1280
14:39:50.115 [FXGL Background Thread 3 ] DEBUG Engine               - Logging services
14:39:50.115 [FXGL Background Thread 3 ] DEBUG Engine               - class com.almasb.fxgl.app.services.FXGLAssetLoaderService
14:39:50.115 [FXGL Background Thread 3 ] DEBUG Engine               - class com.almasb.fxgl.app.FXGLApplication$GameApplicationService
14:39:50.115 [FXGL Background Thread 3 ] DEBUG Engine               - class com.almasb.fxgl.app.services.FXGLDialogService
14:39:50.116 [FXGL Background Thread 3 ] DEBUG Engine               - class com.almasb.fxgl.app.services.IOTaskExecutorService
14:39:50.116 [FXGL Background Thread 3 ] DEBUG Engine               - class com.almasb.fxgl.event.EventBusService
14:39:50.116 [FXGL Background Thread 3 ] DEBUG Engine               - class com.almasb.fxgl.io.FileSystemService
14:39:50.116 [FXGL Background Thread 3 ] DEBUG Engine               - class com.almasb.fxgl.localization.LocalizationService
14:39:50.116 [FXGL Background Thread 3 ] DEBUG Engine               - class com.almasb.fxgl.app.services.SystemBundleService
14:39:50.116 [FXGL Background Thread 3 ] DEBUG Engine               - class com.almasb.fxgl.profile.SaveLoadService
14:39:50.116 [FXGL Background Thread 3 ] DEBUG Engine               - class com.almasb.fxgl.ui.FXGLUIFactoryServiceProvider
14:39:50.116 [FXGL Background Thread 3 ] DEBUG Engine               - class com.almasb.fxgl.ui.FXGLDialogFactoryServiceProvider
14:39:50.116 [FXGL Background Thread 3 ] DEBUG Engine               - class com.almasb.fxgl.audio.AudioPlayer
14:39:50.117 [FXGL Background Thread 3 ] DEBUG Engine               - class com.almasb.fxgl.notification.impl.NotificationServiceProvider
14:39:50.117 [FXGL Background Thread 3 ] DEBUG Engine               - class com.almasb.fxgl.achievement.AchievementService
14:39:50.117 [FXGL Background Thread 3 ] DEBUG Engine               - class com.almasb.fxgl.cutscene.CutsceneService
14:39:50.117 [FXGL Background Thread 3 ] DEBUG Engine               - class com.almasb.fxgl.minigames.MiniGameService
14:39:50.117 [FXGL Background Thread 3 ] DEBUG Engine               - class com.almasb.fxgl.net.NetService
14:39:50.117 [FXGL Background Thread 3 ] DEBUG Engine               - class com.almasb.fxgl.app.services.UpdaterService
14:39:50.117 [FXGL Background Thread 3 ] DEBUG Engine               - class com.almasb.fxgl.dev.DevService
14:39:53.147 [JavaFX Application Thread] DEBUG FXGLApplication      - Exiting FXGL
14:39:53.148 [JavaFX Application Thread] DEBUG LoopRunner           - Stopping loop
14:39:53.148 [JavaFX Application Thread] DEBUG SystemBundleService  - Saving FXGL system data
14:39:53.149 [JavaFX Application Thread] DEBUG FileSystemAccess     - Writing to: C:\Users\max16\Documents\GitHub\IPOSE\system\fxgl.bundle
14:39:53.150 [JavaFX Application Thread] DEBUG Async                - Shutting down background threads
14:39:53.151 [JavaFX Application Thread] DEBUG PrimaryStageWindow   - Closing main window
14:39:53.157 [JavaFX Application Thread] DEBUG Logger               - Closing Logger
