14:47:51.823 [main                     ] DEBUG Logger               - Configured Logger
14:47:51.834 [main                     ] DEBUG GameApplication      - Logging settings
Title: Wozniak defense
Version: 
Width: 1280
Height: 720
Fullscreen: false
Intro: false
Profiling: false
Single step:false
App Mode: DEVELOPER
Menu Key: ESCAPE
Stage Style: DECORATED
Scene Factory: class com.almasb.fxgl.app.scene.SceneFactory

14:47:52.111 [JavaFX Application Thread] DEBUG FXGLApplication      - Initializing FXGL
14:47:52.113 [JavaFX Application Thread] INFO  Engine               - FXGL-11.14 (01.03.2021 16.59) on WINDOWS (J:15.0.2 FX:15)
14:47:52.113 [JavaFX Application Thread] DEBUG Engine               - JRE Vendor Name: Amazon.com Inc.
14:47:52.113 [JavaFX Application Thread] DEBUG Engine               - Running on OS: Windows 10 version 10.0
14:47:52.113 [JavaFX Application Thread] DEBUG Engine               - Architecture: amd64
14:47:52.113 [JavaFX Application Thread] INFO  Engine               - Source code and latest versions at: https://github.com/AlmasB/FXGL
14:47:52.114 [JavaFX Application Thread] INFO  Engine               -              Join the FXGL chat at: https://gitter.im/AlmasB/FXGL
14:47:52.203 [JavaFX Application Thread] DEBUG PrimaryStageWindow   - Creating a JavaFX scene
14:47:52.246 [JavaFX Application Thread] DEBUG PrimaryStageWindow   - Target settings size: 1280.0 x 720.0
14:47:52.247 [JavaFX Application Thread] DEBUG PrimaryStageWindow   - Scaled scene size:    1280.0 x 720.0
14:47:52.247 [JavaFX Application Thread] DEBUG PrimaryStageWindow   - Scaled ratio: (1.0, 1.0)
14:47:52.248 [JavaFX Application Thread] DEBUG PrimaryStageWindow   - Set initial scene to FXGLStartupScene
14:47:52.253 [JavaFX Application Thread] DEBUG PrimaryStageWindow   - Opening main window
14:47:52.320 [JavaFX Application Thread] DEBUG PrimaryStageWindow   - Window border size: (14.4000244140625, 37.5999755859375)
14:47:52.321 [JavaFX Application Thread] DEBUG PrimaryStageWindow   - Scaled size: 1280.0 x 720.0
14:47:52.321 [JavaFX Application Thread] DEBUG PrimaryStageWindow   - Scaled ratio: (1.0, 1.0)
14:47:52.321 [JavaFX Application Thread] DEBUG PrimaryStageWindow   - Scene size: 1280.0 x 720.0
14:47:52.321 [JavaFX Application Thread] DEBUG PrimaryStageWindow   - Stage size: 1294.4000244140625 x 757.5999755859375
14:47:52.329 [FXGL Background Thread 1 ] DEBUG Engine               - Initializing environment variables
14:47:52.353 [FXGL Background Thread 1 ] DEBUG FXGLAssetLoaderServi - User app class for loading assets: class Game
14:47:52.353 [FXGL Background Thread 1 ] DEBUG GameApplicationServi - Applying CSS: fxgl_dark.css
14:47:52.354 [FXGL Background Thread 1 ] DEBUG FXGLAssetLoaderServi - Loading from file system: jar:file:/C:/Users/max16/.m2/repository/com/github/almasb/fxgl/11.14/fxgl-11.14.jar!/fxglassets/ui/css/fxgl_dark.css
14:47:52.389 [FXGL Background Thread 1 ] DEBUG GameApplicationServi - Initializing application scenes
14:47:52.413 [FXGL Background Thread 1 ] DEBUG GameWorld            - Game world initialized
14:47:52.457 [FXGL Background Thread 1 ] DEBUG PhysicsWorld         - Physics world initialized: appHeight=720, physics.ppm=50,0
14:47:52.457 [FXGL Background Thread 1 ] DEBUG PhysicsWorld         - Using strategy: BRUTE_FORCE
14:47:52.459 [FXGL Background Thread 1 ] DEBUG GameScene            - Game scene initialized: 1280x720
14:47:52.493 [FXGL Background Thread 1 ] DEBUG FXGLAssetLoaderServi - Loading from file system: jar:file:/C:/Users/max16/.m2/repository/com/github/almasb/fxgl/11.14/fxgl-11.14.jar!/fxglassets/textures/particles/trace_horizontal.png
14:47:52.527 [FXGL Background Thread 1 ] DEBUG FXGL.DefaultMenu     - createMenuBodyGameMenu()
14:47:52.539 [FXGL Background Thread 1 ] DEBUG FXGL.DefaultMenu     - createOptionsMenu()
14:47:52.543 [FXGL Background Thread 1 ] DEBUG FXGLAssetLoaderServi - Loading from file system: jar:file:/C:/Users/max16/.m2/repository/com/github/almasb/fxgl/11.14/fxgl-11.14.jar!/fxglassets/textures/particles/smoke.png
14:47:52.577 [FXGL Background Thread 1 ] DEBUG GameApplicationServi - Application scenes initialized
14:47:52.586 [FXGL Background Thread 1 ] DEBUG SystemBundleService  - Loading FXGL system data
14:47:52.590 [FXGL Background Thread 1 ] DEBUG FileSystemAccess     - Reading from: C:\Users\max16\Documents\GitHub\IPOSE\system\fxgl.bundle
14:47:52.594 [FXGL Background Thread 1 ] DEBUG SystemBundleService  - Bundle FXGL: {}
14:47:52.594 [FXGL Background Thread 1 ] DEBUG UpdaterService       - Checking for updates
14:47:52.597 [FXGL Background Thread 4 ] DEBUG FXGLApplication      - Loading fonts
14:47:52.598 [FXGL Background Thread 1 ] DEBUG FXGLApplication      - Loading default localization
14:47:52.598 [FXGL Background Thread 4 ] DEBUG FXGLAssetLoaderServi - Loading from file system: jar:file:/C:/Users/max16/.m2/repository/com/github/almasb/fxgl/11.14/fxgl-11.14.jar!/fxglassets/ui/fonts/VarelaRound-Regular.ttf
14:47:52.598 [FXGL Background Thread 1 ] DEBUG FXGLAssetLoaderServi - Loading from file system: jar:file:/C:/Users/max16/.m2/repository/com/github/almasb/fxgl/11.14/fxgl-11.14.jar!/fxglassets/languages/english.lang
14:47:52.616 [FXGL Background Thread 1 ] INFO  FXGLApplication      - FXGL initialization took: 0,288 sec
14:47:52.624 [JavaFX Application Thread] DEBUG Input                - Registered new binding: action0 - W
14:47:52.624 [JavaFX Application Thread] DEBUG FXGLAssetLoaderServi - Loading from file system: file:/C:/Users/max16/Documents/GitHub/IPOSE/target/classes/assets/textures/wozniak.png
14:47:52.644 [JavaFX Application Thread] DEBUG FXGLAssetLoaderServi - Loading from file system: jar:file:/C:/Users/max16/.m2/repository/com/github/almasb/fxgl/11.14/fxgl-11.14.jar!/fxglassets/ui/cursors/fxgl_default.png
14:47:52.647 [JavaFX Application Thread] DEBUG Input                - Registered new binding: Screenshot - P
14:47:52.647 [JavaFX Application Thread] DEBUG Input                - Registered new binding: System info dump - CTRL+9
14:47:52.648 [JavaFX Application Thread] DEBUG Input                - Registered new binding: Restart - CTRL+R
14:47:52.649 [JavaFX Application Thread] DEBUG Input                - Registered new binding: Toggle Debug Camera - CTRL+C
14:47:52.651 [JavaFX Application Thread] DEBUG LoopRunner           - Starting loop
14:47:52.651 [JavaFX Application Thread] DEBUG LoopRunner           - Initializing JavaFX AnimationTimerLoop
14:47:52.653 [JavaFX Application Thread] DEBUG GameApplicationServi - Starting new game
14:47:52.654 [JavaFX Application Thread] DEBUG Input                - Clearing active input actions
14:47:52.660 [FXGL Background Thread 4 ] DEBUG FXGLAssetLoaderServi - Loading from file system: jar:file:/C:/Users/max16/.m2/repository/com/github/almasb/fxgl/11.14/fxgl-11.14.jar!/fxglassets/ui/fonts/Abel-Regular.ttf
14:47:52.663 [JavaFX Application Thread] DEBUG GameApplicationServi - Removing overlay from FXGLStartupScene and adding to FXGLLoadingScene
14:47:52.664 [JavaFX Application Thread] DEBUG PrimaryStageWindow   - FXGLStartupScene -> FXGLLoadingScene
14:47:52.664 [JavaFX Application Thread] DEBUG GameApplicationServi - Clearing previous game
14:47:52.664 [JavaFX Application Thread] DEBUG GameScene            - Clearing game scene
14:47:52.664 [JavaFX Application Thread] DEBUG GameWorld            - Clearing game world
14:47:52.665 [JavaFX Application Thread] DEBUG PhysicsWorld         - Clearing physics world
14:47:52.666 [FXGL Background Thread 1 ] DEBUG FXGLApplication      - Initializing game
14:47:52.668 [FXGL Background Thread 1 ] DEBUG FXGLAssetLoaderServi - Loading from file system: file:/C:/Users/max16/Documents/GitHub/IPOSE/target/classes/assets/textures/gras.png
14:47:52.671 [FXGL Background Thread 4 ] DEBUG FXGLAssetLoaderServi - Loading from file system: jar:file:/C:/Users/max16/.m2/repository/com/github/almasb/fxgl/11.14/fxgl-11.14.jar!/fxglassets/ui/fonts/lucida_console.ttf
14:47:52.679 [FXGL Background Thread 1 ] DEBUG FXGLAssetLoaderServi - Loading from file system: file:/C:/Users/max16/Documents/GitHub/IPOSE/target/classes/assets/textures/stone.jpg
14:47:52.684 [FXGL Background Thread 4 ] DEBUG FXGLAssetLoaderServi - Loading from file system: jar:file:/C:/Users/max16/.m2/repository/com/github/almasb/fxgl/11.14/fxgl-11.14.jar!/fxglassets/ui/fonts/Courier-Prime.ttf
14:47:52.698 [JavaFX Application Thread] DEBUG FXGLApplication      - Registering font factories with UI factory
14:47:52.708 [FXGL Background Thread 1 ] DEBUG FXGLAssetLoaderServi - Loading from file system: file:/C:/Users/max16/Documents/GitHub/IPOSE/target/classes/assets/textures/heiko.png
14:47:52.717 [FXGL Background Thread 1 ] DEBUG FXGLAssetLoaderServi - Loading from file system: file:/C:/Users/max16/Documents/GitHub/IPOSE/target/classes/assets/textures/mud.png
14:47:52.736 [FXGL Background Thread 1 ] INFO  FXGLApplication      - Game initialization took: 0,069 sec
14:47:52.768 [JavaFX Application Thread] DEBUG Input                - Clearing active input actions
14:47:52.786 [JavaFX Application Thread] DEBUG GameApplicationServi - Removing overlay from FXGLLoadingScene and adding to GameScene
14:47:52.787 [JavaFX Application Thread] DEBUG PrimaryStageWindow   - FXGLLoadingScene -> GameScene
14:47:52.936 [FXGL Background Thread 2 ] INFO  UpdaterService       - Your current version:  11.14
14:47:52.936 [FXGL Background Thread 2 ] INFO  UpdaterService       - Latest stable version: 17.1
14:47:55.599 [FXGL Background Thread 3 ] DEBUG Engine               - Logging environment variables
14:47:55.600 [FXGL Background Thread 3 ] DEBUG Engine               - achievements: []
14:47:55.601 [FXGL Background Thread 3 ] DEBUG Engine               - actualHeight: 720.0
14:47:55.602 [FXGL Background Thread 3 ] DEBUG Engine               - actualHeightProperty: ReadOnlyDoubleProperty [value: 720.0]
14:47:55.603 [FXGL Background Thread 3 ] DEBUG Engine               - actualWidth: 1280.0
14:47:55.603 [FXGL Background Thread 3 ] DEBUG Engine               - actualWidthProperty: ReadOnlyDoubleProperty [value: 1280.0]
14:47:55.603 [FXGL Background Thread 3 ] DEBUG Engine               - appIcon: wozniak.png
14:47:55.603 [FXGL Background Thread 3 ] DEBUG Engine               - applicationMode: DEVELOPER
14:47:55.603 [FXGL Background Thread 3 ] DEBUG Engine               - cSSList: [fxgl_dark.css]
14:47:55.604 [FXGL Background Thread 3 ] DEBUG Engine               - collisionDetectionStrategy: BRUTE_FORCE
14:47:55.604 [FXGL Background Thread 3 ] DEBUG Engine               - configClass: Optional.empty
14:47:55.604 [FXGL Background Thread 3 ] DEBUG Engine               - credits: []
14:47:55.604 [FXGL Background Thread 3 ] DEBUG Engine               - devBBoxColorProperty: ObjectProperty [value: 0xff0000ff]
14:47:55.605 [FXGL Background Thread 3 ] DEBUG Engine               - devEnableDebugCameraProperty: BooleanProperty [value: false]
14:47:55.605 [FXGL Background Thread 3 ] DEBUG Engine               - devSensorColorProperty: ObjectProperty [value: 0xffff00ff]
14:47:55.605 [FXGL Background Thread 3 ] DEBUG Engine               - devShowBBoxProperty: BooleanProperty [value: false]
14:47:55.605 [FXGL Background Thread 3 ] DEBUG Engine               - devShowPositionProperty: BooleanProperty [value: false]
14:47:55.605 [FXGL Background Thread 3 ] DEBUG Engine               - enabledMenuItems: []
14:47:55.605 [FXGL Background Thread 3 ] DEBUG Engine               - engineServices: [class com.almasb.fxgl.app.services.FXGLAssetLoaderService, class com.almasb.fxgl.app.FXGLApplication$GameApplicationService, class com.almasb.fxgl.app.services.FXGLDialogService, class com.almasb.fxgl.app.services.IOTaskExecutorService, class com.almasb.fxgl.event.EventBusService, class com.almasb.fxgl.io.FileSystemService, class com.almasb.fxgl.localization.LocalizationService, class com.almasb.fxgl.app.services.SystemBundleService, class com.almasb.fxgl.profile.SaveLoadService, class com.almasb.fxgl.ui.FXGLUIFactoryServiceProvider, class com.almasb.fxgl.ui.FXGLDialogFactoryServiceProvider, class com.almasb.fxgl.audio.AudioPlayer, class com.almasb.fxgl.notification.impl.NotificationServiceProvider, class com.almasb.fxgl.achievement.AchievementService, class com.almasb.fxgl.cutscene.CutsceneService, class com.almasb.fxgl.minigames.MiniGameService, class com.almasb.fxgl.net.NetService, class com.almasb.fxgl.app.services.UpdaterService, class com.almasb.fxgl.dev.DevService]
14:47:55.605 [FXGL Background Thread 3 ] DEBUG Engine               - fontGame: Abel-Regular.ttf
14:47:55.606 [FXGL Background Thread 3 ] DEBUG Engine               - fontMono: lucida_console.ttf
14:47:55.606 [FXGL Background Thread 3 ] DEBUG Engine               - fontText: Courier-Prime.ttf
14:47:55.606 [FXGL Background Thread 3 ] DEBUG Engine               - fontUI: VarelaRound-Regular.ttf
14:47:55.606 [FXGL Background Thread 3 ] DEBUG Engine               - fullScreen: BooleanProperty [value: true]
14:47:55.606 [FXGL Background Thread 3 ] DEBUG Engine               - gameDifficulty: MEDIUM
14:47:55.606 [FXGL Background Thread 3 ] DEBUG Engine               - gameDifficultyProperty: ObjectProperty [value: MEDIUM]
14:47:55.607 [FXGL Background Thread 3 ] DEBUG Engine               - globalMusicVolume: 0.5
14:47:55.607 [FXGL Background Thread 3 ] DEBUG Engine               - globalMusicVolumeProperty: DoubleProperty [value: 0.5]
14:47:55.607 [FXGL Background Thread 3 ] DEBUG Engine               - globalSoundVolume: 0.5
14:47:55.607 [FXGL Background Thread 3 ] DEBUG Engine               - globalSoundVolumeProperty: DoubleProperty [value: 0.5]
14:47:55.607 [FXGL Background Thread 3 ] DEBUG Engine               - height: 720
14:47:55.607 [FXGL Background Thread 3 ] DEBUG Engine               - isAndroid: false
14:47:55.607 [FXGL Background Thread 3 ] DEBUG Engine               - isBrowser: false
14:47:55.608 [FXGL Background Thread 3 ] DEBUG Engine               - isClickFeedbackEnabled: false
14:47:55.608 [FXGL Background Thread 3 ] DEBUG Engine               - isCloseConfirmation: false
14:47:55.608 [FXGL Background Thread 3 ] DEBUG Engine               - isDesktop: true
14:47:55.608 [FXGL Background Thread 3 ] DEBUG Engine               - isDeveloperMenuEnabled: false
14:47:55.608 [FXGL Background Thread 3 ] DEBUG Engine               - isEntityPreloadEnabled: true
14:47:55.608 [FXGL Background Thread 3 ] DEBUG Engine               - isExperimental3D: false
14:47:55.608 [FXGL Background Thread 3 ] DEBUG Engine               - isExperimentalNative: false
14:47:55.609 [FXGL Background Thread 3 ] DEBUG Engine               - isExperimentalTiledLargeMap: false
14:47:55.610 [FXGL Background Thread 3 ] DEBUG Engine               - isFileSystemWriteAllowed: true
14:47:55.610 [FXGL Background Thread 3 ] DEBUG Engine               - isFullScreenAllowed: false
14:47:55.610 [FXGL Background Thread 3 ] DEBUG Engine               - isFullScreenFromStart: true
14:47:55.610 [FXGL Background Thread 3 ] DEBUG Engine               - isGameMenuEnabled: true
14:47:55.610 [FXGL Background Thread 3 ] DEBUG Engine               - isIOS: false
14:47:55.610 [FXGL Background Thread 3 ] DEBUG Engine               - isIntroEnabled: false
14:47:55.610 [FXGL Background Thread 3 ] DEBUG Engine               - isLinux: false
14:47:55.611 [FXGL Background Thread 3 ] DEBUG Engine               - isMac: false
14:47:55.611 [FXGL Background Thread 3 ] DEBUG Engine               - isMainMenuEnabled: false
14:47:55.611 [FXGL Background Thread 3 ] DEBUG Engine               - isManualResizeEnabled: false
14:47:55.611 [FXGL Background Thread 3 ] DEBUG Engine               - isMobile: false
14:47:55.611 [FXGL Background Thread 3 ] DEBUG Engine               - isPreserveResizeRatio: false
14:47:55.611 [FXGL Background Thread 3 ] DEBUG Engine               - isProfilingEnabled: false
14:47:55.611 [FXGL Background Thread 3 ] DEBUG Engine               - isScaleAffectedOnResize: true
14:47:55.611 [FXGL Background Thread 3 ] DEBUG Engine               - isSingleStep: false
14:47:55.611 [FXGL Background Thread 3 ] DEBUG Engine               - isUserProfileEnabled: false
14:47:55.612 [FXGL Background Thread 3 ] DEBUG Engine               - isWindows: true
14:47:55.612 [FXGL Background Thread 3 ] DEBUG Engine               - language: ObjectProperty [value: ENGLISH]
14:47:55.612 [FXGL Background Thread 3 ] DEBUG Engine               - menuKey: ESCAPE
14:47:55.612 [FXGL Background Thread 3 ] DEBUG Engine               - notificationViewClass: class com.almasb.fxgl.notification.view.XboxNotificationView
14:47:55.612 [FXGL Background Thread 3 ] DEBUG Engine               - pixelsPerMeter: 50.0
14:47:55.612 [FXGL Background Thread 3 ] DEBUG Engine               - platform: WINDOWS
14:47:55.612 [FXGL Background Thread 3 ] DEBUG Engine               - prefHeightProperty: ReadOnlyDoubleProperty [value: 720.0]
14:47:55.613 [FXGL Background Thread 3 ] DEBUG Engine               - prefWidthProperty: ReadOnlyDoubleProperty [value: 1280.0]
14:47:55.613 [FXGL Background Thread 3 ] DEBUG Engine               - profileDir: profiles/
14:47:55.613 [FXGL Background Thread 3 ] DEBUG Engine               - profileName: StringProperty [value: DEFAULT]
14:47:55.613 [FXGL Background Thread 3 ] DEBUG Engine               - randomSeed: -1
14:47:55.613 [FXGL Background Thread 3 ] DEBUG Engine               - runtimeInfo: RuntimeInfo(platform=WINDOWS, version=11.14, build=01.03.2021 16.59)
14:47:55.613 [FXGL Background Thread 3 ] DEBUG Engine               - saveFileExt: sav
14:47:55.614 [FXGL Background Thread 3 ] DEBUG Engine               - scaledHeightProp$fxgl: DoubleProperty [bound, value: 720.0]
14:47:55.614 [FXGL Background Thread 3 ] DEBUG Engine               - scaledWidthProp$fxgl: DoubleProperty [bound, value: 1280.0]
14:47:55.614 [FXGL Background Thread 3 ] DEBUG Engine               - sceneFactory: com.almasb.fxgl.app.scene.SceneFactory@5b59930d
14:47:55.614 [FXGL Background Thread 3 ] DEBUG Engine               - secondsIn24h: 60
14:47:55.614 [FXGL Background Thread 3 ] DEBUG Engine               - soundMenuBack: menu/back.wav
14:47:55.614 [FXGL Background Thread 3 ] DEBUG Engine               - soundMenuPress: menu/press.wav
14:47:55.615 [FXGL Background Thread 3 ] DEBUG Engine               - soundMenuSelect: menu/select.wav
14:47:55.615 [FXGL Background Thread 3 ] DEBUG Engine               - soundNotification: core/notification.wav
14:47:55.615 [FXGL Background Thread 3 ] DEBUG Engine               - stageStyle: DECORATED
14:47:55.615 [FXGL Background Thread 3 ] DEBUG Engine               - supportedLanguages: [ENGLISH, FRENCH, GERMAN, HUNGARIAN, RUSSIAN]
14:47:55.615 [FXGL Background Thread 3 ] DEBUG Engine               - ticksPerSecond: -1
14:47:55.615 [FXGL Background Thread 3 ] DEBUG Engine               - title: Wozniak defense
14:47:55.615 [FXGL Background Thread 3 ] DEBUG Engine               - urlGithub: https://github.com/AlmasB/FXGL
14:47:55.615 [FXGL Background Thread 3 ] DEBUG Engine               - urlLeaderboard: http://fxgl-top.herokuapp.com/
14:47:55.615 [FXGL Background Thread 3 ] DEBUG Engine               - urlPOM: https://raw.githubusercontent.com/AlmasB/FXGL/release/README.md
14:47:55.616 [FXGL Background Thread 3 ] DEBUG Engine               - userAppClass: class Game
14:47:55.616 [FXGL Background Thread 3 ] DEBUG Engine               - version: 
14:47:55.616 [FXGL Background Thread 3 ] DEBUG Engine               - versionCheckDays: 7
14:47:55.616 [FXGL Background Thread 3 ] DEBUG Engine               - width: 1280
14:47:55.616 [FXGL Background Thread 3 ] DEBUG Engine               - Logging services
14:47:55.616 [FXGL Background Thread 3 ] DEBUG Engine               - class com.almasb.fxgl.app.services.FXGLAssetLoaderService
14:47:55.616 [FXGL Background Thread 3 ] DEBUG Engine               - class com.almasb.fxgl.app.FXGLApplication$GameApplicationService
14:47:55.617 [FXGL Background Thread 3 ] DEBUG Engine               - class com.almasb.fxgl.app.services.FXGLDialogService
14:47:55.617 [FXGL Background Thread 3 ] DEBUG Engine               - class com.almasb.fxgl.app.services.IOTaskExecutorService
14:47:55.617 [FXGL Background Thread 3 ] DEBUG Engine               - class com.almasb.fxgl.event.EventBusService
14:47:55.617 [FXGL Background Thread 3 ] DEBUG Engine               - class com.almasb.fxgl.io.FileSystemService
14:47:55.617 [FXGL Background Thread 3 ] DEBUG Engine               - class com.almasb.fxgl.localization.LocalizationService
14:47:55.617 [FXGL Background Thread 3 ] DEBUG Engine               - class com.almasb.fxgl.app.services.SystemBundleService
14:47:55.617 [FXGL Background Thread 3 ] DEBUG Engine               - class com.almasb.fxgl.profile.SaveLoadService
14:47:55.617 [FXGL Background Thread 3 ] DEBUG Engine               - class com.almasb.fxgl.ui.FXGLUIFactoryServiceProvider
14:47:55.618 [FXGL Background Thread 3 ] DEBUG Engine               - class com.almasb.fxgl.ui.FXGLDialogFactoryServiceProvider
14:47:55.618 [FXGL Background Thread 3 ] DEBUG Engine               - class com.almasb.fxgl.audio.AudioPlayer
14:47:55.618 [FXGL Background Thread 3 ] DEBUG Engine               - class com.almasb.fxgl.notification.impl.NotificationServiceProvider
14:47:55.618 [FXGL Background Thread 3 ] DEBUG Engine               - class com.almasb.fxgl.achievement.AchievementService
14:47:55.618 [FXGL Background Thread 3 ] DEBUG Engine               - class com.almasb.fxgl.cutscene.CutsceneService
14:47:55.618 [FXGL Background Thread 3 ] DEBUG Engine               - class com.almasb.fxgl.minigames.MiniGameService
14:47:55.618 [FXGL Background Thread 3 ] DEBUG Engine               - class com.almasb.fxgl.net.NetService
14:47:55.618 [FXGL Background Thread 3 ] DEBUG Engine               - class com.almasb.fxgl.app.services.UpdaterService
14:47:55.618 [FXGL Background Thread 3 ] DEBUG Engine               - class com.almasb.fxgl.dev.DevService
14:47:58.028 [JavaFX Application Thread] DEBUG FXGLApplication      - Exiting FXGL
14:47:58.028 [JavaFX Application Thread] DEBUG LoopRunner           - Stopping loop
14:47:58.028 [JavaFX Application Thread] DEBUG SystemBundleService  - Saving FXGL system data
14:47:58.030 [JavaFX Application Thread] DEBUG FileSystemAccess     - Writing to: C:\Users\max16\Documents\GitHub\IPOSE\system\fxgl.bundle
14:47:58.031 [JavaFX Application Thread] DEBUG Async                - Shutting down background threads
14:47:58.031 [JavaFX Application Thread] DEBUG PrimaryStageWindow   - Closing main window
14:47:58.037 [JavaFX Application Thread] DEBUG Logger               - Closing Logger
