12:44:06.824 [main                     ] DEBUG Logger               - Configured Logger
12:44:06.842 [main                     ] DEBUG GameApplication      - Logging settings
Title: Wozniak defense
Version: 
Width: 1280
Height: 720
Fullscreen: false
Intro: false
Profiling: false
Single step:false
App Mode: DEVELOPER
Menu Key: ESCAPE
Stage Style: DECORATED
Scene Factory: class com.almasb.fxgl.app.scene.SceneFactory

12:44:07.345 [JavaFX Application Thread] DEBUG FXGLApplication      - Initializing FXGL
12:44:07.348 [JavaFX Application Thread] INFO  Engine               - FXGL-11.14 (01.03.2021 16.59) on WINDOWS (J:15.0.2 FX:15)
12:44:07.349 [JavaFX Application Thread] DEBUG Engine               - JRE Vendor Name: Amazon.com Inc.
12:44:07.349 [JavaFX Application Thread] DEBUG Engine               - Running on OS: Windows 10 version 10.0
12:44:07.350 [JavaFX Application Thread] DEBUG Engine               - Architecture: amd64
12:44:07.350 [JavaFX Application Thread] INFO  Engine               - Source code and latest versions at: https://github.com/AlmasB/FXGL
12:44:07.350 [JavaFX Application Thread] INFO  Engine               -              Join the FXGL chat at: https://gitter.im/AlmasB/FXGL
12:44:07.501 [JavaFX Application Thread] DEBUG PrimaryStageWindow   - Creating a JavaFX scene
12:44:07.586 [JavaFX Application Thread] DEBUG PrimaryStageWindow   - Target settings size: 1280.0 x 720.0
12:44:07.586 [JavaFX Application Thread] DEBUG PrimaryStageWindow   - Scaled scene size:    1280.0 x 720.0
12:44:07.586 [JavaFX Application Thread] DEBUG PrimaryStageWindow   - Scaled ratio: (1.0, 1.0)
12:44:07.588 [JavaFX Application Thread] DEBUG PrimaryStageWindow   - Set initial scene to FXGLStartupScene
12:44:07.597 [JavaFX Application Thread] DEBUG PrimaryStageWindow   - Opening main window
12:44:07.717 [JavaFX Application Thread] DEBUG PrimaryStageWindow   - Window border size: (16.0, 39.0)
12:44:07.718 [JavaFX Application Thread] DEBUG PrimaryStageWindow   - Scaled size: 1280.0 x 720.0
12:44:07.718 [JavaFX Application Thread] DEBUG PrimaryStageWindow   - Scaled ratio: (1.0, 1.0)
12:44:07.719 [JavaFX Application Thread] DEBUG PrimaryStageWindow   - Scene size: 1280.0 x 720.0
12:44:07.719 [JavaFX Application Thread] DEBUG PrimaryStageWindow   - Stage size: 1296.0 x 759.0
12:44:07.740 [FXGL Background Thread 1 ] DEBUG Engine               - Initializing environment variables
12:44:07.801 [FXGL Background Thread 1 ] DEBUG FXGLAssetLoaderServi - User app class for loading assets: class Game
12:44:07.801 [FXGL Background Thread 1 ] DEBUG GameApplicationServi - Applying CSS: fxgl_dark.css
12:44:07.803 [FXGL Background Thread 1 ] DEBUG FXGLAssetLoaderServi - Loading from file system: jar:file:/C:/Users/zthijs/.m2/repository/com/github/almasb/fxgl/11.14/fxgl-11.14.jar!/fxglassets/ui/css/fxgl_dark.css
12:44:07.870 [FXGL Background Thread 1 ] DEBUG GameApplicationServi - Initializing application scenes
12:44:07.934 [FXGL Background Thread 1 ] DEBUG GameWorld            - Game world initialized
12:44:08.049 [FXGL Background Thread 1 ] DEBUG PhysicsWorld         - Physics world initialized: appHeight=720, physics.ppm=50,0
12:44:08.050 [FXGL Background Thread 1 ] DEBUG PhysicsWorld         - Using strategy: BRUTE_FORCE
12:44:08.055 [FXGL Background Thread 1 ] DEBUG GameScene            - Game scene initialized: 1280x720
12:44:08.131 [FXGL Background Thread 1 ] DEBUG FXGLAssetLoaderServi - Loading from file system: jar:file:/C:/Users/zthijs/.m2/repository/com/github/almasb/fxgl/11.14/fxgl-11.14.jar!/fxglassets/textures/particles/trace_horizontal.png
12:44:08.221 [FXGL Background Thread 1 ] DEBUG FXGL.DefaultMenu     - createMenuBodyGameMenu()
12:44:08.248 [FXGL Background Thread 1 ] DEBUG FXGL.DefaultMenu     - createOptionsMenu()
12:44:08.259 [FXGL Background Thread 1 ] DEBUG FXGLAssetLoaderServi - Loading from file system: jar:file:/C:/Users/zthijs/.m2/repository/com/github/almasb/fxgl/11.14/fxgl-11.14.jar!/fxglassets/textures/particles/smoke.png
12:44:08.360 [FXGL Background Thread 1 ] DEBUG GameApplicationServi - Application scenes initialized
12:44:08.379 [FXGL Background Thread 1 ] DEBUG SystemBundleService  - Loading FXGL system data
12:44:08.383 [FXGL Background Thread 1 ] DEBUG FileSystemAccess     - Reading from: C:\Users\zthijs\Desktop\IPOSE\system\fxgl.bundle
12:44:08.389 [FXGL Background Thread 1 ] DEBUG SystemBundleService  - Bundle FXGL: {}
12:44:08.390 [FXGL Background Thread 1 ] DEBUG UpdaterService       - Checking for updates
12:44:08.395 [FXGL Background Thread 4 ] DEBUG FXGLApplication      - Loading fonts
12:44:08.396 [FXGL Background Thread 1 ] DEBUG FXGLApplication      - Loading default localization
12:44:08.396 [FXGL Background Thread 4 ] DEBUG FXGLAssetLoaderServi - Loading from file system: jar:file:/C:/Users/zthijs/.m2/repository/com/github/almasb/fxgl/11.14/fxgl-11.14.jar!/fxglassets/ui/fonts/VarelaRound-Regular.ttf
12:44:08.397 [FXGL Background Thread 1 ] DEBUG FXGLAssetLoaderServi - Loading from file system: jar:file:/C:/Users/zthijs/.m2/repository/com/github/almasb/fxgl/11.14/fxgl-11.14.jar!/fxglassets/languages/english.lang
12:44:08.419 [FXGL Background Thread 1 ] INFO  FXGLApplication      - FXGL initialization took: 0,678 sec
12:44:08.421 [JavaFX Application Thread] DEBUG FXGLAssetLoaderServi - Loading from file system: file:/C:/Users/zthijs/Desktop/IPOSE/target/classes/assets/textures/wozniak.png
12:44:08.445 [JavaFX Application Thread] DEBUG FXGLAssetLoaderServi - Loading from file system: jar:file:/C:/Users/zthijs/.m2/repository/com/github/almasb/fxgl/11.14/fxgl-11.14.jar!/fxglassets/ui/cursors/fxgl_default.png
12:44:08.464 [JavaFX Application Thread] DEBUG Input                - Registered new binding: Screenshot - P
12:44:08.465 [JavaFX Application Thread] DEBUG Input                - Registered new binding: System info dump - CTRL+9
12:44:08.466 [JavaFX Application Thread] DEBUG Input                - Registered new binding: Restart - CTRL+R
12:44:08.467 [JavaFX Application Thread] DEBUG Input                - Registered new binding: Toggle Debug Camera - CTRL+C
12:44:08.472 [JavaFX Application Thread] DEBUG LoopRunner           - Starting loop
12:44:08.472 [JavaFX Application Thread] DEBUG LoopRunner           - Initializing JavaFX AnimationTimerLoop
12:44:08.476 [JavaFX Application Thread] DEBUG GameApplicationServi - Starting new game
12:44:08.477 [JavaFX Application Thread] DEBUG Input                - Clearing active input actions
12:44:08.491 [JavaFX Application Thread] DEBUG GameApplicationServi - Removing overlay from FXGLStartupScene and adding to FXGLLoadingScene
12:44:08.492 [JavaFX Application Thread] DEBUG PrimaryStageWindow   - FXGLStartupScene -> FXGLLoadingScene
12:44:08.493 [JavaFX Application Thread] DEBUG GameApplicationServi - Clearing previous game
12:44:08.493 [JavaFX Application Thread] DEBUG GameScene            - Clearing game scene
12:44:08.493 [JavaFX Application Thread] DEBUG GameWorld            - Clearing game world
12:44:08.494 [JavaFX Application Thread] DEBUG PhysicsWorld         - Clearing physics world
12:44:08.496 [FXGL Background Thread 1 ] DEBUG FXGLApplication      - Initializing game
12:44:08.500 [FXGL Background Thread 1 ] DEBUG FXGLAssetLoaderServi - Loading from file system: file:/C:/Users/zthijs/Desktop/IPOSE/target/classes/assets/textures/gras.png
12:44:08.520 [FXGL Background Thread 1 ] DEBUG FXGLAssetLoaderServi - Loading from file system: file:/C:/Users/zthijs/Desktop/IPOSE/target/classes/assets/textures/stone.jpg
12:44:08.525 [FXGL Background Thread 4 ] DEBUG FXGLAssetLoaderServi - Loading from file system: jar:file:/C:/Users/zthijs/.m2/repository/com/github/almasb/fxgl/11.14/fxgl-11.14.jar!/fxglassets/ui/fonts/Abel-Regular.ttf
12:44:08.543 [FXGL Background Thread 4 ] DEBUG FXGLAssetLoaderServi - Loading from file system: jar:file:/C:/Users/zthijs/.m2/repository/com/github/almasb/fxgl/11.14/fxgl-11.14.jar!/fxglassets/ui/fonts/lucida_console.ttf
12:44:08.551 [FXGL Background Thread 1 ] DEBUG FXGLAssetLoaderServi - Loading from file system: file:/C:/Users/zthijs/Desktop/IPOSE/target/classes/assets/textures/platform.png
12:44:08.563 [FXGL Background Thread 1 ] DEBUG FXGLAssetLoaderServi - Loading from file system: file:/C:/Users/zthijs/Desktop/IPOSE/target/classes/assets/textures/heiko.png
12:44:08.563 [FXGL Background Thread 4 ] DEBUG FXGLAssetLoaderServi - Loading from file system: jar:file:/C:/Users/zthijs/.m2/repository/com/github/almasb/fxgl/11.14/fxgl-11.14.jar!/fxglassets/ui/fonts/Courier-Prime.ttf
12:44:08.591 [FXGL Background Thread 1 ] DEBUG FXGLAssetLoaderServi - Loading from file system: file:/C:/Users/zthijs/Desktop/IPOSE/target/classes/assets/textures/mud.png
12:44:08.622 [FXGL Background Thread 1 ] INFO  FXGLApplication      - Game initialization took: 0,125 sec
12:44:08.751 [JavaFX Application Thread] DEBUG FXGLApplication      - Registering font factories with UI factory
12:44:08.759 [JavaFX Application Thread] DEBUG Input                - Clearing active input actions
12:44:08.786 [JavaFX Application Thread] DEBUG GameApplicationServi - Removing overlay from FXGLLoadingScene and adding to GameScene
12:44:08.786 [JavaFX Application Thread] DEBUG PrimaryStageWindow   - FXGLLoadingScene -> GameScene
12:44:09.032 [FXGL Background Thread 2 ] INFO  UpdaterService       - Your current version:  11.14
12:44:09.033 [FXGL Background Thread 2 ] INFO  UpdaterService       - Latest stable version: 17.1
12:44:11.394 [FXGL Background Thread 3 ] DEBUG Engine               - Logging environment variables
12:44:11.396 [FXGL Background Thread 3 ] DEBUG Engine               - achievements: []
12:44:11.396 [FXGL Background Thread 3 ] DEBUG Engine               - actualHeight: 720.0
12:44:11.397 [FXGL Background Thread 3 ] DEBUG Engine               - actualHeightProperty: ReadOnlyDoubleProperty [value: 720.0]
12:44:11.397 [FXGL Background Thread 3 ] DEBUG Engine               - actualWidth: 1280.0
12:44:11.398 [FXGL Background Thread 3 ] DEBUG Engine               - actualWidthProperty: ReadOnlyDoubleProperty [value: 1280.0]
12:44:11.398 [FXGL Background Thread 3 ] DEBUG Engine               - appIcon: wozniak.png
12:44:11.398 [FXGL Background Thread 3 ] DEBUG Engine               - applicationMode: DEVELOPER
12:44:11.399 [FXGL Background Thread 3 ] DEBUG Engine               - cSSList: [fxgl_dark.css]
12:44:11.399 [FXGL Background Thread 3 ] DEBUG Engine               - collisionDetectionStrategy: BRUTE_FORCE
12:44:11.399 [FXGL Background Thread 3 ] DEBUG Engine               - configClass: Optional.empty
12:44:11.400 [FXGL Background Thread 3 ] DEBUG Engine               - credits: []
12:44:11.401 [FXGL Background Thread 3 ] DEBUG Engine               - devBBoxColorProperty: ObjectProperty [value: 0xff0000ff]
12:44:11.401 [FXGL Background Thread 3 ] DEBUG Engine               - devEnableDebugCameraProperty: BooleanProperty [value: false]
12:44:11.402 [FXGL Background Thread 3 ] DEBUG Engine               - devSensorColorProperty: ObjectProperty [value: 0xffff00ff]
12:44:11.403 [FXGL Background Thread 3 ] DEBUG Engine               - devShowBBoxProperty: BooleanProperty [value: false]
12:44:11.403 [FXGL Background Thread 3 ] DEBUG Engine               - devShowPositionProperty: BooleanProperty [value: false]
12:44:11.403 [FXGL Background Thread 3 ] DEBUG Engine               - enabledMenuItems: []
12:44:11.404 [FXGL Background Thread 3 ] DEBUG Engine               - engineServices: [class com.almasb.fxgl.app.services.FXGLAssetLoaderService, class com.almasb.fxgl.app.FXGLApplication$GameApplicationService, class com.almasb.fxgl.app.services.FXGLDialogService, class com.almasb.fxgl.app.services.IOTaskExecutorService, class com.almasb.fxgl.event.EventBusService, class com.almasb.fxgl.io.FileSystemService, class com.almasb.fxgl.localization.LocalizationService, class com.almasb.fxgl.app.services.SystemBundleService, class com.almasb.fxgl.profile.SaveLoadService, class com.almasb.fxgl.ui.FXGLUIFactoryServiceProvider, class com.almasb.fxgl.ui.FXGLDialogFactoryServiceProvider, class com.almasb.fxgl.audio.AudioPlayer, class com.almasb.fxgl.notification.impl.NotificationServiceProvider, class com.almasb.fxgl.achievement.AchievementService, class com.almasb.fxgl.cutscene.CutsceneService, class com.almasb.fxgl.minigames.MiniGameService, class com.almasb.fxgl.net.NetService, class com.almasb.fxgl.app.services.UpdaterService, class com.almasb.fxgl.dev.DevService]
12:44:11.404 [FXGL Background Thread 3 ] DEBUG Engine               - fontGame: Abel-Regular.ttf
12:44:11.405 [FXGL Background Thread 3 ] DEBUG Engine               - fontMono: lucida_console.ttf
12:44:11.405 [FXGL Background Thread 3 ] DEBUG Engine               - fontText: Courier-Prime.ttf
12:44:11.405 [FXGL Background Thread 3 ] DEBUG Engine               - fontUI: VarelaRound-Regular.ttf
12:44:11.406 [FXGL Background Thread 3 ] DEBUG Engine               - fullScreen: BooleanProperty [value: true]
12:44:11.406 [FXGL Background Thread 3 ] DEBUG Engine               - gameDifficulty: MEDIUM
12:44:11.406 [FXGL Background Thread 3 ] DEBUG Engine               - gameDifficultyProperty: ObjectProperty [value: MEDIUM]
12:44:11.407 [FXGL Background Thread 3 ] DEBUG Engine               - globalMusicVolume: 0.5
12:44:11.407 [FXGL Background Thread 3 ] DEBUG Engine               - globalMusicVolumeProperty: DoubleProperty [value: 0.5]
12:44:11.409 [FXGL Background Thread 3 ] DEBUG Engine               - globalSoundVolume: 0.5
12:44:11.409 [FXGL Background Thread 3 ] DEBUG Engine               - globalSoundVolumeProperty: DoubleProperty [value: 0.5]
12:44:11.410 [FXGL Background Thread 3 ] DEBUG Engine               - height: 720
12:44:11.410 [FXGL Background Thread 3 ] DEBUG Engine               - isAndroid: false
12:44:11.411 [FXGL Background Thread 3 ] DEBUG Engine               - isBrowser: false
12:44:11.411 [FXGL Background Thread 3 ] DEBUG Engine               - isClickFeedbackEnabled: false
12:44:11.412 [FXGL Background Thread 3 ] DEBUG Engine               - isCloseConfirmation: false
12:44:11.412 [FXGL Background Thread 3 ] DEBUG Engine               - isDesktop: true
12:44:11.413 [FXGL Background Thread 3 ] DEBUG Engine               - isDeveloperMenuEnabled: false
12:44:11.413 [FXGL Background Thread 3 ] DEBUG Engine               - isEntityPreloadEnabled: true
12:44:11.413 [FXGL Background Thread 3 ] DEBUG Engine               - isExperimental3D: false
12:44:11.414 [FXGL Background Thread 3 ] DEBUG Engine               - isExperimentalNative: false
12:44:11.414 [FXGL Background Thread 3 ] DEBUG Engine               - isExperimentalTiledLargeMap: false
12:44:11.415 [FXGL Background Thread 3 ] DEBUG Engine               - isFileSystemWriteAllowed: true
12:44:11.415 [FXGL Background Thread 3 ] DEBUG Engine               - isFullScreenAllowed: false
12:44:11.416 [FXGL Background Thread 3 ] DEBUG Engine               - isFullScreenFromStart: true
12:44:11.417 [FXGL Background Thread 3 ] DEBUG Engine               - isGameMenuEnabled: true
12:44:11.417 [FXGL Background Thread 3 ] DEBUG Engine               - isIOS: false
12:44:11.418 [FXGL Background Thread 3 ] DEBUG Engine               - isIntroEnabled: false
12:44:11.418 [FXGL Background Thread 3 ] DEBUG Engine               - isLinux: false
12:44:11.419 [FXGL Background Thread 3 ] DEBUG Engine               - isMac: false
12:44:11.419 [FXGL Background Thread 3 ] DEBUG Engine               - isMainMenuEnabled: false
12:44:11.420 [FXGL Background Thread 3 ] DEBUG Engine               - isManualResizeEnabled: false
12:44:11.421 [FXGL Background Thread 3 ] DEBUG Engine               - isMobile: false
12:44:11.421 [FXGL Background Thread 3 ] DEBUG Engine               - isPreserveResizeRatio: false
12:44:11.422 [FXGL Background Thread 3 ] DEBUG Engine               - isProfilingEnabled: false
12:44:11.422 [FXGL Background Thread 3 ] DEBUG Engine               - isScaleAffectedOnResize: true
12:44:11.422 [FXGL Background Thread 3 ] DEBUG Engine               - isSingleStep: false
12:44:11.423 [FXGL Background Thread 3 ] DEBUG Engine               - isUserProfileEnabled: false
12:44:11.423 [FXGL Background Thread 3 ] DEBUG Engine               - isWindows: true
12:44:11.423 [FXGL Background Thread 3 ] DEBUG Engine               - language: ObjectProperty [value: ENGLISH]
12:44:11.424 [FXGL Background Thread 3 ] DEBUG Engine               - menuKey: ESCAPE
12:44:11.425 [FXGL Background Thread 3 ] DEBUG Engine               - notificationViewClass: class com.almasb.fxgl.notification.view.XboxNotificationView
12:44:11.425 [FXGL Background Thread 3 ] DEBUG Engine               - pixelsPerMeter: 50.0
12:44:11.426 [FXGL Background Thread 3 ] DEBUG Engine               - platform: WINDOWS
12:44:11.426 [FXGL Background Thread 3 ] DEBUG Engine               - prefHeightProperty: ReadOnlyDoubleProperty [value: 720.0]
12:44:11.427 [FXGL Background Thread 3 ] DEBUG Engine               - prefWidthProperty: ReadOnlyDoubleProperty [value: 1280.0]
12:44:11.427 [FXGL Background Thread 3 ] DEBUG Engine               - profileDir: profiles/
12:44:11.427 [FXGL Background Thread 3 ] DEBUG Engine               - profileName: StringProperty [value: DEFAULT]
12:44:11.427 [FXGL Background Thread 3 ] DEBUG Engine               - randomSeed: -1
12:44:11.428 [FXGL Background Thread 3 ] DEBUG Engine               - runtimeInfo: RuntimeInfo(platform=WINDOWS, version=11.14, build=01.03.2021 16.59)
12:44:11.428 [FXGL Background Thread 3 ] DEBUG Engine               - saveFileExt: sav
12:44:11.428 [FXGL Background Thread 3 ] DEBUG Engine               - scaledHeightProp$fxgl: DoubleProperty [bound, value: 720.0]
12:44:11.429 [FXGL Background Thread 3 ] DEBUG Engine               - scaledWidthProp$fxgl: DoubleProperty [bound, value: 1280.0]
12:44:11.429 [FXGL Background Thread 3 ] DEBUG Engine               - sceneFactory: com.almasb.fxgl.app.scene.SceneFactory@798aa800
12:44:11.429 [FXGL Background Thread 3 ] DEBUG Engine               - secondsIn24h: 60
12:44:11.430 [FXGL Background Thread 3 ] DEBUG Engine               - soundMenuBack: menu/back.wav
12:44:11.430 [FXGL Background Thread 3 ] DEBUG Engine               - soundMenuPress: menu/press.wav
12:44:11.431 [FXGL Background Thread 3 ] DEBUG Engine               - soundMenuSelect: menu/select.wav
12:44:11.431 [FXGL Background Thread 3 ] DEBUG Engine               - soundNotification: core/notification.wav
12:44:11.431 [FXGL Background Thread 3 ] DEBUG Engine               - stageStyle: DECORATED
12:44:11.431 [FXGL Background Thread 3 ] DEBUG Engine               - supportedLanguages: [ENGLISH, FRENCH, GERMAN, HUNGARIAN, RUSSIAN]
12:44:11.432 [FXGL Background Thread 3 ] DEBUG Engine               - ticksPerSecond: -1
12:44:11.432 [FXGL Background Thread 3 ] DEBUG Engine               - title: Wozniak defense
12:44:11.432 [FXGL Background Thread 3 ] DEBUG Engine               - urlGithub: https://github.com/AlmasB/FXGL
12:44:11.432 [FXGL Background Thread 3 ] DEBUG Engine               - urlLeaderboard: http://fxgl-top.herokuapp.com/
12:44:11.433 [FXGL Background Thread 3 ] DEBUG Engine               - urlPOM: https://raw.githubusercontent.com/AlmasB/FXGL/release/README.md
12:44:11.433 [FXGL Background Thread 3 ] DEBUG Engine               - userAppClass: class Game
12:44:11.433 [FXGL Background Thread 3 ] DEBUG Engine               - version: 
12:44:11.433 [FXGL Background Thread 3 ] DEBUG Engine               - versionCheckDays: 7
12:44:11.434 [FXGL Background Thread 3 ] DEBUG Engine               - width: 1280
12:44:11.434 [FXGL Background Thread 3 ] DEBUG Engine               - Logging services
12:44:11.435 [FXGL Background Thread 3 ] DEBUG Engine               - class com.almasb.fxgl.app.services.FXGLAssetLoaderService
12:44:11.435 [FXGL Background Thread 3 ] DEBUG Engine               - class com.almasb.fxgl.app.FXGLApplication$GameApplicationService
12:44:11.435 [FXGL Background Thread 3 ] DEBUG Engine               - class com.almasb.fxgl.app.services.FXGLDialogService
12:44:11.436 [FXGL Background Thread 3 ] DEBUG Engine               - class com.almasb.fxgl.app.services.IOTaskExecutorService
12:44:11.436 [FXGL Background Thread 3 ] DEBUG Engine               - class com.almasb.fxgl.event.EventBusService
12:44:11.436 [FXGL Background Thread 3 ] DEBUG Engine               - class com.almasb.fxgl.io.FileSystemService
12:44:11.436 [FXGL Background Thread 3 ] DEBUG Engine               - class com.almasb.fxgl.localization.LocalizationService
12:44:11.437 [FXGL Background Thread 3 ] DEBUG Engine               - class com.almasb.fxgl.app.services.SystemBundleService
12:44:11.437 [FXGL Background Thread 3 ] DEBUG Engine               - class com.almasb.fxgl.profile.SaveLoadService
12:44:11.437 [FXGL Background Thread 3 ] DEBUG Engine               - class com.almasb.fxgl.ui.FXGLUIFactoryServiceProvider
12:44:11.437 [FXGL Background Thread 3 ] DEBUG Engine               - class com.almasb.fxgl.ui.FXGLDialogFactoryServiceProvider
12:44:11.438 [FXGL Background Thread 3 ] DEBUG Engine               - class com.almasb.fxgl.audio.AudioPlayer
12:44:11.438 [FXGL Background Thread 3 ] DEBUG Engine               - class com.almasb.fxgl.notification.impl.NotificationServiceProvider
12:44:11.438 [FXGL Background Thread 3 ] DEBUG Engine               - class com.almasb.fxgl.achievement.AchievementService
12:44:11.438 [FXGL Background Thread 3 ] DEBUG Engine               - class com.almasb.fxgl.cutscene.CutsceneService
12:44:11.438 [FXGL Background Thread 3 ] DEBUG Engine               - class com.almasb.fxgl.minigames.MiniGameService
12:44:11.439 [FXGL Background Thread 3 ] DEBUG Engine               - class com.almasb.fxgl.net.NetService
12:44:11.439 [FXGL Background Thread 3 ] DEBUG Engine               - class com.almasb.fxgl.app.services.UpdaterService
12:44:11.439 [FXGL Background Thread 3 ] DEBUG Engine               - class com.almasb.fxgl.dev.DevService
12:44:14.934 [JavaFX Application Thread] DEBUG FXGLApplication      - Exiting FXGL
12:44:14.935 [JavaFX Application Thread] DEBUG LoopRunner           - Stopping loop
12:44:14.935 [JavaFX Application Thread] DEBUG SystemBundleService  - Saving FXGL system data
12:44:14.940 [JavaFX Application Thread] DEBUG FileSystemAccess     - Writing to: C:\Users\zthijs\Desktop\IPOSE\system\fxgl.bundle
12:44:14.943 [JavaFX Application Thread] DEBUG Async                - Shutting down background threads
12:44:14.944 [JavaFX Application Thread] DEBUG PrimaryStageWindow   - Closing main window
12:44:14.967 [JavaFX Application Thread] DEBUG Logger               - Closing Logger
