11:59:03.532 [main                     ] DEBUG Logger               - Configured Logger
11:59:03.537 [main                     ] DEBUG GameApplication      - Logging settings
Title: Wozniak defense
Version: 
Width: 1000
Height: 800
Fullscreen: false
Intro: false
Profiling: false
Single step:false
App Mode: DEVELOPER
Menu Key: ESCAPE
Stage Style: DECORATED
Scene Factory: class com.almasb.fxgl.app.scene.SceneFactory

11:59:03.940 [JavaFX Application Thread] DEBUG FXGLApplication      - Initializing FXGL
11:59:03.941 [JavaFX Application Thread] INFO  Engine               - FXGL-11.14 (01.03.2021 16.59) on WINDOWS (J:17.0.2 FX:15)
11:59:03.942 [JavaFX Application Thread] DEBUG Engine               - JRE Vendor Name: Eclipse Adoptium
11:59:03.942 [JavaFX Application Thread] DEBUG Engine               - Running on OS: Windows 11 version 10.0
11:59:03.943 [JavaFX Application Thread] DEBUG Engine               - Architecture: amd64
11:59:03.943 [JavaFX Application Thread] INFO  Engine               - Source code and latest versions at: https://github.com/AlmasB/FXGL
11:59:03.943 [JavaFX Application Thread] INFO  Engine               -              Join the FXGL chat at: https://gitter.im/AlmasB/FXGL
11:59:04.095 [JavaFX Application Thread] DEBUG PrimaryStageWindow   - Creating a JavaFX scene
11:59:04.149 [JavaFX Application Thread] DEBUG PrimaryStageWindow   - Target settings size: 1000.0 x 800.0
11:59:04.149 [JavaFX Application Thread] DEBUG PrimaryStageWindow   - Scaled scene size:    1000.0 x 800.0
11:59:04.149 [JavaFX Application Thread] DEBUG PrimaryStageWindow   - Scaled ratio: (1.0, 1.0)
11:59:04.150 [JavaFX Application Thread] DEBUG PrimaryStageWindow   - Set initial scene to FXGLStartupScene
11:59:04.158 [JavaFX Application Thread] DEBUG PrimaryStageWindow   - Opening main window
11:59:04.255 [JavaFX Application Thread] DEBUG PrimaryStageWindow   - Window border size: (16.0, 39.0)
11:59:04.255 [JavaFX Application Thread] DEBUG PrimaryStageWindow   - Scaled size: 1000.0 x 800.0
11:59:04.255 [JavaFX Application Thread] DEBUG PrimaryStageWindow   - Scaled ratio: (1.0, 1.0)
11:59:04.255 [JavaFX Application Thread] DEBUG PrimaryStageWindow   - Scene size: 1000.0 x 800.0
11:59:04.256 [JavaFX Application Thread] DEBUG PrimaryStageWindow   - Stage size: 1016.0 x 839.0
11:59:04.268 [FXGL Background Thread 1 ] DEBUG Engine               - Initializing environment variables
11:59:04.322 [FXGL Background Thread 1 ] DEBUG FXGLAssetLoaderServi - User app class for loading assets: class Game
11:59:04.322 [FXGL Background Thread 1 ] DEBUG GameApplicationServi - Applying CSS: fxgl_dark.css
11:59:04.323 [FXGL Background Thread 1 ] DEBUG FXGLAssetLoaderServi - Loading from file system: jar:file:/C:/Users/zthijs/.m2/repository/com/github/almasb/fxgl/11.14/fxgl-11.14.jar!/fxglassets/ui/css/fxgl_dark.css
11:59:04.395 [FXGL Background Thread 1 ] DEBUG GameApplicationServi - Initializing application scenes
11:59:04.452 [FXGL Background Thread 1 ] DEBUG GameWorld            - Game world initialized
11:59:04.543 [FXGL Background Thread 1 ] DEBUG PhysicsWorld         - Physics world initialized: appHeight=800, physics.ppm=50,0
11:59:04.543 [FXGL Background Thread 1 ] DEBUG PhysicsWorld         - Using strategy: BRUTE_FORCE
11:59:04.549 [FXGL Background Thread 1 ] DEBUG GameScene            - Game scene initialized: 1000x800
11:59:04.605 [FXGL Background Thread 1 ] DEBUG FXGLAssetLoaderServi - Loading from file system: jar:file:/C:/Users/zthijs/.m2/repository/com/github/almasb/fxgl/11.14/fxgl-11.14.jar!/fxglassets/textures/particles/trace_horizontal.png
11:59:04.660 [FXGL Background Thread 1 ] DEBUG FXGL.DefaultMenu     - createMenuBodyGameMenu()
11:59:04.675 [FXGL Background Thread 1 ] DEBUG FXGL.DefaultMenu     - createOptionsMenu()
11:59:04.680 [FXGL Background Thread 1 ] DEBUG FXGLAssetLoaderServi - Loading from file system: jar:file:/C:/Users/zthijs/.m2/repository/com/github/almasb/fxgl/11.14/fxgl-11.14.jar!/fxglassets/textures/particles/smoke.png
11:59:04.755 [FXGL Background Thread 1 ] DEBUG GameApplicationServi - Application scenes initialized
11:59:04.775 [FXGL Background Thread 1 ] DEBUG SystemBundleService  - Loading FXGL system data
11:59:04.784 [FXGL Background Thread 1 ] DEBUG FileSystemAccess     - Reading from: C:\Users\zthijs\Desktop\IPOSE\system\fxgl.bundle
11:59:04.790 [FXGL Background Thread 1 ] DEBUG SystemBundleService  - Bundle FXGL: {}
11:59:04.790 [FXGL Background Thread 1 ] DEBUG UpdaterService       - Checking for updates
11:59:04.795 [FXGL Background Thread 4 ] DEBUG FXGLApplication      - Loading fonts
11:59:04.796 [FXGL Background Thread 1 ] DEBUG FXGLApplication      - Loading default localization
11:59:04.796 [FXGL Background Thread 4 ] DEBUG FXGLAssetLoaderServi - Loading from file system: jar:file:/C:/Users/zthijs/.m2/repository/com/github/almasb/fxgl/11.14/fxgl-11.14.jar!/fxglassets/ui/fonts/VarelaRound-Regular.ttf
11:59:04.796 [FXGL Background Thread 1 ] DEBUG FXGLAssetLoaderServi - Loading from file system: jar:file:/C:/Users/zthijs/.m2/repository/com/github/almasb/fxgl/11.14/fxgl-11.14.jar!/fxglassets/languages/english.lang
11:59:04.834 [FXGL Background Thread 1 ] INFO  FXGLApplication      - FXGL initialization took: 0,566 sec
11:59:04.836 [JavaFX Application Thread] DEBUG FXGLAssetLoaderServi - Loading from file system: file:/C:/Users/zthijs/Desktop/IPOSE/target/classes/assets/textures/wozniak.png
11:59:04.860 [JavaFX Application Thread] DEBUG FXGLAssetLoaderServi - Loading from file system: jar:file:/C:/Users/zthijs/.m2/repository/com/github/almasb/fxgl/11.14/fxgl-11.14.jar!/fxglassets/ui/cursors/fxgl_default.png
11:59:04.882 [JavaFX Application Thread] DEBUG Input                - Registered new binding: Screenshot - P
11:59:04.883 [JavaFX Application Thread] DEBUG Input                - Registered new binding: System info dump - CTRL+9
11:59:04.885 [JavaFX Application Thread] DEBUG Input                - Registered new binding: Restart - CTRL+R
11:59:04.887 [JavaFX Application Thread] DEBUG Input                - Registered new binding: Toggle Debug Camera - CTRL+C
11:59:04.892 [JavaFX Application Thread] DEBUG LoopRunner           - Starting loop
11:59:04.892 [JavaFX Application Thread] DEBUG LoopRunner           - Initializing JavaFX AnimationTimerLoop
11:59:04.895 [JavaFX Application Thread] DEBUG GameApplicationServi - Starting new game
11:59:04.896 [JavaFX Application Thread] DEBUG Input                - Clearing active input actions
11:59:04.906 [FXGL Background Thread 4 ] DEBUG FXGLAssetLoaderServi - Loading from file system: jar:file:/C:/Users/zthijs/.m2/repository/com/github/almasb/fxgl/11.14/fxgl-11.14.jar!/fxglassets/ui/fonts/Abel-Regular.ttf
11:59:04.913 [FXGL Background Thread 4 ] DEBUG FXGLAssetLoaderServi - Loading from file system: jar:file:/C:/Users/zthijs/.m2/repository/com/github/almasb/fxgl/11.14/fxgl-11.14.jar!/fxglassets/ui/fonts/lucida_console.ttf
11:59:04.914 [JavaFX Application Thread] DEBUG GameApplicationServi - Removing overlay from FXGLStartupScene and adding to FXGLLoadingScene
11:59:04.915 [JavaFX Application Thread] DEBUG PrimaryStageWindow   - FXGLStartupScene -> FXGLLoadingScene
11:59:04.916 [JavaFX Application Thread] DEBUG GameApplicationServi - Clearing previous game
11:59:04.917 [JavaFX Application Thread] DEBUG GameScene            - Clearing game scene
11:59:04.918 [JavaFX Application Thread] DEBUG GameWorld            - Clearing game world
11:59:04.918 [JavaFX Application Thread] DEBUG PhysicsWorld         - Clearing physics world
11:59:04.921 [FXGL Background Thread 1 ] DEBUG FXGLApplication      - Initializing game
11:59:04.923 [FXGL Background Thread 4 ] DEBUG FXGLAssetLoaderServi - Loading from file system: jar:file:/C:/Users/zthijs/.m2/repository/com/github/almasb/fxgl/11.14/fxgl-11.14.jar!/fxglassets/ui/fonts/Courier-Prime.ttf
11:59:04.924 [FXGL Background Thread 1 ] DEBUG FXGLAssetLoaderServi - Loading from file system: file:/C:/Users/zthijs/Desktop/IPOSE/target/classes/assets/textures/gras.png
11:59:04.936 [FXGL Background Thread 1 ] DEBUG FXGLAssetLoaderServi - Loading from file system: file:/C:/Users/zthijs/Desktop/IPOSE/target/classes/assets/textures/mud.png
11:59:04.943 [FXGL Background Thread 1 ] INFO  FXGLApplication      - Game initialization took: 0,022 sec
11:59:04.991 [JavaFX Application Thread] DEBUG FXGLApplication      - Registering font factories with UI factory
11:59:04.995 [JavaFX Application Thread] DEBUG Input                - Clearing active input actions
11:59:05.009 [JavaFX Application Thread] DEBUG GameApplicationServi - Removing overlay from FXGLLoadingScene and adding to GameScene
11:59:05.009 [JavaFX Application Thread] DEBUG PrimaryStageWindow   - FXGLLoadingScene -> GameScene
11:59:05.310 [FXGL Background Thread 2 ] INFO  UpdaterService       - Your current version:  11.14
11:59:05.310 [FXGL Background Thread 2 ] INFO  UpdaterService       - Latest stable version: 17.1
11:59:07.795 [FXGL Background Thread 3 ] DEBUG Engine               - Logging environment variables
11:59:07.796 [FXGL Background Thread 3 ] DEBUG Engine               - achievements: []
11:59:07.796 [FXGL Background Thread 3 ] DEBUG Engine               - actualHeight: 800.0
11:59:07.797 [FXGL Background Thread 3 ] DEBUG Engine               - actualHeightProperty: ReadOnlyDoubleProperty [value: 800.0]
11:59:07.797 [FXGL Background Thread 3 ] DEBUG Engine               - actualWidth: 1000.0
11:59:07.797 [FXGL Background Thread 3 ] DEBUG Engine               - actualWidthProperty: ReadOnlyDoubleProperty [value: 1000.0]
11:59:07.798 [FXGL Background Thread 3 ] DEBUG Engine               - appIcon: wozniak.png
11:59:07.798 [FXGL Background Thread 3 ] DEBUG Engine               - applicationMode: DEVELOPER
11:59:07.798 [FXGL Background Thread 3 ] DEBUG Engine               - cSSList: [fxgl_dark.css]
11:59:07.798 [FXGL Background Thread 3 ] DEBUG Engine               - collisionDetectionStrategy: BRUTE_FORCE
11:59:07.799 [FXGL Background Thread 3 ] DEBUG Engine               - configClass: Optional.empty
11:59:07.799 [FXGL Background Thread 3 ] DEBUG Engine               - credits: []
11:59:07.799 [FXGL Background Thread 3 ] DEBUG Engine               - devBBoxColorProperty: ObjectProperty [value: 0xff0000ff]
11:59:07.800 [FXGL Background Thread 3 ] DEBUG Engine               - devEnableDebugCameraProperty: BooleanProperty [value: false]
11:59:07.800 [FXGL Background Thread 3 ] DEBUG Engine               - devSensorColorProperty: ObjectProperty [value: 0xffff00ff]
11:59:07.800 [FXGL Background Thread 3 ] DEBUG Engine               - devShowBBoxProperty: BooleanProperty [value: false]
11:59:07.801 [FXGL Background Thread 3 ] DEBUG Engine               - devShowPositionProperty: BooleanProperty [value: false]
11:59:07.801 [FXGL Background Thread 3 ] DEBUG Engine               - enabledMenuItems: []
11:59:07.801 [FXGL Background Thread 3 ] DEBUG Engine               - engineServices: [class com.almasb.fxgl.app.services.FXGLAssetLoaderService, class com.almasb.fxgl.app.FXGLApplication$GameApplicationService, class com.almasb.fxgl.app.services.FXGLDialogService, class com.almasb.fxgl.app.services.IOTaskExecutorService, class com.almasb.fxgl.event.EventBusService, class com.almasb.fxgl.io.FileSystemService, class com.almasb.fxgl.localization.LocalizationService, class com.almasb.fxgl.app.services.SystemBundleService, class com.almasb.fxgl.profile.SaveLoadService, class com.almasb.fxgl.ui.FXGLUIFactoryServiceProvider, class com.almasb.fxgl.ui.FXGLDialogFactoryServiceProvider, class com.almasb.fxgl.audio.AudioPlayer, class com.almasb.fxgl.notification.impl.NotificationServiceProvider, class com.almasb.fxgl.achievement.AchievementService, class com.almasb.fxgl.cutscene.CutsceneService, class com.almasb.fxgl.minigames.MiniGameService, class com.almasb.fxgl.net.NetService, class com.almasb.fxgl.app.services.UpdaterService, class com.almasb.fxgl.dev.DevService]
11:59:07.801 [FXGL Background Thread 3 ] DEBUG Engine               - fontGame: Abel-Regular.ttf
11:59:07.802 [FXGL Background Thread 3 ] DEBUG Engine               - fontMono: lucida_console.ttf
11:59:07.802 [FXGL Background Thread 3 ] DEBUG Engine               - fontText: Courier-Prime.ttf
11:59:07.803 [FXGL Background Thread 3 ] DEBUG Engine               - fontUI: VarelaRound-Regular.ttf
11:59:07.803 [FXGL Background Thread 3 ] DEBUG Engine               - fullScreen: BooleanProperty [value: true]
11:59:07.803 [FXGL Background Thread 3 ] DEBUG Engine               - gameDifficulty: MEDIUM
11:59:07.803 [FXGL Background Thread 3 ] DEBUG Engine               - gameDifficultyProperty: ObjectProperty [value: MEDIUM]
11:59:07.804 [FXGL Background Thread 3 ] DEBUG Engine               - globalMusicVolume: 0.5
11:59:07.804 [FXGL Background Thread 3 ] DEBUG Engine               - globalMusicVolumeProperty: DoubleProperty [value: 0.5]
11:59:07.804 [FXGL Background Thread 3 ] DEBUG Engine               - globalSoundVolume: 0.5
11:59:07.805 [FXGL Background Thread 3 ] DEBUG Engine               - globalSoundVolumeProperty: DoubleProperty [value: 0.5]
11:59:07.805 [FXGL Background Thread 3 ] DEBUG Engine               - height: 800
11:59:07.805 [FXGL Background Thread 3 ] DEBUG Engine               - isAndroid: false
11:59:07.805 [FXGL Background Thread 3 ] DEBUG Engine               - isBrowser: false
11:59:07.806 [FXGL Background Thread 3 ] DEBUG Engine               - isClickFeedbackEnabled: false
11:59:07.806 [FXGL Background Thread 3 ] DEBUG Engine               - isCloseConfirmation: false
11:59:07.806 [FXGL Background Thread 3 ] DEBUG Engine               - isDesktop: true
11:59:07.806 [FXGL Background Thread 3 ] DEBUG Engine               - isDeveloperMenuEnabled: false
11:59:07.807 [FXGL Background Thread 3 ] DEBUG Engine               - isEntityPreloadEnabled: true
11:59:07.807 [FXGL Background Thread 3 ] DEBUG Engine               - isExperimental3D: false
11:59:07.807 [FXGL Background Thread 3 ] DEBUG Engine               - isExperimentalNative: false
11:59:07.807 [FXGL Background Thread 3 ] DEBUG Engine               - isExperimentalTiledLargeMap: false
11:59:07.808 [FXGL Background Thread 3 ] DEBUG Engine               - isFileSystemWriteAllowed: true
11:59:07.808 [FXGL Background Thread 3 ] DEBUG Engine               - isFullScreenAllowed: false
11:59:07.808 [FXGL Background Thread 3 ] DEBUG Engine               - isFullScreenFromStart: true
11:59:07.808 [FXGL Background Thread 3 ] DEBUG Engine               - isGameMenuEnabled: true
11:59:07.809 [FXGL Background Thread 3 ] DEBUG Engine               - isIOS: false
11:59:07.809 [FXGL Background Thread 3 ] DEBUG Engine               - isIntroEnabled: false
11:59:07.809 [FXGL Background Thread 3 ] DEBUG Engine               - isLinux: false
11:59:07.810 [FXGL Background Thread 3 ] DEBUG Engine               - isMac: false
11:59:07.810 [FXGL Background Thread 3 ] DEBUG Engine               - isMainMenuEnabled: false
11:59:07.810 [FXGL Background Thread 3 ] DEBUG Engine               - isManualResizeEnabled: false
11:59:07.810 [FXGL Background Thread 3 ] DEBUG Engine               - isMobile: false
11:59:07.811 [FXGL Background Thread 3 ] DEBUG Engine               - isPreserveResizeRatio: false
11:59:07.811 [FXGL Background Thread 3 ] DEBUG Engine               - isProfilingEnabled: false
11:59:07.811 [FXGL Background Thread 3 ] DEBUG Engine               - isScaleAffectedOnResize: true
11:59:07.811 [FXGL Background Thread 3 ] DEBUG Engine               - isSingleStep: false
11:59:07.812 [FXGL Background Thread 3 ] DEBUG Engine               - isUserProfileEnabled: false
11:59:07.812 [FXGL Background Thread 3 ] DEBUG Engine               - isWindows: true
11:59:07.812 [FXGL Background Thread 3 ] DEBUG Engine               - language: ObjectProperty [value: ENGLISH]
11:59:07.812 [FXGL Background Thread 3 ] DEBUG Engine               - menuKey: ESCAPE
11:59:07.812 [FXGL Background Thread 3 ] DEBUG Engine               - notificationViewClass: class com.almasb.fxgl.notification.view.XboxNotificationView
11:59:07.813 [FXGL Background Thread 3 ] DEBUG Engine               - pixelsPerMeter: 50.0
11:59:07.813 [FXGL Background Thread 3 ] DEBUG Engine               - platform: WINDOWS
11:59:07.813 [FXGL Background Thread 3 ] DEBUG Engine               - prefHeightProperty: ReadOnlyDoubleProperty [value: 800.0]
11:59:07.813 [FXGL Background Thread 3 ] DEBUG Engine               - prefWidthProperty: ReadOnlyDoubleProperty [value: 1000.0]
11:59:07.814 [FXGL Background Thread 3 ] DEBUG Engine               - profileDir: profiles/
11:59:07.814 [FXGL Background Thread 3 ] DEBUG Engine               - profileName: StringProperty [value: DEFAULT]
11:59:07.814 [FXGL Background Thread 3 ] DEBUG Engine               - randomSeed: -1
11:59:07.815 [FXGL Background Thread 3 ] DEBUG Engine               - runtimeInfo: RuntimeInfo(platform=WINDOWS, version=11.14, build=01.03.2021 16.59)
11:59:07.815 [FXGL Background Thread 3 ] DEBUG Engine               - saveFileExt: sav
11:59:07.815 [FXGL Background Thread 3 ] DEBUG Engine               - scaledHeightProp$fxgl: DoubleProperty [bound, value: 800.0]
11:59:07.815 [FXGL Background Thread 3 ] DEBUG Engine               - scaledWidthProp$fxgl: DoubleProperty [bound, value: 1000.0]
11:59:07.816 [FXGL Background Thread 3 ] DEBUG Engine               - sceneFactory: com.almasb.fxgl.app.scene.SceneFactory@13736ae9
11:59:07.816 [FXGL Background Thread 3 ] DEBUG Engine               - secondsIn24h: 60
11:59:07.817 [FXGL Background Thread 3 ] DEBUG Engine               - soundMenuBack: menu/back.wav
11:59:07.817 [FXGL Background Thread 3 ] DEBUG Engine               - soundMenuPress: menu/press.wav
11:59:07.817 [FXGL Background Thread 3 ] DEBUG Engine               - soundMenuSelect: menu/select.wav
11:59:07.817 [FXGL Background Thread 3 ] DEBUG Engine               - soundNotification: core/notification.wav
11:59:07.818 [FXGL Background Thread 3 ] DEBUG Engine               - stageStyle: DECORATED
11:59:07.818 [FXGL Background Thread 3 ] DEBUG Engine               - supportedLanguages: [ENGLISH, FRENCH, GERMAN, HUNGARIAN, RUSSIAN]
11:59:07.818 [FXGL Background Thread 3 ] DEBUG Engine               - ticksPerSecond: -1
11:59:07.818 [FXGL Background Thread 3 ] DEBUG Engine               - title: Wozniak defense
11:59:07.818 [FXGL Background Thread 3 ] DEBUG Engine               - urlGithub: https://github.com/AlmasB/FXGL
11:59:07.819 [FXGL Background Thread 3 ] DEBUG Engine               - urlLeaderboard: http://fxgl-top.herokuapp.com/
11:59:07.819 [FXGL Background Thread 3 ] DEBUG Engine               - urlPOM: https://raw.githubusercontent.com/AlmasB/FXGL/release/README.md
11:59:07.819 [FXGL Background Thread 3 ] DEBUG Engine               - userAppClass: class Game
11:59:07.819 [FXGL Background Thread 3 ] DEBUG Engine               - version: 
11:59:07.819 [FXGL Background Thread 3 ] DEBUG Engine               - versionCheckDays: 7
11:59:07.820 [FXGL Background Thread 3 ] DEBUG Engine               - width: 1000
11:59:07.820 [FXGL Background Thread 3 ] DEBUG Engine               - Logging services
11:59:07.820 [FXGL Background Thread 3 ] DEBUG Engine               - class com.almasb.fxgl.app.services.FXGLAssetLoaderService
11:59:07.820 [FXGL Background Thread 3 ] DEBUG Engine               - class com.almasb.fxgl.app.FXGLApplication$GameApplicationService
11:59:07.820 [FXGL Background Thread 3 ] DEBUG Engine               - class com.almasb.fxgl.app.services.FXGLDialogService
11:59:07.820 [FXGL Background Thread 3 ] DEBUG Engine               - class com.almasb.fxgl.app.services.IOTaskExecutorService
11:59:07.820 [FXGL Background Thread 3 ] DEBUG Engine               - class com.almasb.fxgl.event.EventBusService
11:59:07.820 [FXGL Background Thread 3 ] DEBUG Engine               - class com.almasb.fxgl.io.FileSystemService
11:59:07.821 [FXGL Background Thread 3 ] DEBUG Engine               - class com.almasb.fxgl.localization.LocalizationService
11:59:07.821 [FXGL Background Thread 3 ] DEBUG Engine               - class com.almasb.fxgl.app.services.SystemBundleService
11:59:07.821 [FXGL Background Thread 3 ] DEBUG Engine               - class com.almasb.fxgl.profile.SaveLoadService
11:59:07.821 [FXGL Background Thread 3 ] DEBUG Engine               - class com.almasb.fxgl.ui.FXGLUIFactoryServiceProvider
11:59:07.822 [FXGL Background Thread 3 ] DEBUG Engine               - class com.almasb.fxgl.ui.FXGLDialogFactoryServiceProvider
11:59:07.822 [FXGL Background Thread 3 ] DEBUG Engine               - class com.almasb.fxgl.audio.AudioPlayer
11:59:07.822 [FXGL Background Thread 3 ] DEBUG Engine               - class com.almasb.fxgl.notification.impl.NotificationServiceProvider
11:59:07.822 [FXGL Background Thread 3 ] DEBUG Engine               - class com.almasb.fxgl.achievement.AchievementService
11:59:07.822 [FXGL Background Thread 3 ] DEBUG Engine               - class com.almasb.fxgl.cutscene.CutsceneService
11:59:07.823 [FXGL Background Thread 3 ] DEBUG Engine               - class com.almasb.fxgl.minigames.MiniGameService
11:59:07.823 [FXGL Background Thread 3 ] DEBUG Engine               - class com.almasb.fxgl.net.NetService
11:59:07.823 [FXGL Background Thread 3 ] DEBUG Engine               - class com.almasb.fxgl.app.services.UpdaterService
11:59:07.823 [FXGL Background Thread 3 ] DEBUG Engine               - class com.almasb.fxgl.dev.DevService
12:04:56.447 [JavaFX Application Thread] DEBUG FXGLApplication      - Exiting FXGL
12:04:56.448 [JavaFX Application Thread] DEBUG LoopRunner           - Stopping loop
12:04:56.448 [JavaFX Application Thread] DEBUG SystemBundleService  - Saving FXGL system data
12:04:56.454 [JavaFX Application Thread] DEBUG FileSystemAccess     - Writing to: C:\Users\zthijs\Desktop\IPOSE\system\fxgl.bundle
12:04:56.458 [JavaFX Application Thread] DEBUG Async                - Shutting down background threads
12:04:56.459 [JavaFX Application Thread] DEBUG PrimaryStageWindow   - Closing main window
12:04:56.477 [JavaFX Application Thread] DEBUG Logger               - Closing Logger
