11:15:27.224 [main                     ] DEBUG Logger               - Configured Logger
11:15:27.249 [main                     ] DEBUG GameApplication      - Logging settings
Title: Wozniak defense
Version: 
Width: 1280
Height: 720
Fullscreen: false
Intro: false
Profiling: false
Single step:false
App Mode: DEVELOPER
Menu Key: ESCAPE
Stage Style: DECORATED
Scene Factory: class com.almasb.fxgl.app.scene.SceneFactory

11:15:27.748 [JavaFX Application Thread] DEBUG FXGLApplication      - Initializing FXGL
11:15:27.751 [JavaFX Application Thread] INFO  Engine               - FXGL-11.14 (01.03.2021 16.59) on WINDOWS (J:15.0.2 FX:15)
11:15:27.752 [JavaFX Application Thread] DEBUG Engine               - JRE Vendor Name: Amazon.com Inc.
11:15:27.753 [JavaFX Application Thread] DEBUG Engine               - Running on OS: Windows 10 version 10.0
11:15:27.753 [JavaFX Application Thread] DEBUG Engine               - Architecture: amd64
11:15:27.753 [JavaFX Application Thread] INFO  Engine               - Source code and latest versions at: https://github.com/AlmasB/FXGL
11:15:27.754 [JavaFX Application Thread] INFO  Engine               -              Join the FXGL chat at: https://gitter.im/AlmasB/FXGL
11:15:27.931 [JavaFX Application Thread] DEBUG PrimaryStageWindow   - Creating a JavaFX scene
11:15:28.019 [JavaFX Application Thread] DEBUG PrimaryStageWindow   - Target settings size: 1280.0 x 720.0
11:15:28.019 [JavaFX Application Thread] DEBUG PrimaryStageWindow   - Scaled scene size:    1280.0 x 720.0
11:15:28.019 [JavaFX Application Thread] DEBUG PrimaryStageWindow   - Scaled ratio: (1.0, 1.0)
11:15:28.021 [JavaFX Application Thread] DEBUG PrimaryStageWindow   - Set initial scene to FXGLStartupScene
11:15:28.033 [JavaFX Application Thread] DEBUG PrimaryStageWindow   - Opening main window
11:15:28.156 [JavaFX Application Thread] DEBUG PrimaryStageWindow   - Window border size: (16.0, 39.0)
11:15:28.157 [JavaFX Application Thread] DEBUG PrimaryStageWindow   - Scaled size: 1280.0 x 720.0
11:15:28.157 [JavaFX Application Thread] DEBUG PrimaryStageWindow   - Scaled ratio: (1.0, 1.0)
11:15:28.158 [JavaFX Application Thread] DEBUG PrimaryStageWindow   - Scene size: 1280.0 x 720.0
11:15:28.158 [JavaFX Application Thread] DEBUG PrimaryStageWindow   - Stage size: 1296.0 x 759.0
11:15:28.174 [FXGL Background Thread 1 ] DEBUG Engine               - Initializing environment variables
11:15:28.234 [FXGL Background Thread 1 ] DEBUG FXGLAssetLoaderServi - User app class for loading assets: class Game
11:15:28.235 [FXGL Background Thread 1 ] DEBUG GameApplicationServi - Applying CSS: fxgl_dark.css
11:15:28.236 [FXGL Background Thread 1 ] DEBUG FXGLAssetLoaderServi - Loading from file system: jar:file:/C:/Users/zthijs/.m2/repository/com/github/almasb/fxgl/11.14/fxgl-11.14.jar!/fxglassets/ui/css/fxgl_dark.css
11:15:28.338 [FXGL Background Thread 1 ] DEBUG GameApplicationServi - Initializing application scenes
11:15:28.415 [FXGL Background Thread 1 ] DEBUG GameWorld            - Game world initialized
11:15:28.521 [FXGL Background Thread 1 ] DEBUG PhysicsWorld         - Physics world initialized: appHeight=720, physics.ppm=50,0
11:15:28.521 [FXGL Background Thread 1 ] DEBUG PhysicsWorld         - Using strategy: BRUTE_FORCE
11:15:28.526 [FXGL Background Thread 1 ] DEBUG GameScene            - Game scene initialized: 1280x720
11:15:28.578 [FXGL Background Thread 1 ] DEBUG FXGLAssetLoaderServi - Loading from file system: jar:file:/C:/Users/zthijs/.m2/repository/com/github/almasb/fxgl/11.14/fxgl-11.14.jar!/fxglassets/textures/particles/trace_horizontal.png
11:15:28.626 [FXGL Background Thread 1 ] DEBUG FXGL.DefaultMenu     - createMenuBodyGameMenu()
11:15:28.642 [FXGL Background Thread 1 ] DEBUG FXGL.DefaultMenu     - createOptionsMenu()
11:15:28.649 [FXGL Background Thread 1 ] DEBUG FXGLAssetLoaderServi - Loading from file system: jar:file:/C:/Users/zthijs/.m2/repository/com/github/almasb/fxgl/11.14/fxgl-11.14.jar!/fxglassets/textures/particles/smoke.png
11:15:28.715 [FXGL Background Thread 1 ] DEBUG GameApplicationServi - Application scenes initialized
11:15:28.731 [FXGL Background Thread 1 ] DEBUG SystemBundleService  - Loading FXGL system data
11:15:28.736 [FXGL Background Thread 1 ] DEBUG FileSystemAccess     - Reading from: C:\Users\zthijs\Desktop\IPOSE\system\fxgl.bundle
11:15:28.743 [FXGL Background Thread 1 ] DEBUG SystemBundleService  - Bundle FXGL: {}
11:15:28.744 [FXGL Background Thread 1 ] DEBUG UpdaterService       - Checking for updates
11:15:28.750 [FXGL Background Thread 4 ] DEBUG FXGLApplication      - Loading fonts
11:15:28.750 [FXGL Background Thread 1 ] DEBUG FXGLApplication      - Loading default localization
11:15:28.751 [FXGL Background Thread 4 ] DEBUG FXGLAssetLoaderServi - Loading from file system: jar:file:/C:/Users/zthijs/.m2/repository/com/github/almasb/fxgl/11.14/fxgl-11.14.jar!/fxglassets/ui/fonts/VarelaRound-Regular.ttf
11:15:28.752 [FXGL Background Thread 1 ] DEBUG FXGLAssetLoaderServi - Loading from file system: jar:file:/C:/Users/zthijs/.m2/repository/com/github/almasb/fxgl/11.14/fxgl-11.14.jar!/fxglassets/languages/english.lang
11:15:28.777 [FXGL Background Thread 1 ] INFO  FXGLApplication      - FXGL initialization took: 0,603 sec
11:15:28.779 [JavaFX Application Thread] DEBUG FXGLAssetLoaderServi - Loading from file system: file:/C:/Users/zthijs/Desktop/IPOSE/target/classes/assets/textures/wozniak.png
11:15:28.813 [JavaFX Application Thread] DEBUG FXGLAssetLoaderServi - Loading from file system: jar:file:/C:/Users/zthijs/.m2/repository/com/github/almasb/fxgl/11.14/fxgl-11.14.jar!/fxglassets/ui/cursors/fxgl_default.png
11:15:28.826 [JavaFX Application Thread] DEBUG Input                - Registered new binding: Screenshot - P
11:15:28.828 [JavaFX Application Thread] DEBUG Input                - Registered new binding: System info dump - CTRL+9
11:15:28.829 [JavaFX Application Thread] DEBUG Input                - Registered new binding: Restart - CTRL+R
11:15:28.830 [JavaFX Application Thread] DEBUG Input                - Registered new binding: Toggle Debug Camera - CTRL+C
11:15:28.834 [JavaFX Application Thread] DEBUG LoopRunner           - Starting loop
11:15:28.835 [JavaFX Application Thread] DEBUG LoopRunner           - Initializing JavaFX AnimationTimerLoop
11:15:28.838 [JavaFX Application Thread] DEBUG GameApplicationServi - Starting new game
11:15:28.839 [JavaFX Application Thread] DEBUG Input                - Clearing active input actions
11:15:28.860 [JavaFX Application Thread] DEBUG GameApplicationServi - Removing overlay from FXGLStartupScene and adding to FXGLLoadingScene
11:15:28.861 [JavaFX Application Thread] DEBUG PrimaryStageWindow   - FXGLStartupScene -> FXGLLoadingScene
11:15:28.862 [JavaFX Application Thread] DEBUG GameApplicationServi - Clearing previous game
11:15:28.862 [JavaFX Application Thread] DEBUG GameScene            - Clearing game scene
11:15:28.863 [JavaFX Application Thread] DEBUG GameWorld            - Clearing game world
11:15:28.863 [JavaFX Application Thread] DEBUG PhysicsWorld         - Clearing physics world
11:15:28.865 [FXGL Background Thread 1 ] DEBUG FXGLApplication      - Initializing game
11:15:28.869 [FXGL Background Thread 1 ] DEBUG FXGLAssetLoaderServi - Loading from file system: file:/C:/Users/zthijs/Desktop/IPOSE/target/classes/assets/textures/gras.png
11:15:28.871 [FXGL Background Thread 4 ] DEBUG FXGLAssetLoaderServi - Loading from file system: jar:file:/C:/Users/zthijs/.m2/repository/com/github/almasb/fxgl/11.14/fxgl-11.14.jar!/fxglassets/ui/fonts/Abel-Regular.ttf
11:15:28.888 [FXGL Background Thread 4 ] DEBUG FXGLAssetLoaderServi - Loading from file system: jar:file:/C:/Users/zthijs/.m2/repository/com/github/almasb/fxgl/11.14/fxgl-11.14.jar!/fxglassets/ui/fonts/lucida_console.ttf
11:15:28.887 [FXGL Background Thread 1 ] DEBUG FXGLAssetLoaderServi - Loading from file system: file:/C:/Users/zthijs/Desktop/IPOSE/target/classes/assets/textures/stone.jpg
11:15:28.908 [FXGL Background Thread 4 ] DEBUG FXGLAssetLoaderServi - Loading from file system: jar:file:/C:/Users/zthijs/.m2/repository/com/github/almasb/fxgl/11.14/fxgl-11.14.jar!/fxglassets/ui/fonts/Courier-Prime.ttf
11:15:28.928 [FXGL Background Thread 1 ] DEBUG FXGLAssetLoaderServi - Loading from file system: file:/C:/Users/zthijs/Desktop/IPOSE/target/classes/assets/textures/heiko.png
11:15:28.962 [FXGL Background Thread 1 ] DEBUG FXGLAssetLoaderServi - Loading from file system: file:/C:/Users/zthijs/Desktop/IPOSE/target/classes/assets/textures/mud.png
11:15:28.969 [JavaFX Application Thread] DEBUG FXGLApplication      - Registering font factories with UI factory
11:15:28.998 [FXGL Background Thread 1 ] INFO  FXGLApplication      - Game initialization took: 0,133 sec
11:15:29.101 [JavaFX Application Thread] DEBUG Input                - Clearing active input actions
11:15:29.127 [JavaFX Application Thread] DEBUG GameApplicationServi - Removing overlay from FXGLLoadingScene and adding to GameScene
11:15:29.127 [JavaFX Application Thread] DEBUG PrimaryStageWindow   - FXGLLoadingScene -> GameScene
11:15:29.369 [FXGL Background Thread 2 ] INFO  UpdaterService       - Your current version:  11.14
11:15:29.369 [FXGL Background Thread 2 ] INFO  UpdaterService       - Latest stable version: 17.1
11:15:31.749 [FXGL Background Thread 3 ] DEBUG Engine               - Logging environment variables
11:15:31.750 [FXGL Background Thread 3 ] DEBUG Engine               - achievements: []
11:15:31.751 [FXGL Background Thread 3 ] DEBUG Engine               - actualHeight: 720.0
11:15:31.751 [FXGL Background Thread 3 ] DEBUG Engine               - actualHeightProperty: ReadOnlyDoubleProperty [value: 720.0]
11:15:31.752 [FXGL Background Thread 3 ] DEBUG Engine               - actualWidth: 1280.0
11:15:31.752 [FXGL Background Thread 3 ] DEBUG Engine               - actualWidthProperty: ReadOnlyDoubleProperty [value: 1280.0]
11:15:31.753 [FXGL Background Thread 3 ] DEBUG Engine               - appIcon: wozniak.png
11:15:31.753 [FXGL Background Thread 3 ] DEBUG Engine               - applicationMode: DEVELOPER
11:15:31.754 [FXGL Background Thread 3 ] DEBUG Engine               - cSSList: [fxgl_dark.css]
11:15:31.754 [FXGL Background Thread 3 ] DEBUG Engine               - collisionDetectionStrategy: BRUTE_FORCE
11:15:31.755 [FXGL Background Thread 3 ] DEBUG Engine               - configClass: Optional.empty
11:15:31.755 [FXGL Background Thread 3 ] DEBUG Engine               - credits: []
11:15:31.756 [FXGL Background Thread 3 ] DEBUG Engine               - devBBoxColorProperty: ObjectProperty [value: 0xff0000ff]
11:15:31.756 [FXGL Background Thread 3 ] DEBUG Engine               - devEnableDebugCameraProperty: BooleanProperty [value: false]
11:15:31.757 [FXGL Background Thread 3 ] DEBUG Engine               - devSensorColorProperty: ObjectProperty [value: 0xffff00ff]
11:15:31.757 [FXGL Background Thread 3 ] DEBUG Engine               - devShowBBoxProperty: BooleanProperty [value: false]
11:15:31.758 [FXGL Background Thread 3 ] DEBUG Engine               - devShowPositionProperty: BooleanProperty [value: false]
11:15:31.758 [FXGL Background Thread 3 ] DEBUG Engine               - enabledMenuItems: []
11:15:31.758 [FXGL Background Thread 3 ] DEBUG Engine               - engineServices: [class com.almasb.fxgl.app.services.FXGLAssetLoaderService, class com.almasb.fxgl.app.FXGLApplication$GameApplicationService, class com.almasb.fxgl.app.services.FXGLDialogService, class com.almasb.fxgl.app.services.IOTaskExecutorService, class com.almasb.fxgl.event.EventBusService, class com.almasb.fxgl.io.FileSystemService, class com.almasb.fxgl.localization.LocalizationService, class com.almasb.fxgl.app.services.SystemBundleService, class com.almasb.fxgl.profile.SaveLoadService, class com.almasb.fxgl.ui.FXGLUIFactoryServiceProvider, class com.almasb.fxgl.ui.FXGLDialogFactoryServiceProvider, class com.almasb.fxgl.audio.AudioPlayer, class com.almasb.fxgl.notification.impl.NotificationServiceProvider, class com.almasb.fxgl.achievement.AchievementService, class com.almasb.fxgl.cutscene.CutsceneService, class com.almasb.fxgl.minigames.MiniGameService, class com.almasb.fxgl.net.NetService, class com.almasb.fxgl.app.services.UpdaterService, class com.almasb.fxgl.dev.DevService]
11:15:31.759 [FXGL Background Thread 3 ] DEBUG Engine               - fontGame: Abel-Regular.ttf
11:15:31.760 [FXGL Background Thread 3 ] DEBUG Engine               - fontMono: lucida_console.ttf
11:15:31.760 [FXGL Background Thread 3 ] DEBUG Engine               - fontText: Courier-Prime.ttf
11:15:31.761 [FXGL Background Thread 3 ] DEBUG Engine               - fontUI: VarelaRound-Regular.ttf
11:15:31.762 [FXGL Background Thread 3 ] DEBUG Engine               - fullScreen: BooleanProperty [value: true]
11:15:31.762 [FXGL Background Thread 3 ] DEBUG Engine               - gameDifficulty: MEDIUM
11:15:31.763 [FXGL Background Thread 3 ] DEBUG Engine               - gameDifficultyProperty: ObjectProperty [value: MEDIUM]
11:15:31.763 [FXGL Background Thread 3 ] DEBUG Engine               - globalMusicVolume: 0.5
11:15:31.764 [FXGL Background Thread 3 ] DEBUG Engine               - globalMusicVolumeProperty: DoubleProperty [value: 0.5]
11:15:31.765 [FXGL Background Thread 3 ] DEBUG Engine               - globalSoundVolume: 0.5
11:15:31.765 [FXGL Background Thread 3 ] DEBUG Engine               - globalSoundVolumeProperty: DoubleProperty [value: 0.5]
11:15:31.765 [FXGL Background Thread 3 ] DEBUG Engine               - height: 720
11:15:31.766 [FXGL Background Thread 3 ] DEBUG Engine               - isAndroid: false
11:15:31.766 [FXGL Background Thread 3 ] DEBUG Engine               - isBrowser: false
11:15:31.766 [FXGL Background Thread 3 ] DEBUG Engine               - isClickFeedbackEnabled: false
11:15:31.767 [FXGL Background Thread 3 ] DEBUG Engine               - isCloseConfirmation: false
11:15:31.767 [FXGL Background Thread 3 ] DEBUG Engine               - isDesktop: true
11:15:31.767 [FXGL Background Thread 3 ] DEBUG Engine               - isDeveloperMenuEnabled: false
11:15:31.768 [FXGL Background Thread 3 ] DEBUG Engine               - isEntityPreloadEnabled: true
11:15:31.768 [FXGL Background Thread 3 ] DEBUG Engine               - isExperimental3D: false
11:15:31.769 [FXGL Background Thread 3 ] DEBUG Engine               - isExperimentalNative: false
11:15:31.769 [FXGL Background Thread 3 ] DEBUG Engine               - isExperimentalTiledLargeMap: false
11:15:31.769 [FXGL Background Thread 3 ] DEBUG Engine               - isFileSystemWriteAllowed: true
11:15:31.770 [FXGL Background Thread 3 ] DEBUG Engine               - isFullScreenAllowed: false
11:15:31.770 [FXGL Background Thread 3 ] DEBUG Engine               - isFullScreenFromStart: true
11:15:31.770 [FXGL Background Thread 3 ] DEBUG Engine               - isGameMenuEnabled: true
11:15:31.770 [FXGL Background Thread 3 ] DEBUG Engine               - isIOS: false
11:15:31.771 [FXGL Background Thread 3 ] DEBUG Engine               - isIntroEnabled: false
11:15:31.771 [FXGL Background Thread 3 ] DEBUG Engine               - isLinux: false
11:15:31.771 [FXGL Background Thread 3 ] DEBUG Engine               - isMac: false
11:15:31.772 [FXGL Background Thread 3 ] DEBUG Engine               - isMainMenuEnabled: false
11:15:31.772 [FXGL Background Thread 3 ] DEBUG Engine               - isManualResizeEnabled: false
11:15:31.772 [FXGL Background Thread 3 ] DEBUG Engine               - isMobile: false
11:15:31.772 [FXGL Background Thread 3 ] DEBUG Engine               - isPreserveResizeRatio: false
11:15:31.773 [FXGL Background Thread 3 ] DEBUG Engine               - isProfilingEnabled: false
11:15:31.773 [FXGL Background Thread 3 ] DEBUG Engine               - isScaleAffectedOnResize: true
11:15:31.773 [FXGL Background Thread 3 ] DEBUG Engine               - isSingleStep: false
11:15:31.774 [FXGL Background Thread 3 ] DEBUG Engine               - isUserProfileEnabled: false
11:15:31.774 [FXGL Background Thread 3 ] DEBUG Engine               - isWindows: true
11:15:31.774 [FXGL Background Thread 3 ] DEBUG Engine               - language: ObjectProperty [value: ENGLISH]
11:15:31.774 [FXGL Background Thread 3 ] DEBUG Engine               - menuKey: ESCAPE
11:15:31.774 [FXGL Background Thread 3 ] DEBUG Engine               - notificationViewClass: class com.almasb.fxgl.notification.view.XboxNotificationView
11:15:31.775 [FXGL Background Thread 3 ] DEBUG Engine               - pixelsPerMeter: 50.0
11:15:31.775 [FXGL Background Thread 3 ] DEBUG Engine               - platform: WINDOWS
11:15:31.775 [FXGL Background Thread 3 ] DEBUG Engine               - prefHeightProperty: ReadOnlyDoubleProperty [value: 720.0]
11:15:31.775 [FXGL Background Thread 3 ] DEBUG Engine               - prefWidthProperty: ReadOnlyDoubleProperty [value: 1280.0]
11:15:31.776 [FXGL Background Thread 3 ] DEBUG Engine               - profileDir: profiles/
11:15:31.776 [FXGL Background Thread 3 ] DEBUG Engine               - profileName: StringProperty [value: DEFAULT]
11:15:31.776 [FXGL Background Thread 3 ] DEBUG Engine               - randomSeed: -1
11:15:31.776 [FXGL Background Thread 3 ] DEBUG Engine               - runtimeInfo: RuntimeInfo(platform=WINDOWS, version=11.14, build=01.03.2021 16.59)
11:15:31.777 [FXGL Background Thread 3 ] DEBUG Engine               - saveFileExt: sav
11:15:31.777 [FXGL Background Thread 3 ] DEBUG Engine               - scaledHeightProp$fxgl: DoubleProperty [bound, value: 720.0]
11:15:31.777 [FXGL Background Thread 3 ] DEBUG Engine               - scaledWidthProp$fxgl: DoubleProperty [bound, value: 1280.0]
11:15:31.778 [FXGL Background Thread 3 ] DEBUG Engine               - sceneFactory: com.almasb.fxgl.app.scene.SceneFactory@6e96170e
11:15:31.778 [FXGL Background Thread 3 ] DEBUG Engine               - secondsIn24h: 60
11:15:31.778 [FXGL Background Thread 3 ] DEBUG Engine               - soundMenuBack: menu/back.wav
11:15:31.778 [FXGL Background Thread 3 ] DEBUG Engine               - soundMenuPress: menu/press.wav
11:15:31.778 [FXGL Background Thread 3 ] DEBUG Engine               - soundMenuSelect: menu/select.wav
11:15:31.778 [FXGL Background Thread 3 ] DEBUG Engine               - soundNotification: core/notification.wav
11:15:31.778 [FXGL Background Thread 3 ] DEBUG Engine               - stageStyle: DECORATED
11:15:31.779 [FXGL Background Thread 3 ] DEBUG Engine               - supportedLanguages: [ENGLISH, FRENCH, GERMAN, HUNGARIAN, RUSSIAN]
11:15:31.779 [FXGL Background Thread 3 ] DEBUG Engine               - ticksPerSecond: -1
11:15:31.779 [FXGL Background Thread 3 ] DEBUG Engine               - title: Wozniak defense
11:15:31.779 [FXGL Background Thread 3 ] DEBUG Engine               - urlGithub: https://github.com/AlmasB/FXGL
11:15:31.779 [FXGL Background Thread 3 ] DEBUG Engine               - urlLeaderboard: http://fxgl-top.herokuapp.com/
11:15:31.780 [FXGL Background Thread 3 ] DEBUG Engine               - urlPOM: https://raw.githubusercontent.com/AlmasB/FXGL/release/README.md
11:15:31.780 [FXGL Background Thread 3 ] DEBUG Engine               - userAppClass: class Game
11:15:31.780 [FXGL Background Thread 3 ] DEBUG Engine               - version: 
11:15:31.780 [FXGL Background Thread 3 ] DEBUG Engine               - versionCheckDays: 7
11:15:31.781 [FXGL Background Thread 3 ] DEBUG Engine               - width: 1280
11:15:31.781 [FXGL Background Thread 3 ] DEBUG Engine               - Logging services
11:15:31.781 [FXGL Background Thread 3 ] DEBUG Engine               - class com.almasb.fxgl.app.services.FXGLAssetLoaderService
11:15:31.781 [FXGL Background Thread 3 ] DEBUG Engine               - class com.almasb.fxgl.app.FXGLApplication$GameApplicationService
11:15:31.781 [FXGL Background Thread 3 ] DEBUG Engine               - class com.almasb.fxgl.app.services.FXGLDialogService
11:15:31.781 [FXGL Background Thread 3 ] DEBUG Engine               - class com.almasb.fxgl.app.services.IOTaskExecutorService
11:15:31.781 [FXGL Background Thread 3 ] DEBUG Engine               - class com.almasb.fxgl.event.EventBusService
11:15:31.781 [FXGL Background Thread 3 ] DEBUG Engine               - class com.almasb.fxgl.io.FileSystemService
11:15:31.781 [FXGL Background Thread 3 ] DEBUG Engine               - class com.almasb.fxgl.localization.LocalizationService
11:15:31.782 [FXGL Background Thread 3 ] DEBUG Engine               - class com.almasb.fxgl.app.services.SystemBundleService
11:15:31.782 [FXGL Background Thread 3 ] DEBUG Engine               - class com.almasb.fxgl.profile.SaveLoadService
11:15:31.782 [FXGL Background Thread 3 ] DEBUG Engine               - class com.almasb.fxgl.ui.FXGLUIFactoryServiceProvider
11:15:31.782 [FXGL Background Thread 3 ] DEBUG Engine               - class com.almasb.fxgl.ui.FXGLDialogFactoryServiceProvider
11:15:31.783 [FXGL Background Thread 3 ] DEBUG Engine               - class com.almasb.fxgl.audio.AudioPlayer
11:15:31.783 [FXGL Background Thread 3 ] DEBUG Engine               - class com.almasb.fxgl.notification.impl.NotificationServiceProvider
11:15:31.783 [FXGL Background Thread 3 ] DEBUG Engine               - class com.almasb.fxgl.achievement.AchievementService
11:15:31.783 [FXGL Background Thread 3 ] DEBUG Engine               - class com.almasb.fxgl.cutscene.CutsceneService
11:15:31.783 [FXGL Background Thread 3 ] DEBUG Engine               - class com.almasb.fxgl.minigames.MiniGameService
11:15:31.783 [FXGL Background Thread 3 ] DEBUG Engine               - class com.almasb.fxgl.net.NetService
11:15:31.783 [FXGL Background Thread 3 ] DEBUG Engine               - class com.almasb.fxgl.app.services.UpdaterService
11:15:31.783 [FXGL Background Thread 3 ] DEBUG Engine               - class com.almasb.fxgl.dev.DevService
11:15:40.528 [JavaFX Application Thread] DEBUG FXGLApplication      - Exiting FXGL
11:15:40.529 [JavaFX Application Thread] DEBUG LoopRunner           - Stopping loop
11:15:40.529 [JavaFX Application Thread] DEBUG SystemBundleService  - Saving FXGL system data
11:15:40.538 [JavaFX Application Thread] DEBUG FileSystemAccess     - Writing to: C:\Users\zthijs\Desktop\IPOSE\system\fxgl.bundle
11:15:40.541 [JavaFX Application Thread] DEBUG Async                - Shutting down background threads
11:15:40.542 [JavaFX Application Thread] DEBUG PrimaryStageWindow   - Closing main window
11:15:40.566 [JavaFX Application Thread] DEBUG Logger               - Closing Logger
