13:24:02.120 [main                     ] DEBUG Logger               - Configured Logger
13:24:02.182 [main                     ] DEBUG GameApplication      - Logging settings
Title: Wozniak defense
Version: 
Width: 1280
Height: 720
Fullscreen: false
Intro: false
Profiling: false
Single step:false
App Mode: DEVELOPER
Menu Key: ESCAPE
Stage Style: DECORATED
Scene Factory: class com.almasb.fxgl.app.scene.SceneFactory

13:24:03.115 [JavaFX Application Thread] DEBUG FXGLApplication      - Initializing FXGL
13:24:03.122 [JavaFX Application Thread] INFO  Engine               - FXGL-11.14 (01.03.2021 16.59) on WINDOWS (J:15.0.2 FX:15)
13:24:03.123 [JavaFX Application Thread] DEBUG Engine               - JRE Vendor Name: Amazon.com Inc.
13:24:03.124 [JavaFX Application Thread] DEBUG Engine               - Running on OS: Windows 10 version 10.0
13:24:03.125 [JavaFX Application Thread] DEBUG Engine               - Architecture: amd64
13:24:03.125 [JavaFX Application Thread] INFO  Engine               - Source code and latest versions at: https://github.com/AlmasB/FXGL
13:24:03.126 [JavaFX Application Thread] INFO  Engine               -              Join the FXGL chat at: https://gitter.im/AlmasB/FXGL
13:24:03.385 [JavaFX Application Thread] DEBUG PrimaryStageWindow   - Creating a JavaFX scene
13:24:03.494 [JavaFX Application Thread] DEBUG PrimaryStageWindow   - Target settings size: 1280.0 x 720.0
13:24:03.495 [JavaFX Application Thread] DEBUG PrimaryStageWindow   - Scaled scene size:    1280.0 x 720.0
13:24:03.495 [JavaFX Application Thread] DEBUG PrimaryStageWindow   - Scaled ratio: (1.0, 1.0)
13:24:03.497 [JavaFX Application Thread] DEBUG PrimaryStageWindow   - Set initial scene to FXGLStartupScene
13:24:03.512 [JavaFX Application Thread] DEBUG PrimaryStageWindow   - Opening main window
13:24:03.674 [JavaFX Application Thread] DEBUG PrimaryStageWindow   - Window border size: (16.0, 39.0)
13:24:03.674 [JavaFX Application Thread] DEBUG PrimaryStageWindow   - Scaled size: 1280.0 x 720.0
13:24:03.675 [JavaFX Application Thread] DEBUG PrimaryStageWindow   - Scaled ratio: (1.0, 1.0)
13:24:03.676 [JavaFX Application Thread] DEBUG PrimaryStageWindow   - Scene size: 1280.0 x 720.0
13:24:03.677 [JavaFX Application Thread] DEBUG PrimaryStageWindow   - Stage size: 1296.0 x 759.0
13:24:03.699 [FXGL Background Thread 1 ] DEBUG Engine               - Initializing environment variables
13:24:03.796 [FXGL Background Thread 1 ] DEBUG FXGLAssetLoaderServi - User app class for loading assets: class Game
13:24:03.797 [FXGL Background Thread 1 ] DEBUG GameApplicationServi - Applying CSS: fxgl_dark.css
13:24:03.799 [FXGL Background Thread 1 ] DEBUG FXGLAssetLoaderServi - Loading from file system: jar:file:/C:/Users/zthijs/.m2/repository/com/github/almasb/fxgl/11.14/fxgl-11.14.jar!/fxglassets/ui/css/fxgl_dark.css
13:24:03.909 [FXGL Background Thread 1 ] DEBUG GameApplicationServi - Initializing application scenes
13:24:03.999 [FXGL Background Thread 1 ] DEBUG GameWorld            - Game world initialized
13:24:04.159 [FXGL Background Thread 1 ] DEBUG PhysicsWorld         - Physics world initialized: appHeight=720, physics.ppm=50,0
13:24:04.159 [FXGL Background Thread 1 ] DEBUG PhysicsWorld         - Using strategy: BRUTE_FORCE
13:24:04.164 [FXGL Background Thread 1 ] DEBUG GameScene            - Game scene initialized: 1280x720
13:24:04.230 [FXGL Background Thread 1 ] DEBUG FXGLAssetLoaderServi - Loading from file system: jar:file:/C:/Users/zthijs/.m2/repository/com/github/almasb/fxgl/11.14/fxgl-11.14.jar!/fxglassets/textures/particles/trace_horizontal.png
13:24:04.317 [FXGL Background Thread 1 ] DEBUG FXGL.DefaultMenu     - createMenuBodyGameMenu()
13:24:04.341 [FXGL Background Thread 1 ] DEBUG FXGL.DefaultMenu     - createOptionsMenu()
13:24:04.348 [FXGL Background Thread 1 ] DEBUG FXGLAssetLoaderServi - Loading from file system: jar:file:/C:/Users/zthijs/.m2/repository/com/github/almasb/fxgl/11.14/fxgl-11.14.jar!/fxglassets/textures/particles/smoke.png
13:24:04.442 [FXGL Background Thread 1 ] DEBUG GameApplicationServi - Application scenes initialized
13:24:04.468 [FXGL Background Thread 1 ] DEBUG SystemBundleService  - Loading default FXGL system data
13:24:04.469 [FXGL Background Thread 1 ] DEBUG UpdaterService       - Checking for updates
13:24:04.476 [FXGL Background Thread 4 ] DEBUG FXGLApplication      - Loading fonts
13:24:04.476 [FXGL Background Thread 1 ] DEBUG FXGLApplication      - Loading default localization
13:24:04.477 [FXGL Background Thread 4 ] DEBUG FXGLAssetLoaderServi - Loading from file system: jar:file:/C:/Users/zthijs/.m2/repository/com/github/almasb/fxgl/11.14/fxgl-11.14.jar!/fxglassets/ui/fonts/VarelaRound-Regular.ttf
13:24:04.477 [FXGL Background Thread 1 ] DEBUG FXGLAssetLoaderServi - Loading from file system: jar:file:/C:/Users/zthijs/.m2/repository/com/github/almasb/fxgl/11.14/fxgl-11.14.jar!/fxglassets/languages/english.lang
13:24:04.504 [FXGL Background Thread 1 ] INFO  FXGLApplication      - FXGL initialization took: 0,805 sec
13:24:04.528 [JavaFX Application Thread] DEBUG Input                - Registered new binding: action0 - W
13:24:04.529 [JavaFX Application Thread] DEBUG FXGLAssetLoaderServi - Loading from file system: file:/C:/Users/zthijs/Desktop/IPOSE/target/classes/assets/textures/wozniak.png
13:24:04.569 [JavaFX Application Thread] DEBUG FXGLAssetLoaderServi - Loading from file system: jar:file:/C:/Users/zthijs/.m2/repository/com/github/almasb/fxgl/11.14/fxgl-11.14.jar!/fxglassets/ui/cursors/fxgl_default.png
13:24:04.574 [JavaFX Application Thread] DEBUG Input                - Registered new binding: Screenshot - P
13:24:04.575 [JavaFX Application Thread] DEBUG Input                - Registered new binding: System info dump - CTRL+9
13:24:04.576 [JavaFX Application Thread] DEBUG Input                - Registered new binding: Restart - CTRL+R
13:24:04.578 [JavaFX Application Thread] DEBUG Input                - Registered new binding: Toggle Debug Camera - CTRL+C
13:24:04.584 [JavaFX Application Thread] DEBUG LoopRunner           - Starting loop
13:24:04.585 [JavaFX Application Thread] DEBUG LoopRunner           - Initializing JavaFX AnimationTimerLoop
13:24:04.589 [JavaFX Application Thread] DEBUG GameApplicationServi - Starting new game
13:24:04.590 [JavaFX Application Thread] DEBUG Input                - Clearing active input actions
13:24:04.612 [JavaFX Application Thread] DEBUG GameApplicationServi - Removing overlay from FXGLStartupScene and adding to FXGLLoadingScene
13:24:04.613 [JavaFX Application Thread] DEBUG PrimaryStageWindow   - FXGLStartupScene -> FXGLLoadingScene
13:24:04.613 [JavaFX Application Thread] DEBUG GameApplicationServi - Clearing previous game
13:24:04.614 [JavaFX Application Thread] DEBUG GameScene            - Clearing game scene
13:24:04.614 [JavaFX Application Thread] DEBUG GameWorld            - Clearing game world
13:24:04.615 [JavaFX Application Thread] DEBUG PhysicsWorld         - Clearing physics world
13:24:04.618 [FXGL Background Thread 1 ] DEBUG FXGLApplication      - Initializing game
13:24:04.624 [FXGL Background Thread 1 ] DEBUG FXGLAssetLoaderServi - Loading from file system: file:/C:/Users/zthijs/Desktop/IPOSE/target/classes/assets/textures/gras.png
13:24:04.635 [FXGL Background Thread 4 ] DEBUG FXGLAssetLoaderServi - Loading from file system: jar:file:/C:/Users/zthijs/.m2/repository/com/github/almasb/fxgl/11.14/fxgl-11.14.jar!/fxglassets/ui/fonts/Abel-Regular.ttf
13:24:04.652 [FXGL Background Thread 1 ] DEBUG FXGLAssetLoaderServi - Loading from file system: file:/C:/Users/zthijs/Desktop/IPOSE/target/classes/assets/textures/stone.jpg
13:24:04.659 [FXGL Background Thread 4 ] DEBUG FXGLAssetLoaderServi - Loading from file system: jar:file:/C:/Users/zthijs/.m2/repository/com/github/almasb/fxgl/11.14/fxgl-11.14.jar!/fxglassets/ui/fonts/lucida_console.ttf
13:24:04.690 [FXGL Background Thread 4 ] DEBUG FXGLAssetLoaderServi - Loading from file system: jar:file:/C:/Users/zthijs/.m2/repository/com/github/almasb/fxgl/11.14/fxgl-11.14.jar!/fxglassets/ui/fonts/Courier-Prime.ttf
13:24:04.714 [FXGL Background Thread 1 ] DEBUG FXGLAssetLoaderServi - Loading from file system: file:/C:/Users/zthijs/Desktop/IPOSE/target/classes/assets/textures/heiko.png
13:24:04.758 [FXGL Background Thread 1 ] DEBUG FXGLAssetLoaderServi - Loading from file system: file:/C:/Users/zthijs/Desktop/IPOSE/target/classes/assets/textures/mud.png
13:24:04.796 [FXGL Background Thread 1 ] INFO  FXGLApplication      - Game initialization took: 0,178 sec
13:24:04.889 [JavaFX Application Thread] DEBUG FXGLApplication      - Registering font factories with UI factory
13:24:04.894 [JavaFX Application Thread] DEBUG Input                - Clearing active input actions
13:24:04.947 [JavaFX Application Thread] DEBUG GameApplicationServi - Removing overlay from FXGLLoadingScene and adding to GameScene
13:24:04.948 [JavaFX Application Thread] DEBUG PrimaryStageWindow   - FXGLLoadingScene -> GameScene
13:24:05.412 [FXGL Background Thread 2 ] INFO  UpdaterService       - Your current version:  11.14
13:24:05.413 [FXGL Background Thread 2 ] INFO  UpdaterService       - Latest stable version: 17.1
13:24:07.475 [FXGL Background Thread 3 ] DEBUG Engine               - Logging environment variables
13:24:07.476 [FXGL Background Thread 3 ] DEBUG Engine               - achievements: []
13:24:07.476 [FXGL Background Thread 3 ] DEBUG Engine               - actualHeight: 720.0
13:24:07.477 [FXGL Background Thread 3 ] DEBUG Engine               - actualHeightProperty: ReadOnlyDoubleProperty [value: 720.0]
13:24:07.477 [FXGL Background Thread 3 ] DEBUG Engine               - actualWidth: 1280.0
13:24:07.478 [FXGL Background Thread 3 ] DEBUG Engine               - actualWidthProperty: ReadOnlyDoubleProperty [value: 1280.0]
13:24:07.478 [FXGL Background Thread 3 ] DEBUG Engine               - appIcon: wozniak.png
13:24:07.478 [FXGL Background Thread 3 ] DEBUG Engine               - applicationMode: DEVELOPER
13:24:07.478 [FXGL Background Thread 3 ] DEBUG Engine               - cSSList: [fxgl_dark.css]
13:24:07.478 [FXGL Background Thread 3 ] DEBUG Engine               - collisionDetectionStrategy: BRUTE_FORCE
13:24:07.479 [FXGL Background Thread 3 ] DEBUG Engine               - configClass: Optional.empty
13:24:07.479 [FXGL Background Thread 3 ] DEBUG Engine               - credits: []
13:24:07.479 [FXGL Background Thread 3 ] DEBUG Engine               - devBBoxColorProperty: ObjectProperty [value: 0xff0000ff]
13:24:07.480 [FXGL Background Thread 3 ] DEBUG Engine               - devEnableDebugCameraProperty: BooleanProperty [value: false]
13:24:07.480 [FXGL Background Thread 3 ] DEBUG Engine               - devSensorColorProperty: ObjectProperty [value: 0xffff00ff]
13:24:07.481 [FXGL Background Thread 3 ] DEBUG Engine               - devShowBBoxProperty: BooleanProperty [value: false]
13:24:07.481 [FXGL Background Thread 3 ] DEBUG Engine               - devShowPositionProperty: BooleanProperty [value: false]
13:24:07.482 [FXGL Background Thread 3 ] DEBUG Engine               - enabledMenuItems: []
13:24:07.482 [FXGL Background Thread 3 ] DEBUG Engine               - engineServices: [class com.almasb.fxgl.app.services.FXGLAssetLoaderService, class com.almasb.fxgl.app.FXGLApplication$GameApplicationService, class com.almasb.fxgl.app.services.FXGLDialogService, class com.almasb.fxgl.app.services.IOTaskExecutorService, class com.almasb.fxgl.event.EventBusService, class com.almasb.fxgl.io.FileSystemService, class com.almasb.fxgl.localization.LocalizationService, class com.almasb.fxgl.app.services.SystemBundleService, class com.almasb.fxgl.profile.SaveLoadService, class com.almasb.fxgl.ui.FXGLUIFactoryServiceProvider, class com.almasb.fxgl.ui.FXGLDialogFactoryServiceProvider, class com.almasb.fxgl.audio.AudioPlayer, class com.almasb.fxgl.notification.impl.NotificationServiceProvider, class com.almasb.fxgl.achievement.AchievementService, class com.almasb.fxgl.cutscene.CutsceneService, class com.almasb.fxgl.minigames.MiniGameService, class com.almasb.fxgl.net.NetService, class com.almasb.fxgl.app.services.UpdaterService, class com.almasb.fxgl.dev.DevService]
13:24:07.482 [FXGL Background Thread 3 ] DEBUG Engine               - fontGame: Abel-Regular.ttf
13:24:07.483 [FXGL Background Thread 3 ] DEBUG Engine               - fontMono: lucida_console.ttf
13:24:07.483 [FXGL Background Thread 3 ] DEBUG Engine               - fontText: Courier-Prime.ttf
13:24:07.483 [FXGL Background Thread 3 ] DEBUG Engine               - fontUI: VarelaRound-Regular.ttf
13:24:07.484 [FXGL Background Thread 3 ] DEBUG Engine               - fullScreen: BooleanProperty [value: true]
13:24:07.484 [FXGL Background Thread 3 ] DEBUG Engine               - gameDifficulty: MEDIUM
13:24:07.484 [FXGL Background Thread 3 ] DEBUG Engine               - gameDifficultyProperty: ObjectProperty [value: MEDIUM]
13:24:07.485 [FXGL Background Thread 3 ] DEBUG Engine               - globalMusicVolume: 0.5
13:24:07.485 [FXGL Background Thread 3 ] DEBUG Engine               - globalMusicVolumeProperty: DoubleProperty [value: 0.5]
13:24:07.485 [FXGL Background Thread 3 ] DEBUG Engine               - globalSoundVolume: 0.5
13:24:07.486 [FXGL Background Thread 3 ] DEBUG Engine               - globalSoundVolumeProperty: DoubleProperty [value: 0.5]
13:24:07.486 [FXGL Background Thread 3 ] DEBUG Engine               - height: 720
13:24:07.487 [FXGL Background Thread 3 ] DEBUG Engine               - isAndroid: false
13:24:07.487 [FXGL Background Thread 3 ] DEBUG Engine               - isBrowser: false
13:24:07.488 [FXGL Background Thread 3 ] DEBUG Engine               - isClickFeedbackEnabled: false
13:24:07.488 [FXGL Background Thread 3 ] DEBUG Engine               - isCloseConfirmation: false
13:24:07.488 [FXGL Background Thread 3 ] DEBUG Engine               - isDesktop: true
13:24:07.488 [FXGL Background Thread 3 ] DEBUG Engine               - isDeveloperMenuEnabled: false
13:24:07.489 [FXGL Background Thread 3 ] DEBUG Engine               - isEntityPreloadEnabled: true
13:24:07.489 [FXGL Background Thread 3 ] DEBUG Engine               - isExperimental3D: false
13:24:07.490 [FXGL Background Thread 3 ] DEBUG Engine               - isExperimentalNative: false
13:24:07.491 [FXGL Background Thread 3 ] DEBUG Engine               - isExperimentalTiledLargeMap: false
13:24:07.491 [FXGL Background Thread 3 ] DEBUG Engine               - isFileSystemWriteAllowed: true
13:24:07.492 [FXGL Background Thread 3 ] DEBUG Engine               - isFullScreenAllowed: false
13:24:07.492 [FXGL Background Thread 3 ] DEBUG Engine               - isFullScreenFromStart: true
13:24:07.493 [FXGL Background Thread 3 ] DEBUG Engine               - isGameMenuEnabled: true
13:24:07.493 [FXGL Background Thread 3 ] DEBUG Engine               - isIOS: false
13:24:07.494 [FXGL Background Thread 3 ] DEBUG Engine               - isIntroEnabled: false
13:24:07.494 [FXGL Background Thread 3 ] DEBUG Engine               - isLinux: false
13:24:07.494 [FXGL Background Thread 3 ] DEBUG Engine               - isMac: false
13:24:07.495 [FXGL Background Thread 3 ] DEBUG Engine               - isMainMenuEnabled: false
13:24:07.495 [FXGL Background Thread 3 ] DEBUG Engine               - isManualResizeEnabled: false
13:24:07.495 [FXGL Background Thread 3 ] DEBUG Engine               - isMobile: false
13:24:07.495 [FXGL Background Thread 3 ] DEBUG Engine               - isPreserveResizeRatio: false
13:24:07.496 [FXGL Background Thread 3 ] DEBUG Engine               - isProfilingEnabled: false
13:24:07.496 [FXGL Background Thread 3 ] DEBUG Engine               - isScaleAffectedOnResize: true
13:24:07.496 [FXGL Background Thread 3 ] DEBUG Engine               - isSingleStep: false
13:24:07.496 [FXGL Background Thread 3 ] DEBUG Engine               - isUserProfileEnabled: false
13:24:07.496 [FXGL Background Thread 3 ] DEBUG Engine               - isWindows: true
13:24:07.497 [FXGL Background Thread 3 ] DEBUG Engine               - language: ObjectProperty [value: ENGLISH]
13:24:07.497 [FXGL Background Thread 3 ] DEBUG Engine               - menuKey: ESCAPE
13:24:07.498 [FXGL Background Thread 3 ] DEBUG Engine               - notificationViewClass: class com.almasb.fxgl.notification.view.XboxNotificationView
13:24:07.498 [FXGL Background Thread 3 ] DEBUG Engine               - pixelsPerMeter: 50.0
13:24:07.498 [FXGL Background Thread 3 ] DEBUG Engine               - platform: WINDOWS
13:24:07.499 [FXGL Background Thread 3 ] DEBUG Engine               - prefHeightProperty: ReadOnlyDoubleProperty [value: 720.0]
13:24:07.499 [FXGL Background Thread 3 ] DEBUG Engine               - prefWidthProperty: ReadOnlyDoubleProperty [value: 1280.0]
13:24:07.499 [FXGL Background Thread 3 ] DEBUG Engine               - profileDir: profiles/
13:24:07.499 [FXGL Background Thread 3 ] DEBUG Engine               - profileName: StringProperty [value: DEFAULT]
13:24:07.500 [FXGL Background Thread 3 ] DEBUG Engine               - randomSeed: -1
13:24:07.500 [FXGL Background Thread 3 ] DEBUG Engine               - runtimeInfo: RuntimeInfo(platform=WINDOWS, version=11.14, build=01.03.2021 16.59)
13:24:07.500 [FXGL Background Thread 3 ] DEBUG Engine               - saveFileExt: sav
13:24:07.501 [FXGL Background Thread 3 ] DEBUG Engine               - scaledHeightProp$fxgl: DoubleProperty [bound, value: 720.0]
13:24:07.501 [FXGL Background Thread 3 ] DEBUG Engine               - scaledWidthProp$fxgl: DoubleProperty [bound, value: 1280.0]
13:24:07.501 [FXGL Background Thread 3 ] DEBUG Engine               - sceneFactory: com.almasb.fxgl.app.scene.SceneFactory@7a685a3c
13:24:07.502 [FXGL Background Thread 3 ] DEBUG Engine               - secondsIn24h: 60
13:24:07.502 [FXGL Background Thread 3 ] DEBUG Engine               - soundMenuBack: menu/back.wav
13:24:07.502 [FXGL Background Thread 3 ] DEBUG Engine               - soundMenuPress: menu/press.wav
13:24:07.503 [FXGL Background Thread 3 ] DEBUG Engine               - soundMenuSelect: menu/select.wav
13:24:07.503 [FXGL Background Thread 3 ] DEBUG Engine               - soundNotification: core/notification.wav
13:24:07.503 [FXGL Background Thread 3 ] DEBUG Engine               - stageStyle: DECORATED
13:24:07.504 [FXGL Background Thread 3 ] DEBUG Engine               - supportedLanguages: [ENGLISH, FRENCH, GERMAN, HUNGARIAN, RUSSIAN]
13:24:07.504 [FXGL Background Thread 3 ] DEBUG Engine               - ticksPerSecond: -1
13:24:07.504 [FXGL Background Thread 3 ] DEBUG Engine               - title: Wozniak defense
13:24:07.504 [FXGL Background Thread 3 ] DEBUG Engine               - urlGithub: https://github.com/AlmasB/FXGL
13:24:07.505 [FXGL Background Thread 3 ] DEBUG Engine               - urlLeaderboard: http://fxgl-top.herokuapp.com/
13:24:07.505 [FXGL Background Thread 3 ] DEBUG Engine               - urlPOM: https://raw.githubusercontent.com/AlmasB/FXGL/release/README.md
13:24:07.505 [FXGL Background Thread 3 ] DEBUG Engine               - userAppClass: class Game
13:24:07.506 [FXGL Background Thread 3 ] DEBUG Engine               - version: 
13:24:07.506 [FXGL Background Thread 3 ] DEBUG Engine               - versionCheckDays: 7
13:24:07.506 [FXGL Background Thread 3 ] DEBUG Engine               - width: 1280
13:24:07.507 [FXGL Background Thread 3 ] DEBUG Engine               - Logging services
13:24:07.507 [FXGL Background Thread 3 ] DEBUG Engine               - class com.almasb.fxgl.app.services.FXGLAssetLoaderService
13:24:07.508 [FXGL Background Thread 3 ] DEBUG Engine               - class com.almasb.fxgl.app.FXGLApplication$GameApplicationService
13:24:07.508 [FXGL Background Thread 3 ] DEBUG Engine               - class com.almasb.fxgl.app.services.FXGLDialogService
13:24:07.509 [FXGL Background Thread 3 ] DEBUG Engine               - class com.almasb.fxgl.app.services.IOTaskExecutorService
13:24:07.509 [FXGL Background Thread 3 ] DEBUG Engine               - class com.almasb.fxgl.event.EventBusService
13:24:07.509 [FXGL Background Thread 3 ] DEBUG Engine               - class com.almasb.fxgl.io.FileSystemService
13:24:07.509 [FXGL Background Thread 3 ] DEBUG Engine               - class com.almasb.fxgl.localization.LocalizationService
13:24:07.509 [FXGL Background Thread 3 ] DEBUG Engine               - class com.almasb.fxgl.app.services.SystemBundleService
13:24:07.510 [FXGL Background Thread 3 ] DEBUG Engine               - class com.almasb.fxgl.profile.SaveLoadService
13:24:07.510 [FXGL Background Thread 3 ] DEBUG Engine               - class com.almasb.fxgl.ui.FXGLUIFactoryServiceProvider
13:24:07.510 [FXGL Background Thread 3 ] DEBUG Engine               - class com.almasb.fxgl.ui.FXGLDialogFactoryServiceProvider
13:24:07.510 [FXGL Background Thread 3 ] DEBUG Engine               - class com.almasb.fxgl.audio.AudioPlayer
13:24:07.510 [FXGL Background Thread 3 ] DEBUG Engine               - class com.almasb.fxgl.notification.impl.NotificationServiceProvider
13:24:07.511 [FXGL Background Thread 3 ] DEBUG Engine               - class com.almasb.fxgl.achievement.AchievementService
13:24:07.511 [FXGL Background Thread 3 ] DEBUG Engine               - class com.almasb.fxgl.cutscene.CutsceneService
13:24:07.511 [FXGL Background Thread 3 ] DEBUG Engine               - class com.almasb.fxgl.minigames.MiniGameService
13:24:07.511 [FXGL Background Thread 3 ] DEBUG Engine               - class com.almasb.fxgl.net.NetService
13:24:07.512 [FXGL Background Thread 3 ] DEBUG Engine               - class com.almasb.fxgl.app.services.UpdaterService
13:24:07.512 [FXGL Background Thread 3 ] DEBUG Engine               - class com.almasb.fxgl.dev.DevService
13:24:27.743 [JavaFX Application Thread] DEBUG FXGLApplication      - Exiting FXGL
13:24:27.744 [JavaFX Application Thread] DEBUG LoopRunner           - Stopping loop
13:24:27.744 [JavaFX Application Thread] DEBUG SystemBundleService  - Saving FXGL system data
13:24:27.756 [JavaFX Application Thread] DEBUG FileSystemAccess     - Writing to: C:\Users\zthijs\Desktop\IPOSE\system\fxgl.bundle
13:24:27.769 [JavaFX Application Thread] DEBUG Async                - Shutting down background threads
13:24:27.769 [JavaFX Application Thread] DEBUG PrimaryStageWindow   - Closing main window
13:24:27.807 [JavaFX Application Thread] DEBUG Logger               - Closing Logger
