12:47:30.070 [main                     ] DEBUG Logger               - Configured Logger
12:47:30.087 [main                     ] DEBUG GameApplication      - Logging settings
Title: Wozniak defense
Version: 
Width: 1280
Height: 720
Fullscreen: false
Intro: false
Profiling: false
Single step:false
App Mode: DEVELOPER
Menu Key: ESCAPE
Stage Style: DECORATED
Scene Factory: class com.almasb.fxgl.app.scene.SceneFactory

12:47:30.562 [JavaFX Application Thread] DEBUG FXGLApplication      - Initializing FXGL
12:47:30.565 [JavaFX Application Thread] INFO  Engine               - FXGL-11.14 (01.03.2021 16.59) on WINDOWS (J:15.0.2 FX:15)
12:47:30.566 [JavaFX Application Thread] DEBUG Engine               - JRE Vendor Name: Amazon.com Inc.
12:47:30.566 [JavaFX Application Thread] DEBUG Engine               - Running on OS: Windows 10 version 10.0
12:47:30.566 [JavaFX Application Thread] DEBUG Engine               - Architecture: amd64
12:47:30.566 [JavaFX Application Thread] INFO  Engine               - Source code and latest versions at: https://github.com/AlmasB/FXGL
12:47:30.567 [JavaFX Application Thread] INFO  Engine               -              Join the FXGL chat at: https://gitter.im/AlmasB/FXGL
12:47:30.734 [JavaFX Application Thread] DEBUG PrimaryStageWindow   - Creating a JavaFX scene
12:47:30.819 [JavaFX Application Thread] DEBUG PrimaryStageWindow   - Target settings size: 1280.0 x 720.0
12:47:30.820 [JavaFX Application Thread] DEBUG PrimaryStageWindow   - Scaled scene size:    1280.0 x 720.0
12:47:30.820 [JavaFX Application Thread] DEBUG PrimaryStageWindow   - Scaled ratio: (1.0, 1.0)
12:47:30.821 [JavaFX Application Thread] DEBUG PrimaryStageWindow   - Set initial scene to FXGLStartupScene
12:47:30.833 [JavaFX Application Thread] DEBUG PrimaryStageWindow   - Opening main window
12:47:30.945 [JavaFX Application Thread] DEBUG PrimaryStageWindow   - Window border size: (16.0, 39.0)
12:47:30.945 [JavaFX Application Thread] DEBUG PrimaryStageWindow   - Scaled size: 1280.0 x 720.0
12:47:30.945 [JavaFX Application Thread] DEBUG PrimaryStageWindow   - Scaled ratio: (1.0, 1.0)
12:47:30.946 [JavaFX Application Thread] DEBUG PrimaryStageWindow   - Scene size: 1280.0 x 720.0
12:47:30.946 [JavaFX Application Thread] DEBUG PrimaryStageWindow   - Stage size: 1296.0 x 759.0
12:47:30.955 [FXGL Background Thread 1 ] DEBUG Engine               - Initializing environment variables
12:47:31.015 [FXGL Background Thread 1 ] DEBUG FXGLAssetLoaderServi - User app class for loading assets: class Game
12:47:31.016 [FXGL Background Thread 1 ] DEBUG GameApplicationServi - Applying CSS: fxgl_dark.css
12:47:31.018 [FXGL Background Thread 1 ] DEBUG FXGLAssetLoaderServi - Loading from file system: jar:file:/C:/Users/zthijs/.m2/repository/com/github/almasb/fxgl/11.14/fxgl-11.14.jar!/fxglassets/ui/css/fxgl_dark.css
12:47:31.111 [FXGL Background Thread 1 ] DEBUG GameApplicationServi - Initializing application scenes
12:47:31.178 [FXGL Background Thread 1 ] DEBUG GameWorld            - Game world initialized
12:47:31.271 [FXGL Background Thread 1 ] DEBUG PhysicsWorld         - Physics world initialized: appHeight=720, physics.ppm=50,0
12:47:31.271 [FXGL Background Thread 1 ] DEBUG PhysicsWorld         - Using strategy: BRUTE_FORCE
12:47:31.277 [FXGL Background Thread 1 ] DEBUG GameScene            - Game scene initialized: 1280x720
12:47:31.326 [FXGL Background Thread 1 ] DEBUG FXGLAssetLoaderServi - Loading from file system: jar:file:/C:/Users/zthijs/.m2/repository/com/github/almasb/fxgl/11.14/fxgl-11.14.jar!/fxglassets/textures/particles/trace_horizontal.png
12:47:31.388 [FXGL Background Thread 1 ] DEBUG FXGL.DefaultMenu     - createMenuBodyGameMenu()
12:47:31.404 [FXGL Background Thread 1 ] DEBUG FXGL.DefaultMenu     - createOptionsMenu()
12:47:31.409 [FXGL Background Thread 1 ] DEBUG FXGLAssetLoaderServi - Loading from file system: jar:file:/C:/Users/zthijs/.m2/repository/com/github/almasb/fxgl/11.14/fxgl-11.14.jar!/fxglassets/textures/particles/smoke.png
12:47:31.481 [FXGL Background Thread 1 ] DEBUG GameApplicationServi - Application scenes initialized
12:47:31.493 [FXGL Background Thread 1 ] DEBUG SystemBundleService  - Loading FXGL system data
12:47:31.498 [FXGL Background Thread 1 ] DEBUG FileSystemAccess     - Reading from: C:\Users\zthijs\Desktop\IPOSE\system\fxgl.bundle
12:47:31.504 [FXGL Background Thread 1 ] DEBUG SystemBundleService  - Bundle FXGL: {}
12:47:31.504 [FXGL Background Thread 1 ] DEBUG UpdaterService       - Checking for updates
12:47:31.509 [FXGL Background Thread 4 ] DEBUG FXGLApplication      - Loading fonts
12:47:31.510 [FXGL Background Thread 4 ] DEBUG FXGLAssetLoaderServi - Loading from file system: jar:file:/C:/Users/zthijs/.m2/repository/com/github/almasb/fxgl/11.14/fxgl-11.14.jar!/fxglassets/ui/fonts/VarelaRound-Regular.ttf
12:47:31.511 [FXGL Background Thread 1 ] DEBUG FXGLAssetLoaderServi - Loading from file system: jar:file:/C:/Users/zthijs/.m2/repository/com/github/almasb/fxgl/11.14/fxgl-11.14.jar!/fxglassets/languages/english.lang
12:47:31.534 [FXGL Background Thread 1 ] INFO  FXGLApplication      - FXGL initialization took: 0,578 sec
12:47:31.536 [JavaFX Application Thread] DEBUG FXGLAssetLoaderServi - Loading from file system: file:/C:/Users/zthijs/Desktop/IPOSE/target/classes/assets/textures/wozniak.png
12:47:31.557 [JavaFX Application Thread] DEBUG FXGLAssetLoaderServi - Loading from file system: jar:file:/C:/Users/zthijs/.m2/repository/com/github/almasb/fxgl/11.14/fxgl-11.14.jar!/fxglassets/ui/cursors/fxgl_default.png
12:47:31.571 [JavaFX Application Thread] DEBUG Input                - Registered new binding: Screenshot - P
12:47:31.572 [JavaFX Application Thread] DEBUG Input                - Registered new binding: System info dump - CTRL+9
12:47:31.572 [JavaFX Application Thread] DEBUG Input                - Registered new binding: Restart - CTRL+R
12:47:31.574 [JavaFX Application Thread] DEBUG Input                - Registered new binding: Toggle Debug Camera - CTRL+C
12:47:31.578 [JavaFX Application Thread] DEBUG LoopRunner           - Starting loop
12:47:31.579 [JavaFX Application Thread] DEBUG LoopRunner           - Initializing JavaFX AnimationTimerLoop
12:47:31.581 [JavaFX Application Thread] DEBUG GameApplicationServi - Starting new game
12:47:31.582 [JavaFX Application Thread] DEBUG Input                - Clearing active input actions
12:47:31.600 [JavaFX Application Thread] DEBUG GameApplicationServi - Removing overlay from FXGLStartupScene and adding to FXGLLoadingScene
12:47:31.601 [JavaFX Application Thread] DEBUG PrimaryStageWindow   - FXGLStartupScene -> FXGLLoadingScene
12:47:31.601 [JavaFX Application Thread] DEBUG GameApplicationServi - Clearing previous game
12:47:31.601 [JavaFX Application Thread] DEBUG GameScene            - Clearing game scene
12:47:31.602 [JavaFX Application Thread] DEBUG GameWorld            - Clearing game world
12:47:31.602 [JavaFX Application Thread] DEBUG PhysicsWorld         - Clearing physics world
12:47:31.604 [FXGL Background Thread 1 ] DEBUG FXGLApplication      - Initializing game
12:47:31.611 [FXGL Background Thread 1 ] DEBUG FXGLAssetLoaderServi - Loading from file system: file:/C:/Users/zthijs/Desktop/IPOSE/target/classes/assets/textures/gras.png
12:47:31.627 [FXGL Background Thread 1 ] DEBUG FXGLAssetLoaderServi - Loading from file system: file:/C:/Users/zthijs/Desktop/IPOSE/target/classes/assets/textures/stone.jpg
12:47:31.638 [FXGL Background Thread 4 ] DEBUG FXGLAssetLoaderServi - Loading from file system: jar:file:/C:/Users/zthijs/.m2/repository/com/github/almasb/fxgl/11.14/fxgl-11.14.jar!/fxglassets/ui/fonts/Abel-Regular.ttf
12:47:31.657 [FXGL Background Thread 1 ] DEBUG FXGLAssetLoaderServi - Loading from file system: file:/C:/Users/zthijs/Desktop/IPOSE/target/classes/assets/textures/platform.png
12:47:31.661 [FXGL Background Thread 4 ] DEBUG FXGLAssetLoaderServi - Loading from file system: jar:file:/C:/Users/zthijs/.m2/repository/com/github/almasb/fxgl/11.14/fxgl-11.14.jar!/fxglassets/ui/fonts/lucida_console.ttf
12:47:31.677 [FXGL Background Thread 1 ] DEBUG FXGLAssetLoaderServi - Loading from file system: file:/C:/Users/zthijs/Desktop/IPOSE/target/classes/assets/textures/heiko.png
12:47:31.681 [FXGL Background Thread 4 ] DEBUG FXGLAssetLoaderServi - Loading from file system: jar:file:/C:/Users/zthijs/.m2/repository/com/github/almasb/fxgl/11.14/fxgl-11.14.jar!/fxglassets/ui/fonts/Courier-Prime.ttf
12:47:31.710 [FXGL Background Thread 1 ] DEBUG FXGLAssetLoaderServi - Loading from file system: file:/C:/Users/zthijs/Desktop/IPOSE/target/classes/assets/textures/mud.png
12:47:31.742 [FXGL Background Thread 1 ] INFO  FXGLApplication      - Game initialization took: 0,137 sec
12:47:31.835 [JavaFX Application Thread] DEBUG FXGLApplication      - Registering font factories with UI factory
12:47:31.839 [JavaFX Application Thread] DEBUG Input                - Clearing active input actions
12:47:31.871 [JavaFX Application Thread] DEBUG GameApplicationServi - Removing overlay from FXGLLoadingScene and adding to GameScene
12:47:31.872 [JavaFX Application Thread] DEBUG PrimaryStageWindow   - FXGLLoadingScene -> GameScene
12:47:32.142 [FXGL Background Thread 2 ] INFO  UpdaterService       - Your current version:  11.14
12:47:32.142 [FXGL Background Thread 2 ] INFO  UpdaterService       - Latest stable version: 17.1
12:47:34.508 [FXGL Background Thread 3 ] DEBUG Engine               - Logging environment variables
12:47:34.509 [FXGL Background Thread 3 ] DEBUG Engine               - achievements: []
12:47:34.509 [FXGL Background Thread 3 ] DEBUG Engine               - actualHeight: 720.0
12:47:34.509 [FXGL Background Thread 3 ] DEBUG Engine               - actualHeightProperty: ReadOnlyDoubleProperty [value: 720.0]
12:47:34.510 [FXGL Background Thread 3 ] DEBUG Engine               - actualWidth: 1280.0
12:47:34.510 [FXGL Background Thread 3 ] DEBUG Engine               - actualWidthProperty: ReadOnlyDoubleProperty [value: 1280.0]
12:47:34.510 [FXGL Background Thread 3 ] DEBUG Engine               - appIcon: wozniak.png
12:47:34.510 [FXGL Background Thread 3 ] DEBUG Engine               - applicationMode: DEVELOPER
12:47:34.511 [FXGL Background Thread 3 ] DEBUG Engine               - cSSList: [fxgl_dark.css]
12:47:34.511 [FXGL Background Thread 3 ] DEBUG Engine               - collisionDetectionStrategy: BRUTE_FORCE
12:47:34.511 [FXGL Background Thread 3 ] DEBUG Engine               - configClass: Optional.empty
12:47:34.511 [FXGL Background Thread 3 ] DEBUG Engine               - credits: []
12:47:34.512 [FXGL Background Thread 3 ] DEBUG Engine               - devBBoxColorProperty: ObjectProperty [value: 0xff0000ff]
12:47:34.512 [FXGL Background Thread 3 ] DEBUG Engine               - devEnableDebugCameraProperty: BooleanProperty [value: false]
12:47:34.512 [FXGL Background Thread 3 ] DEBUG Engine               - devSensorColorProperty: ObjectProperty [value: 0xffff00ff]
12:47:34.512 [FXGL Background Thread 3 ] DEBUG Engine               - devShowBBoxProperty: BooleanProperty [value: false]
12:47:34.513 [FXGL Background Thread 3 ] DEBUG Engine               - devShowPositionProperty: BooleanProperty [value: false]
12:47:34.513 [FXGL Background Thread 3 ] DEBUG Engine               - enabledMenuItems: []
12:47:34.513 [FXGL Background Thread 3 ] DEBUG Engine               - engineServices: [class com.almasb.fxgl.app.services.FXGLAssetLoaderService, class com.almasb.fxgl.app.FXGLApplication$GameApplicationService, class com.almasb.fxgl.app.services.FXGLDialogService, class com.almasb.fxgl.app.services.IOTaskExecutorService, class com.almasb.fxgl.event.EventBusService, class com.almasb.fxgl.io.FileSystemService, class com.almasb.fxgl.localization.LocalizationService, class com.almasb.fxgl.app.services.SystemBundleService, class com.almasb.fxgl.profile.SaveLoadService, class com.almasb.fxgl.ui.FXGLUIFactoryServiceProvider, class com.almasb.fxgl.ui.FXGLDialogFactoryServiceProvider, class com.almasb.fxgl.audio.AudioPlayer, class com.almasb.fxgl.notification.impl.NotificationServiceProvider, class com.almasb.fxgl.achievement.AchievementService, class com.almasb.fxgl.cutscene.CutsceneService, class com.almasb.fxgl.minigames.MiniGameService, class com.almasb.fxgl.net.NetService, class com.almasb.fxgl.app.services.UpdaterService, class com.almasb.fxgl.dev.DevService]
12:47:34.513 [FXGL Background Thread 3 ] DEBUG Engine               - fontGame: Abel-Regular.ttf
12:47:34.513 [FXGL Background Thread 3 ] DEBUG Engine               - fontMono: lucida_console.ttf
12:47:34.513 [FXGL Background Thread 3 ] DEBUG Engine               - fontText: Courier-Prime.ttf
12:47:34.513 [FXGL Background Thread 3 ] DEBUG Engine               - fontUI: VarelaRound-Regular.ttf
12:47:34.514 [FXGL Background Thread 3 ] DEBUG Engine               - fullScreen: BooleanProperty [value: true]
12:47:34.514 [FXGL Background Thread 3 ] DEBUG Engine               - gameDifficulty: MEDIUM
12:47:34.514 [FXGL Background Thread 3 ] DEBUG Engine               - gameDifficultyProperty: ObjectProperty [value: MEDIUM]
12:47:34.514 [FXGL Background Thread 3 ] DEBUG Engine               - globalMusicVolume: 0.5
12:47:34.514 [FXGL Background Thread 3 ] DEBUG Engine               - globalMusicVolumeProperty: DoubleProperty [value: 0.5]
12:47:34.515 [FXGL Background Thread 3 ] DEBUG Engine               - globalSoundVolume: 0.5
12:47:34.515 [FXGL Background Thread 3 ] DEBUG Engine               - globalSoundVolumeProperty: DoubleProperty [value: 0.5]
12:47:34.515 [FXGL Background Thread 3 ] DEBUG Engine               - height: 720
12:47:34.515 [FXGL Background Thread 3 ] DEBUG Engine               - isAndroid: false
12:47:34.515 [FXGL Background Thread 3 ] DEBUG Engine               - isBrowser: false
12:47:34.515 [FXGL Background Thread 3 ] DEBUG Engine               - isClickFeedbackEnabled: false
12:47:34.515 [FXGL Background Thread 3 ] DEBUG Engine               - isCloseConfirmation: false
12:47:34.516 [FXGL Background Thread 3 ] DEBUG Engine               - isDesktop: true
12:47:34.516 [FXGL Background Thread 3 ] DEBUG Engine               - isDeveloperMenuEnabled: false
12:47:34.516 [FXGL Background Thread 3 ] DEBUG Engine               - isEntityPreloadEnabled: true
12:47:34.516 [FXGL Background Thread 3 ] DEBUG Engine               - isExperimental3D: false
12:47:34.516 [FXGL Background Thread 3 ] DEBUG Engine               - isExperimentalNative: false
12:47:34.516 [FXGL Background Thread 3 ] DEBUG Engine               - isExperimentalTiledLargeMap: false
12:47:34.516 [FXGL Background Thread 3 ] DEBUG Engine               - isFileSystemWriteAllowed: true
12:47:34.517 [FXGL Background Thread 3 ] DEBUG Engine               - isFullScreenAllowed: false
12:47:34.517 [FXGL Background Thread 3 ] DEBUG Engine               - isFullScreenFromStart: true
12:47:34.517 [FXGL Background Thread 3 ] DEBUG Engine               - isGameMenuEnabled: true
12:47:34.517 [FXGL Background Thread 3 ] DEBUG Engine               - isIOS: false
12:47:34.517 [FXGL Background Thread 3 ] DEBUG Engine               - isIntroEnabled: false
12:47:34.518 [FXGL Background Thread 3 ] DEBUG Engine               - isLinux: false
12:47:34.518 [FXGL Background Thread 3 ] DEBUG Engine               - isMac: false
12:47:34.518 [FXGL Background Thread 3 ] DEBUG Engine               - isMainMenuEnabled: false
12:47:34.518 [FXGL Background Thread 3 ] DEBUG Engine               - isManualResizeEnabled: false
12:47:34.518 [FXGL Background Thread 3 ] DEBUG Engine               - isMobile: false
12:47:34.518 [FXGL Background Thread 3 ] DEBUG Engine               - isPreserveResizeRatio: false
12:47:34.518 [FXGL Background Thread 3 ] DEBUG Engine               - isProfilingEnabled: false
12:47:34.519 [FXGL Background Thread 3 ] DEBUG Engine               - isScaleAffectedOnResize: true
12:47:34.519 [FXGL Background Thread 3 ] DEBUG Engine               - isSingleStep: false
12:47:34.519 [FXGL Background Thread 3 ] DEBUG Engine               - isUserProfileEnabled: false
12:47:34.519 [FXGL Background Thread 3 ] DEBUG Engine               - isWindows: true
12:47:34.520 [FXGL Background Thread 3 ] DEBUG Engine               - language: ObjectProperty [value: ENGLISH]
12:47:34.520 [FXGL Background Thread 3 ] DEBUG Engine               - menuKey: ESCAPE
12:47:34.520 [FXGL Background Thread 3 ] DEBUG Engine               - notificationViewClass: class com.almasb.fxgl.notification.view.XboxNotificationView
12:47:34.520 [FXGL Background Thread 3 ] DEBUG Engine               - pixelsPerMeter: 50.0
12:47:34.521 [FXGL Background Thread 3 ] DEBUG Engine               - platform: WINDOWS
12:47:34.521 [FXGL Background Thread 3 ] DEBUG Engine               - prefHeightProperty: ReadOnlyDoubleProperty [value: 720.0]
12:47:34.521 [FXGL Background Thread 3 ] DEBUG Engine               - prefWidthProperty: ReadOnlyDoubleProperty [value: 1280.0]
12:47:34.522 [FXGL Background Thread 3 ] DEBUG Engine               - profileDir: profiles/
12:47:34.522 [FXGL Background Thread 3 ] DEBUG Engine               - profileName: StringProperty [value: DEFAULT]
12:47:34.522 [FXGL Background Thread 3 ] DEBUG Engine               - randomSeed: -1
12:47:34.523 [FXGL Background Thread 3 ] DEBUG Engine               - runtimeInfo: RuntimeInfo(platform=WINDOWS, version=11.14, build=01.03.2021 16.59)
12:47:34.523 [FXGL Background Thread 3 ] DEBUG Engine               - saveFileExt: sav
12:47:34.523 [FXGL Background Thread 3 ] DEBUG Engine               - scaledHeightProp$fxgl: DoubleProperty [bound, value: 720.0]
12:47:34.524 [FXGL Background Thread 3 ] DEBUG Engine               - scaledWidthProp$fxgl: DoubleProperty [bound, value: 1280.0]
12:47:34.524 [FXGL Background Thread 3 ] DEBUG Engine               - sceneFactory: com.almasb.fxgl.app.scene.SceneFactory@466b1703
12:47:34.524 [FXGL Background Thread 3 ] DEBUG Engine               - secondsIn24h: 60
12:47:34.524 [FXGL Background Thread 3 ] DEBUG Engine               - soundMenuBack: menu/back.wav
12:47:34.524 [FXGL Background Thread 3 ] DEBUG Engine               - soundMenuPress: menu/press.wav
12:47:34.525 [FXGL Background Thread 3 ] DEBUG Engine               - soundMenuSelect: menu/select.wav
12:47:34.525 [FXGL Background Thread 3 ] DEBUG Engine               - soundNotification: core/notification.wav
12:47:34.525 [FXGL Background Thread 3 ] DEBUG Engine               - stageStyle: DECORATED
12:47:34.525 [FXGL Background Thread 3 ] DEBUG Engine               - supportedLanguages: [ENGLISH, FRENCH, GERMAN, HUNGARIAN, RUSSIAN]
12:47:34.526 [FXGL Background Thread 3 ] DEBUG Engine               - ticksPerSecond: -1
12:47:34.526 [FXGL Background Thread 3 ] DEBUG Engine               - title: Wozniak defense
12:47:34.526 [FXGL Background Thread 3 ] DEBUG Engine               - urlGithub: https://github.com/AlmasB/FXGL
12:47:34.526 [FXGL Background Thread 3 ] DEBUG Engine               - urlLeaderboard: http://fxgl-top.herokuapp.com/
12:47:34.526 [FXGL Background Thread 3 ] DEBUG Engine               - urlPOM: https://raw.githubusercontent.com/AlmasB/FXGL/release/README.md
12:47:34.527 [FXGL Background Thread 3 ] DEBUG Engine               - userAppClass: class Game
12:47:34.527 [FXGL Background Thread 3 ] DEBUG Engine               - version: 
12:47:34.527 [FXGL Background Thread 3 ] DEBUG Engine               - versionCheckDays: 7
12:47:34.528 [FXGL Background Thread 3 ] DEBUG Engine               - width: 1280
12:47:34.528 [FXGL Background Thread 3 ] DEBUG Engine               - Logging services
12:47:34.528 [FXGL Background Thread 3 ] DEBUG Engine               - class com.almasb.fxgl.app.services.FXGLAssetLoaderService
12:47:34.528 [FXGL Background Thread 3 ] DEBUG Engine               - class com.almasb.fxgl.app.FXGLApplication$GameApplicationService
12:47:34.528 [FXGL Background Thread 3 ] DEBUG Engine               - class com.almasb.fxgl.app.services.FXGLDialogService
12:47:34.529 [FXGL Background Thread 3 ] DEBUG Engine               - class com.almasb.fxgl.app.services.IOTaskExecutorService
12:47:34.529 [FXGL Background Thread 3 ] DEBUG Engine               - class com.almasb.fxgl.event.EventBusService
12:47:34.529 [FXGL Background Thread 3 ] DEBUG Engine               - class com.almasb.fxgl.io.FileSystemService
12:47:34.529 [FXGL Background Thread 3 ] DEBUG Engine               - class com.almasb.fxgl.localization.LocalizationService
12:47:34.529 [FXGL Background Thread 3 ] DEBUG Engine               - class com.almasb.fxgl.app.services.SystemBundleService
12:47:34.529 [FXGL Background Thread 3 ] DEBUG Engine               - class com.almasb.fxgl.profile.SaveLoadService
12:47:34.529 [FXGL Background Thread 3 ] DEBUG Engine               - class com.almasb.fxgl.ui.FXGLUIFactoryServiceProvider
12:47:34.530 [FXGL Background Thread 3 ] DEBUG Engine               - class com.almasb.fxgl.ui.FXGLDialogFactoryServiceProvider
12:47:34.530 [FXGL Background Thread 3 ] DEBUG Engine               - class com.almasb.fxgl.audio.AudioPlayer
12:47:34.530 [FXGL Background Thread 3 ] DEBUG Engine               - class com.almasb.fxgl.notification.impl.NotificationServiceProvider
12:47:34.530 [FXGL Background Thread 3 ] DEBUG Engine               - class com.almasb.fxgl.achievement.AchievementService
12:47:34.531 [FXGL Background Thread 3 ] DEBUG Engine               - class com.almasb.fxgl.cutscene.CutsceneService
12:47:34.531 [FXGL Background Thread 3 ] DEBUG Engine               - class com.almasb.fxgl.minigames.MiniGameService
12:47:34.531 [FXGL Background Thread 3 ] DEBUG Engine               - class com.almasb.fxgl.net.NetService
12:47:34.531 [FXGL Background Thread 3 ] DEBUG Engine               - class com.almasb.fxgl.app.services.UpdaterService
12:47:34.531 [FXGL Background Thread 3 ] DEBUG Engine               - class com.almasb.fxgl.dev.DevService
12:49:01.332 [JavaFX Application Thread] DEBUG FXGLApplication      - Exiting FXGL
12:49:01.333 [JavaFX Application Thread] DEBUG LoopRunner           - Stopping loop
12:49:01.333 [JavaFX Application Thread] DEBUG SystemBundleService  - Saving FXGL system data
12:49:01.337 [JavaFX Application Thread] DEBUG FileSystemAccess     - Writing to: C:\Users\zthijs\Desktop\IPOSE\system\fxgl.bundle
12:49:01.341 [JavaFX Application Thread] DEBUG Async                - Shutting down background threads
12:49:01.342 [JavaFX Application Thread] DEBUG PrimaryStageWindow   - Closing main window
12:49:01.364 [JavaFX Application Thread] DEBUG Logger               - Closing Logger
