11:36:10.825 [main                     ] DEBUG Logger               - Configured Logger
11:36:10.849 [main                     ] DEBUG GameApplication      - Logging settings
Title: Wozniak defense
Version: 
Width: 1280
Height: 720
Fullscreen: false
Intro: false
Profiling: false
Single step:false
App Mode: DEVELOPER
Menu Key: ESCAPE
Stage Style: DECORATED
Scene Factory: class com.almasb.fxgl.app.scene.SceneFactory

11:36:11.561 [JavaFX Application Thread] DEBUG FXGLApplication      - Initializing FXGL
11:36:11.566 [JavaFX Application Thread] INFO  Engine               - FXGL-11.14 (01.03.2021 16.59) on WINDOWS (J:15.0.2 FX:15)
11:36:11.567 [JavaFX Application Thread] DEBUG Engine               - JRE Vendor Name: Amazon.com Inc.
11:36:11.568 [JavaFX Application Thread] DEBUG Engine               - Running on OS: Windows 10 version 10.0
11:36:11.568 [JavaFX Application Thread] DEBUG Engine               - Architecture: amd64
11:36:11.569 [JavaFX Application Thread] INFO  Engine               - Source code and latest versions at: https://github.com/AlmasB/FXGL
11:36:11.569 [JavaFX Application Thread] INFO  Engine               -              Join the FXGL chat at: https://gitter.im/AlmasB/FXGL
11:36:11.870 [JavaFX Application Thread] DEBUG PrimaryStageWindow   - Creating a JavaFX scene
11:36:12.003 [JavaFX Application Thread] DEBUG PrimaryStageWindow   - Target settings size: 1280.0 x 720.0
11:36:12.004 [JavaFX Application Thread] DEBUG PrimaryStageWindow   - Scaled scene size:    1280.0 x 720.0
11:36:12.004 [JavaFX Application Thread] DEBUG PrimaryStageWindow   - Scaled ratio: (1.0, 1.0)
11:36:12.007 [JavaFX Application Thread] DEBUG PrimaryStageWindow   - Set initial scene to FXGLStartupScene
11:36:12.022 [JavaFX Application Thread] DEBUG PrimaryStageWindow   - Opening main window
11:36:12.179 [JavaFX Application Thread] DEBUG PrimaryStageWindow   - Window border size: (16.0, 39.0)
11:36:12.179 [JavaFX Application Thread] DEBUG PrimaryStageWindow   - Scaled size: 1280.0 x 720.0
11:36:12.180 [JavaFX Application Thread] DEBUG PrimaryStageWindow   - Scaled ratio: (1.0, 1.0)
11:36:12.180 [JavaFX Application Thread] DEBUG PrimaryStageWindow   - Scene size: 1280.0 x 720.0
11:36:12.181 [JavaFX Application Thread] DEBUG PrimaryStageWindow   - Stage size: 1296.0 x 759.0
11:36:12.204 [FXGL Background Thread 1 ] DEBUG Engine               - Initializing environment variables
11:36:12.280 [FXGL Background Thread 1 ] DEBUG FXGLAssetLoaderServi - User app class for loading assets: class Game
11:36:12.280 [FXGL Background Thread 1 ] DEBUG GameApplicationServi - Applying CSS: fxgl_dark.css
11:36:12.282 [FXGL Background Thread 1 ] DEBUG FXGLAssetLoaderServi - Loading from file system: jar:file:/C:/Users/zthijs/.m2/repository/com/github/almasb/fxgl/11.14/fxgl-11.14.jar!/fxglassets/ui/css/fxgl_dark.css
11:36:12.391 [FXGL Background Thread 1 ] DEBUG GameApplicationServi - Initializing application scenes
11:36:12.461 [FXGL Background Thread 1 ] DEBUG GameWorld            - Game world initialized
11:36:12.601 [FXGL Background Thread 1 ] DEBUG PhysicsWorld         - Physics world initialized: appHeight=720, physics.ppm=50,0
11:36:12.602 [FXGL Background Thread 1 ] DEBUG PhysicsWorld         - Using strategy: BRUTE_FORCE
11:36:12.608 [FXGL Background Thread 1 ] DEBUG GameScene            - Game scene initialized: 1280x720
11:36:12.695 [FXGL Background Thread 1 ] DEBUG FXGLAssetLoaderServi - Loading from file system: jar:file:/C:/Users/zthijs/.m2/repository/com/github/almasb/fxgl/11.14/fxgl-11.14.jar!/fxglassets/textures/particles/trace_horizontal.png
11:36:12.810 [FXGL Background Thread 1 ] DEBUG FXGL.DefaultMenu     - createMenuBodyGameMenu()
11:36:12.840 [FXGL Background Thread 1 ] DEBUG FXGL.DefaultMenu     - createOptionsMenu()
11:36:12.852 [FXGL Background Thread 1 ] DEBUG FXGLAssetLoaderServi - Loading from file system: jar:file:/C:/Users/zthijs/.m2/repository/com/github/almasb/fxgl/11.14/fxgl-11.14.jar!/fxglassets/textures/particles/smoke.png
11:36:12.958 [FXGL Background Thread 1 ] DEBUG GameApplicationServi - Application scenes initialized
11:36:12.979 [FXGL Background Thread 1 ] DEBUG SystemBundleService  - Loading FXGL system data
11:36:12.985 [FXGL Background Thread 1 ] DEBUG FileSystemAccess     - Reading from: C:\Users\zthijs\Desktop\IPOSE\system\fxgl.bundle
11:36:12.993 [FXGL Background Thread 1 ] DEBUG SystemBundleService  - Bundle FXGL: {}
11:36:12.993 [FXGL Background Thread 1 ] DEBUG UpdaterService       - Checking for updates
11:36:13.000 [FXGL Background Thread 4 ] DEBUG FXGLApplication      - Loading fonts
11:36:13.001 [FXGL Background Thread 1 ] DEBUG FXGLApplication      - Loading default localization
11:36:13.001 [FXGL Background Thread 4 ] DEBUG FXGLAssetLoaderServi - Loading from file system: jar:file:/C:/Users/zthijs/.m2/repository/com/github/almasb/fxgl/11.14/fxgl-11.14.jar!/fxglassets/ui/fonts/VarelaRound-Regular.ttf
11:36:13.002 [FXGL Background Thread 1 ] DEBUG FXGLAssetLoaderServi - Loading from file system: jar:file:/C:/Users/zthijs/.m2/repository/com/github/almasb/fxgl/11.14/fxgl-11.14.jar!/fxglassets/languages/english.lang
11:36:13.033 [FXGL Background Thread 1 ] INFO  FXGLApplication      - FXGL initialization took: 0,829 sec
11:36:13.036 [JavaFX Application Thread] DEBUG FXGLAssetLoaderServi - Loading from file system: file:/C:/Users/zthijs/Desktop/IPOSE/target/classes/assets/textures/wozniak.png
11:36:13.068 [JavaFX Application Thread] DEBUG FXGLAssetLoaderServi - Loading from file system: jar:file:/C:/Users/zthijs/.m2/repository/com/github/almasb/fxgl/11.14/fxgl-11.14.jar!/fxglassets/ui/cursors/fxgl_default.png
11:36:13.091 [JavaFX Application Thread] DEBUG Input                - Registered new binding: Screenshot - P
11:36:13.093 [JavaFX Application Thread] DEBUG Input                - Registered new binding: System info dump - CTRL+9
11:36:13.094 [JavaFX Application Thread] DEBUG Input                - Registered new binding: Restart - CTRL+R
11:36:13.095 [JavaFX Application Thread] DEBUG Input                - Registered new binding: Toggle Debug Camera - CTRL+C
11:36:13.099 [JavaFX Application Thread] DEBUG LoopRunner           - Starting loop
11:36:13.100 [JavaFX Application Thread] DEBUG LoopRunner           - Initializing JavaFX AnimationTimerLoop
11:36:13.103 [JavaFX Application Thread] DEBUG GameApplicationServi - Starting new game
11:36:13.104 [JavaFX Application Thread] DEBUG Input                - Clearing active input actions
11:36:13.126 [JavaFX Application Thread] DEBUG GameApplicationServi - Removing overlay from FXGLStartupScene and adding to FXGLLoadingScene
11:36:13.127 [JavaFX Application Thread] DEBUG PrimaryStageWindow   - FXGLStartupScene -> FXGLLoadingScene
11:36:13.128 [JavaFX Application Thread] DEBUG GameApplicationServi - Clearing previous game
11:36:13.128 [JavaFX Application Thread] DEBUG GameScene            - Clearing game scene
11:36:13.129 [JavaFX Application Thread] DEBUG GameWorld            - Clearing game world
11:36:13.129 [JavaFX Application Thread] DEBUG PhysicsWorld         - Clearing physics world
11:36:13.132 [FXGL Background Thread 1 ] DEBUG FXGLApplication      - Initializing game
11:36:13.137 [FXGL Background Thread 1 ] DEBUG FXGLAssetLoaderServi - Loading from file system: file:/C:/Users/zthijs/Desktop/IPOSE/target/classes/assets/textures/gras.png
11:36:13.148 [FXGL Background Thread 4 ] DEBUG FXGLAssetLoaderServi - Loading from file system: jar:file:/C:/Users/zthijs/.m2/repository/com/github/almasb/fxgl/11.14/fxgl-11.14.jar!/fxglassets/ui/fonts/Abel-Regular.ttf
11:36:13.162 [FXGL Background Thread 1 ] DEBUG FXGLAssetLoaderServi - Loading from file system: file:/C:/Users/zthijs/Desktop/IPOSE/target/classes/assets/textures/stone.jpg
11:36:13.170 [FXGL Background Thread 4 ] DEBUG FXGLAssetLoaderServi - Loading from file system: jar:file:/C:/Users/zthijs/.m2/repository/com/github/almasb/fxgl/11.14/fxgl-11.14.jar!/fxglassets/ui/fonts/lucida_console.ttf
11:36:13.200 [FXGL Background Thread 4 ] DEBUG FXGLAssetLoaderServi - Loading from file system: jar:file:/C:/Users/zthijs/.m2/repository/com/github/almasb/fxgl/11.14/fxgl-11.14.jar!/fxglassets/ui/fonts/Courier-Prime.ttf
11:36:13.219 [FXGL Background Thread 1 ] DEBUG FXGLAssetLoaderServi - Loading from file system: file:/C:/Users/zthijs/Desktop/IPOSE/target/classes/assets/textures/heiko.png
11:36:13.258 [FXGL Background Thread 1 ] DEBUG FXGLAssetLoaderServi - Loading from file system: file:/C:/Users/zthijs/Desktop/IPOSE/target/classes/assets/textures/mud.png
11:36:13.300 [FXGL Background Thread 1 ] INFO  FXGLApplication      - Game initialization took: 0,167 sec
11:36:13.409 [JavaFX Application Thread] DEBUG FXGLApplication      - Registering font factories with UI factory
11:36:13.414 [JavaFX Application Thread] DEBUG Input                - Clearing active input actions
11:36:13.456 [JavaFX Application Thread] DEBUG GameApplicationServi - Removing overlay from FXGLLoadingScene and adding to GameScene
11:36:13.457 [JavaFX Application Thread] DEBUG PrimaryStageWindow   - FXGLLoadingScene -> GameScene
11:36:13.876 [FXGL Background Thread 2 ] INFO  UpdaterService       - Your current version:  11.14
11:36:13.877 [FXGL Background Thread 2 ] INFO  UpdaterService       - Latest stable version: 17.1
11:36:15.998 [FXGL Background Thread 3 ] DEBUG Engine               - Logging environment variables
11:36:16.000 [FXGL Background Thread 3 ] DEBUG Engine               - achievements: []
11:36:16.001 [FXGL Background Thread 3 ] DEBUG Engine               - actualHeight: 720.0
11:36:16.003 [FXGL Background Thread 3 ] DEBUG Engine               - actualHeightProperty: ReadOnlyDoubleProperty [value: 720.0]
11:36:16.004 [FXGL Background Thread 3 ] DEBUG Engine               - actualWidth: 1280.0
11:36:16.005 [FXGL Background Thread 3 ] DEBUG Engine               - actualWidthProperty: ReadOnlyDoubleProperty [value: 1280.0]
11:36:16.005 [FXGL Background Thread 3 ] DEBUG Engine               - appIcon: wozniak.png
11:36:16.006 [FXGL Background Thread 3 ] DEBUG Engine               - applicationMode: DEVELOPER
11:36:16.006 [FXGL Background Thread 3 ] DEBUG Engine               - cSSList: [fxgl_dark.css]
11:36:16.006 [FXGL Background Thread 3 ] DEBUG Engine               - collisionDetectionStrategy: BRUTE_FORCE
11:36:16.007 [FXGL Background Thread 3 ] DEBUG Engine               - configClass: Optional.empty
11:36:16.007 [FXGL Background Thread 3 ] DEBUG Engine               - credits: []
11:36:16.009 [FXGL Background Thread 3 ] DEBUG Engine               - devBBoxColorProperty: ObjectProperty [value: 0xff0000ff]
11:36:16.009 [FXGL Background Thread 3 ] DEBUG Engine               - devEnableDebugCameraProperty: BooleanProperty [value: false]
11:36:16.010 [FXGL Background Thread 3 ] DEBUG Engine               - devSensorColorProperty: ObjectProperty [value: 0xffff00ff]
11:36:16.011 [FXGL Background Thread 3 ] DEBUG Engine               - devShowBBoxProperty: BooleanProperty [value: false]
11:36:16.011 [FXGL Background Thread 3 ] DEBUG Engine               - devShowPositionProperty: BooleanProperty [value: false]
11:36:16.012 [FXGL Background Thread 3 ] DEBUG Engine               - enabledMenuItems: []
11:36:16.012 [FXGL Background Thread 3 ] DEBUG Engine               - engineServices: [class com.almasb.fxgl.app.services.FXGLAssetLoaderService, class com.almasb.fxgl.app.FXGLApplication$GameApplicationService, class com.almasb.fxgl.app.services.FXGLDialogService, class com.almasb.fxgl.app.services.IOTaskExecutorService, class com.almasb.fxgl.event.EventBusService, class com.almasb.fxgl.io.FileSystemService, class com.almasb.fxgl.localization.LocalizationService, class com.almasb.fxgl.app.services.SystemBundleService, class com.almasb.fxgl.profile.SaveLoadService, class com.almasb.fxgl.ui.FXGLUIFactoryServiceProvider, class com.almasb.fxgl.ui.FXGLDialogFactoryServiceProvider, class com.almasb.fxgl.audio.AudioPlayer, class com.almasb.fxgl.notification.impl.NotificationServiceProvider, class com.almasb.fxgl.achievement.AchievementService, class com.almasb.fxgl.cutscene.CutsceneService, class com.almasb.fxgl.minigames.MiniGameService, class com.almasb.fxgl.net.NetService, class com.almasb.fxgl.app.services.UpdaterService, class com.almasb.fxgl.dev.DevService]
11:36:16.012 [FXGL Background Thread 3 ] DEBUG Engine               - fontGame: Abel-Regular.ttf
11:36:16.013 [FXGL Background Thread 3 ] DEBUG Engine               - fontMono: lucida_console.ttf
11:36:16.013 [FXGL Background Thread 3 ] DEBUG Engine               - fontText: Courier-Prime.ttf
11:36:16.014 [FXGL Background Thread 3 ] DEBUG Engine               - fontUI: VarelaRound-Regular.ttf
11:36:16.014 [FXGL Background Thread 3 ] DEBUG Engine               - fullScreen: BooleanProperty [value: true]
11:36:16.014 [FXGL Background Thread 3 ] DEBUG Engine               - gameDifficulty: MEDIUM
11:36:16.015 [FXGL Background Thread 3 ] DEBUG Engine               - gameDifficultyProperty: ObjectProperty [value: MEDIUM]
11:36:16.015 [FXGL Background Thread 3 ] DEBUG Engine               - globalMusicVolume: 0.5
11:36:16.015 [FXGL Background Thread 3 ] DEBUG Engine               - globalMusicVolumeProperty: DoubleProperty [value: 0.5]
11:36:16.016 [FXGL Background Thread 3 ] DEBUG Engine               - globalSoundVolume: 0.5
11:36:16.017 [FXGL Background Thread 3 ] DEBUG Engine               - globalSoundVolumeProperty: DoubleProperty [value: 0.5]
11:36:16.017 [FXGL Background Thread 3 ] DEBUG Engine               - height: 720
11:36:16.018 [FXGL Background Thread 3 ] DEBUG Engine               - isAndroid: false
11:36:16.019 [FXGL Background Thread 3 ] DEBUG Engine               - isBrowser: false
11:36:16.020 [FXGL Background Thread 3 ] DEBUG Engine               - isClickFeedbackEnabled: false
11:36:16.021 [FXGL Background Thread 3 ] DEBUG Engine               - isCloseConfirmation: false
11:36:16.021 [FXGL Background Thread 3 ] DEBUG Engine               - isDesktop: true
11:36:16.021 [FXGL Background Thread 3 ] DEBUG Engine               - isDeveloperMenuEnabled: false
11:36:16.022 [FXGL Background Thread 3 ] DEBUG Engine               - isEntityPreloadEnabled: true
11:36:16.022 [FXGL Background Thread 3 ] DEBUG Engine               - isExperimental3D: false
11:36:16.022 [FXGL Background Thread 3 ] DEBUG Engine               - isExperimentalNative: false
11:36:16.023 [FXGL Background Thread 3 ] DEBUG Engine               - isExperimentalTiledLargeMap: false
11:36:16.023 [FXGL Background Thread 3 ] DEBUG Engine               - isFileSystemWriteAllowed: true
11:36:16.023 [FXGL Background Thread 3 ] DEBUG Engine               - isFullScreenAllowed: false
11:36:16.024 [FXGL Background Thread 3 ] DEBUG Engine               - isFullScreenFromStart: true
11:36:16.024 [FXGL Background Thread 3 ] DEBUG Engine               - isGameMenuEnabled: true
11:36:16.024 [FXGL Background Thread 3 ] DEBUG Engine               - isIOS: false
11:36:16.025 [FXGL Background Thread 3 ] DEBUG Engine               - isIntroEnabled: false
11:36:16.026 [FXGL Background Thread 3 ] DEBUG Engine               - isLinux: false
11:36:16.026 [FXGL Background Thread 3 ] DEBUG Engine               - isMac: false
11:36:16.026 [FXGL Background Thread 3 ] DEBUG Engine               - isMainMenuEnabled: false
11:36:16.027 [FXGL Background Thread 3 ] DEBUG Engine               - isManualResizeEnabled: false
11:36:16.027 [FXGL Background Thread 3 ] DEBUG Engine               - isMobile: false
11:36:16.027 [FXGL Background Thread 3 ] DEBUG Engine               - isPreserveResizeRatio: false
11:36:16.028 [FXGL Background Thread 3 ] DEBUG Engine               - isProfilingEnabled: false
11:36:16.028 [FXGL Background Thread 3 ] DEBUG Engine               - isScaleAffectedOnResize: true
11:36:16.028 [FXGL Background Thread 3 ] DEBUG Engine               - isSingleStep: false
11:36:16.029 [FXGL Background Thread 3 ] DEBUG Engine               - isUserProfileEnabled: false
11:36:16.029 [FXGL Background Thread 3 ] DEBUG Engine               - isWindows: true
11:36:16.029 [FXGL Background Thread 3 ] DEBUG Engine               - language: ObjectProperty [value: ENGLISH]
11:36:16.030 [FXGL Background Thread 3 ] DEBUG Engine               - menuKey: ESCAPE
11:36:16.030 [FXGL Background Thread 3 ] DEBUG Engine               - notificationViewClass: class com.almasb.fxgl.notification.view.XboxNotificationView
11:36:16.031 [FXGL Background Thread 3 ] DEBUG Engine               - pixelsPerMeter: 50.0
11:36:16.032 [FXGL Background Thread 3 ] DEBUG Engine               - platform: WINDOWS
11:36:16.032 [FXGL Background Thread 3 ] DEBUG Engine               - prefHeightProperty: ReadOnlyDoubleProperty [value: 720.0]
11:36:16.033 [FXGL Background Thread 3 ] DEBUG Engine               - prefWidthProperty: ReadOnlyDoubleProperty [value: 1280.0]
11:36:16.033 [FXGL Background Thread 3 ] DEBUG Engine               - profileDir: profiles/
11:36:16.034 [FXGL Background Thread 3 ] DEBUG Engine               - profileName: StringProperty [value: DEFAULT]
11:36:16.035 [FXGL Background Thread 3 ] DEBUG Engine               - randomSeed: -1
11:36:16.035 [FXGL Background Thread 3 ] DEBUG Engine               - runtimeInfo: RuntimeInfo(platform=WINDOWS, version=11.14, build=01.03.2021 16.59)
11:36:16.036 [FXGL Background Thread 3 ] DEBUG Engine               - saveFileExt: sav
11:36:16.037 [FXGL Background Thread 3 ] DEBUG Engine               - scaledHeightProp$fxgl: DoubleProperty [bound, value: 720.0]
11:36:16.037 [FXGL Background Thread 3 ] DEBUG Engine               - scaledWidthProp$fxgl: DoubleProperty [bound, value: 1280.0]
11:36:16.038 [FXGL Background Thread 3 ] DEBUG Engine               - sceneFactory: com.almasb.fxgl.app.scene.SceneFactory@4df21468
11:36:16.038 [FXGL Background Thread 3 ] DEBUG Engine               - secondsIn24h: 60
11:36:16.038 [FXGL Background Thread 3 ] DEBUG Engine               - soundMenuBack: menu/back.wav
11:36:16.039 [FXGL Background Thread 3 ] DEBUG Engine               - soundMenuPress: menu/press.wav
11:36:16.039 [FXGL Background Thread 3 ] DEBUG Engine               - soundMenuSelect: menu/select.wav
11:36:16.040 [FXGL Background Thread 3 ] DEBUG Engine               - soundNotification: core/notification.wav
11:36:16.040 [FXGL Background Thread 3 ] DEBUG Engine               - stageStyle: DECORATED
11:36:16.041 [FXGL Background Thread 3 ] DEBUG Engine               - supportedLanguages: [ENGLISH, FRENCH, GERMAN, HUNGARIAN, RUSSIAN]
11:36:16.041 [FXGL Background Thread 3 ] DEBUG Engine               - ticksPerSecond: -1
11:36:16.042 [FXGL Background Thread 3 ] DEBUG Engine               - title: Wozniak defense
11:36:16.042 [FXGL Background Thread 3 ] DEBUG Engine               - urlGithub: https://github.com/AlmasB/FXGL
11:36:16.043 [FXGL Background Thread 3 ] DEBUG Engine               - urlLeaderboard: http://fxgl-top.herokuapp.com/
11:36:16.043 [FXGL Background Thread 3 ] DEBUG Engine               - urlPOM: https://raw.githubusercontent.com/AlmasB/FXGL/release/README.md
11:36:16.043 [FXGL Background Thread 3 ] DEBUG Engine               - userAppClass: class Game
11:36:16.044 [FXGL Background Thread 3 ] DEBUG Engine               - version: 
11:36:16.044 [FXGL Background Thread 3 ] DEBUG Engine               - versionCheckDays: 7
11:36:16.044 [FXGL Background Thread 3 ] DEBUG Engine               - width: 1280
11:36:16.045 [FXGL Background Thread 3 ] DEBUG Engine               - Logging services
11:36:16.045 [FXGL Background Thread 3 ] DEBUG Engine               - class com.almasb.fxgl.app.services.FXGLAssetLoaderService
11:36:16.045 [FXGL Background Thread 3 ] DEBUG Engine               - class com.almasb.fxgl.app.FXGLApplication$GameApplicationService
11:36:16.046 [FXGL Background Thread 3 ] DEBUG Engine               - class com.almasb.fxgl.app.services.FXGLDialogService
11:36:16.047 [FXGL Background Thread 3 ] DEBUG Engine               - class com.almasb.fxgl.app.services.IOTaskExecutorService
11:36:16.047 [FXGL Background Thread 3 ] DEBUG Engine               - class com.almasb.fxgl.event.EventBusService
11:36:16.047 [FXGL Background Thread 3 ] DEBUG Engine               - class com.almasb.fxgl.io.FileSystemService
11:36:16.048 [FXGL Background Thread 3 ] DEBUG Engine               - class com.almasb.fxgl.localization.LocalizationService
11:36:16.048 [FXGL Background Thread 3 ] DEBUG Engine               - class com.almasb.fxgl.app.services.SystemBundleService
11:36:16.048 [FXGL Background Thread 3 ] DEBUG Engine               - class com.almasb.fxgl.profile.SaveLoadService
11:36:16.048 [FXGL Background Thread 3 ] DEBUG Engine               - class com.almasb.fxgl.ui.FXGLUIFactoryServiceProvider
11:36:16.049 [FXGL Background Thread 3 ] DEBUG Engine               - class com.almasb.fxgl.ui.FXGLDialogFactoryServiceProvider
11:36:16.049 [FXGL Background Thread 3 ] DEBUG Engine               - class com.almasb.fxgl.audio.AudioPlayer
11:36:16.050 [FXGL Background Thread 3 ] DEBUG Engine               - class com.almasb.fxgl.notification.impl.NotificationServiceProvider
11:36:16.050 [FXGL Background Thread 3 ] DEBUG Engine               - class com.almasb.fxgl.achievement.AchievementService
11:36:16.051 [FXGL Background Thread 3 ] DEBUG Engine               - class com.almasb.fxgl.cutscene.CutsceneService
11:36:16.051 [FXGL Background Thread 3 ] DEBUG Engine               - class com.almasb.fxgl.minigames.MiniGameService
11:36:16.052 [FXGL Background Thread 3 ] DEBUG Engine               - class com.almasb.fxgl.net.NetService
11:36:16.053 [FXGL Background Thread 3 ] DEBUG Engine               - class com.almasb.fxgl.app.services.UpdaterService
11:36:16.054 [FXGL Background Thread 3 ] DEBUG Engine               - class com.almasb.fxgl.dev.DevService
11:36:29.155 [JavaFX Application Thread] DEBUG FXGLApplication      - Exiting FXGL
11:36:29.156 [JavaFX Application Thread] DEBUG LoopRunner           - Stopping loop
11:36:29.156 [JavaFX Application Thread] DEBUG SystemBundleService  - Saving FXGL system data
11:36:29.165 [JavaFX Application Thread] DEBUG FileSystemAccess     - Writing to: C:\Users\zthijs\Desktop\IPOSE\system\fxgl.bundle
11:36:29.169 [JavaFX Application Thread] DEBUG Async                - Shutting down background threads
11:36:29.169 [JavaFX Application Thread] DEBUG PrimaryStageWindow   - Closing main window
11:36:29.194 [JavaFX Application Thread] DEBUG Logger               - Closing Logger
