12:05:02.640 [main                     ] DEBUG Logger               - Configured Logger
12:05:02.645 [main                     ] DEBUG GameApplication      - Logging settings
Title: Wozniak defense
Version: 
Width: 1000
Height: 800
Fullscreen: false
Intro: false
Profiling: false
Single step:false
App Mode: DEVELOPER
Menu Key: ESCAPE
Stage Style: DECORATED
Scene Factory: class com.almasb.fxgl.app.scene.SceneFactory

12:05:03.169 [JavaFX Application Thread] DEBUG FXGLApplication      - Initializing FXGL
12:05:03.171 [JavaFX Application Thread] INFO  Engine               - FXGL-11.14 (01.03.2021 16.59) on WINDOWS (J:17.0.2 FX:15)
12:05:03.171 [JavaFX Application Thread] DEBUG Engine               - JRE Vendor Name: Eclipse Adoptium
12:05:03.172 [JavaFX Application Thread] DEBUG Engine               - Running on OS: Windows 11 version 10.0
12:05:03.172 [JavaFX Application Thread] DEBUG Engine               - Architecture: amd64
12:05:03.172 [JavaFX Application Thread] INFO  Engine               - Source code and latest versions at: https://github.com/AlmasB/FXGL
12:05:03.172 [JavaFX Application Thread] INFO  Engine               -              Join the FXGL chat at: https://gitter.im/AlmasB/FXGL
12:05:03.339 [JavaFX Application Thread] DEBUG PrimaryStageWindow   - Creating a JavaFX scene
12:05:03.395 [JavaFX Application Thread] DEBUG PrimaryStageWindow   - Target settings size: 1000.0 x 800.0
12:05:03.395 [JavaFX Application Thread] DEBUG PrimaryStageWindow   - Scaled scene size:    1000.0 x 800.0
12:05:03.396 [JavaFX Application Thread] DEBUG PrimaryStageWindow   - Scaled ratio: (1.0, 1.0)
12:05:03.397 [JavaFX Application Thread] DEBUG PrimaryStageWindow   - Set initial scene to FXGLStartupScene
12:05:03.403 [JavaFX Application Thread] DEBUG PrimaryStageWindow   - Opening main window
12:05:03.498 [JavaFX Application Thread] DEBUG PrimaryStageWindow   - Window border size: (16.0, 39.0)
12:05:03.498 [JavaFX Application Thread] DEBUG PrimaryStageWindow   - Scaled size: 1000.0 x 800.0
12:05:03.499 [JavaFX Application Thread] DEBUG PrimaryStageWindow   - Scaled ratio: (1.0, 1.0)
12:05:03.499 [JavaFX Application Thread] DEBUG PrimaryStageWindow   - Scene size: 1000.0 x 800.0
12:05:03.499 [JavaFX Application Thread] DEBUG PrimaryStageWindow   - Stage size: 1016.0 x 839.0
12:05:03.509 [FXGL Background Thread 1 ] DEBUG Engine               - Initializing environment variables
12:05:03.560 [FXGL Background Thread 1 ] DEBUG FXGLAssetLoaderServi - User app class for loading assets: class Game
12:05:03.560 [FXGL Background Thread 1 ] DEBUG GameApplicationServi - Applying CSS: fxgl_dark.css
12:05:03.561 [FXGL Background Thread 1 ] DEBUG FXGLAssetLoaderServi - Loading from file system: jar:file:/C:/Users/zthijs/.m2/repository/com/github/almasb/fxgl/11.14/fxgl-11.14.jar!/fxglassets/ui/css/fxgl_dark.css
12:05:03.628 [FXGL Background Thread 1 ] DEBUG GameApplicationServi - Initializing application scenes
12:05:03.674 [FXGL Background Thread 1 ] DEBUG GameWorld            - Game world initialized
12:05:03.767 [FXGL Background Thread 1 ] DEBUG PhysicsWorld         - Physics world initialized: appHeight=800, physics.ppm=50,0
12:05:03.768 [FXGL Background Thread 1 ] DEBUG PhysicsWorld         - Using strategy: BRUTE_FORCE
12:05:03.772 [FXGL Background Thread 1 ] DEBUG GameScene            - Game scene initialized: 1000x800
12:05:03.817 [FXGL Background Thread 1 ] DEBUG FXGLAssetLoaderServi - Loading from file system: jar:file:/C:/Users/zthijs/.m2/repository/com/github/almasb/fxgl/11.14/fxgl-11.14.jar!/fxglassets/textures/particles/trace_horizontal.png
12:05:03.863 [FXGL Background Thread 1 ] DEBUG FXGL.DefaultMenu     - createMenuBodyGameMenu()
12:05:03.878 [FXGL Background Thread 1 ] DEBUG FXGL.DefaultMenu     - createOptionsMenu()
12:05:03.886 [FXGL Background Thread 1 ] DEBUG FXGLAssetLoaderServi - Loading from file system: jar:file:/C:/Users/zthijs/.m2/repository/com/github/almasb/fxgl/11.14/fxgl-11.14.jar!/fxglassets/textures/particles/smoke.png
12:05:03.952 [FXGL Background Thread 1 ] DEBUG GameApplicationServi - Application scenes initialized
12:05:03.964 [FXGL Background Thread 1 ] DEBUG SystemBundleService  - Loading FXGL system data
12:05:03.970 [FXGL Background Thread 1 ] DEBUG FileSystemAccess     - Reading from: C:\Users\zthijs\Desktop\IPOSE\system\fxgl.bundle
12:05:03.976 [FXGL Background Thread 1 ] DEBUG SystemBundleService  - Bundle FXGL: {}
12:05:03.976 [FXGL Background Thread 1 ] DEBUG UpdaterService       - Checking for updates
12:05:03.982 [FXGL Background Thread 4 ] DEBUG FXGLApplication      - Loading fonts
12:05:03.983 [FXGL Background Thread 4 ] DEBUG FXGLAssetLoaderServi - Loading from file system: jar:file:/C:/Users/zthijs/.m2/repository/com/github/almasb/fxgl/11.14/fxgl-11.14.jar!/fxglassets/ui/fonts/VarelaRound-Regular.ttf
12:05:03.983 [FXGL Background Thread 1 ] DEBUG FXGLApplication      - Loading default localization
12:05:03.984 [FXGL Background Thread 1 ] DEBUG FXGLAssetLoaderServi - Loading from file system: jar:file:/C:/Users/zthijs/.m2/repository/com/github/almasb/fxgl/11.14/fxgl-11.14.jar!/fxglassets/languages/english.lang
12:05:04.016 [FXGL Background Thread 1 ] INFO  FXGLApplication      - FXGL initialization took: 0,507 sec
12:05:04.018 [JavaFX Application Thread] DEBUG FXGLAssetLoaderServi - Loading from file system: file:/C:/Users/zthijs/Desktop/IPOSE/target/classes/assets/textures/wozniak.png
12:05:04.048 [JavaFX Application Thread] DEBUG FXGLAssetLoaderServi - Loading from file system: jar:file:/C:/Users/zthijs/.m2/repository/com/github/almasb/fxgl/11.14/fxgl-11.14.jar!/fxglassets/ui/cursors/fxgl_default.png
12:05:04.065 [JavaFX Application Thread] DEBUG Input                - Registered new binding: Screenshot - P
12:05:04.066 [JavaFX Application Thread] DEBUG Input                - Registered new binding: System info dump - CTRL+9
12:05:04.067 [JavaFX Application Thread] DEBUG Input                - Registered new binding: Restart - CTRL+R
12:05:04.069 [JavaFX Application Thread] DEBUG Input                - Registered new binding: Toggle Debug Camera - CTRL+C
12:05:04.073 [JavaFX Application Thread] DEBUG LoopRunner           - Starting loop
12:05:04.073 [JavaFX Application Thread] DEBUG LoopRunner           - Initializing JavaFX AnimationTimerLoop
12:05:04.077 [JavaFX Application Thread] DEBUG GameApplicationServi - Starting new game
12:05:04.078 [JavaFX Application Thread] DEBUG Input                - Clearing active input actions
12:05:04.092 [FXGL Background Thread 4 ] DEBUG FXGLAssetLoaderServi - Loading from file system: jar:file:/C:/Users/zthijs/.m2/repository/com/github/almasb/fxgl/11.14/fxgl-11.14.jar!/fxglassets/ui/fonts/Abel-Regular.ttf
12:05:04.097 [JavaFX Application Thread] DEBUG GameApplicationServi - Removing overlay from FXGLStartupScene and adding to FXGLLoadingScene
12:05:04.097 [JavaFX Application Thread] DEBUG PrimaryStageWindow   - FXGLStartupScene -> FXGLLoadingScene
12:05:04.097 [JavaFX Application Thread] DEBUG GameApplicationServi - Clearing previous game
12:05:04.098 [JavaFX Application Thread] DEBUG GameScene            - Clearing game scene
12:05:04.099 [JavaFX Application Thread] DEBUG GameWorld            - Clearing game world
12:05:04.099 [JavaFX Application Thread] DEBUG PhysicsWorld         - Clearing physics world
12:05:04.100 [FXGL Background Thread 4 ] DEBUG FXGLAssetLoaderServi - Loading from file system: jar:file:/C:/Users/zthijs/.m2/repository/com/github/almasb/fxgl/11.14/fxgl-11.14.jar!/fxglassets/ui/fonts/lucida_console.ttf
12:05:04.102 [FXGL Background Thread 1 ] DEBUG FXGLApplication      - Initializing game
12:05:04.104 [FXGL Background Thread 1 ] DEBUG FXGLAssetLoaderServi - Loading from file system: file:/C:/Users/zthijs/Desktop/IPOSE/target/classes/assets/textures/gras.png
12:05:04.110 [FXGL Background Thread 4 ] DEBUG FXGLAssetLoaderServi - Loading from file system: jar:file:/C:/Users/zthijs/.m2/repository/com/github/almasb/fxgl/11.14/fxgl-11.14.jar!/fxglassets/ui/fonts/Courier-Prime.ttf
12:05:04.117 [FXGL Background Thread 1 ] INFO  FXGLApplication      - Game initialization took: 0,014 sec
12:05:04.166 [JavaFX Application Thread] DEBUG Input                - Clearing active input actions
12:05:04.180 [JavaFX Application Thread] DEBUG GameApplicationServi - Removing overlay from FXGLLoadingScene and adding to GameScene
12:05:04.181 [JavaFX Application Thread] DEBUG PrimaryStageWindow   - FXGLLoadingScene -> GameScene
12:05:04.181 [JavaFX Application Thread] DEBUG FXGLApplication      - Registering font factories with UI factory
12:05:04.500 [FXGL Background Thread 2 ] INFO  UpdaterService       - Your current version:  11.14
12:05:04.501 [FXGL Background Thread 2 ] INFO  UpdaterService       - Latest stable version: 17.1
12:05:06.980 [FXGL Background Thread 3 ] DEBUG Engine               - Logging environment variables
12:05:06.981 [FXGL Background Thread 3 ] DEBUG Engine               - achievements: []
12:05:06.982 [FXGL Background Thread 3 ] DEBUG Engine               - actualHeight: 800.0
12:05:06.982 [FXGL Background Thread 3 ] DEBUG Engine               - actualHeightProperty: ReadOnlyDoubleProperty [value: 800.0]
12:05:06.983 [FXGL Background Thread 3 ] DEBUG Engine               - actualWidth: 1000.0
12:05:06.983 [FXGL Background Thread 3 ] DEBUG Engine               - actualWidthProperty: ReadOnlyDoubleProperty [value: 1000.0]
12:05:06.983 [FXGL Background Thread 3 ] DEBUG Engine               - appIcon: wozniak.png
12:05:06.984 [FXGL Background Thread 3 ] DEBUG Engine               - applicationMode: DEVELOPER
12:05:06.984 [FXGL Background Thread 3 ] DEBUG Engine               - cSSList: [fxgl_dark.css]
12:05:06.984 [FXGL Background Thread 3 ] DEBUG Engine               - collisionDetectionStrategy: BRUTE_FORCE
12:05:06.984 [FXGL Background Thread 3 ] DEBUG Engine               - configClass: Optional.empty
12:05:06.985 [FXGL Background Thread 3 ] DEBUG Engine               - credits: []
12:05:06.985 [FXGL Background Thread 3 ] DEBUG Engine               - devBBoxColorProperty: ObjectProperty [value: 0xff0000ff]
12:05:06.985 [FXGL Background Thread 3 ] DEBUG Engine               - devEnableDebugCameraProperty: BooleanProperty [value: false]
12:05:06.986 [FXGL Background Thread 3 ] DEBUG Engine               - devSensorColorProperty: ObjectProperty [value: 0xffff00ff]
12:05:06.986 [FXGL Background Thread 3 ] DEBUG Engine               - devShowBBoxProperty: BooleanProperty [value: false]
12:05:06.986 [FXGL Background Thread 3 ] DEBUG Engine               - devShowPositionProperty: BooleanProperty [value: false]
12:05:06.987 [FXGL Background Thread 3 ] DEBUG Engine               - enabledMenuItems: []
12:05:06.987 [FXGL Background Thread 3 ] DEBUG Engine               - engineServices: [class com.almasb.fxgl.app.services.FXGLAssetLoaderService, class com.almasb.fxgl.app.FXGLApplication$GameApplicationService, class com.almasb.fxgl.app.services.FXGLDialogService, class com.almasb.fxgl.app.services.IOTaskExecutorService, class com.almasb.fxgl.event.EventBusService, class com.almasb.fxgl.io.FileSystemService, class com.almasb.fxgl.localization.LocalizationService, class com.almasb.fxgl.app.services.SystemBundleService, class com.almasb.fxgl.profile.SaveLoadService, class com.almasb.fxgl.ui.FXGLUIFactoryServiceProvider, class com.almasb.fxgl.ui.FXGLDialogFactoryServiceProvider, class com.almasb.fxgl.audio.AudioPlayer, class com.almasb.fxgl.notification.impl.NotificationServiceProvider, class com.almasb.fxgl.achievement.AchievementService, class com.almasb.fxgl.cutscene.CutsceneService, class com.almasb.fxgl.minigames.MiniGameService, class com.almasb.fxgl.net.NetService, class com.almasb.fxgl.app.services.UpdaterService, class com.almasb.fxgl.dev.DevService]
12:05:06.987 [FXGL Background Thread 3 ] DEBUG Engine               - fontGame: Abel-Regular.ttf
12:05:06.987 [FXGL Background Thread 3 ] DEBUG Engine               - fontMono: lucida_console.ttf
12:05:06.988 [FXGL Background Thread 3 ] DEBUG Engine               - fontText: Courier-Prime.ttf
12:05:06.988 [FXGL Background Thread 3 ] DEBUG Engine               - fontUI: VarelaRound-Regular.ttf
12:05:06.988 [FXGL Background Thread 3 ] DEBUG Engine               - fullScreen: BooleanProperty [value: true]
12:05:06.989 [FXGL Background Thread 3 ] DEBUG Engine               - gameDifficulty: MEDIUM
12:05:06.989 [FXGL Background Thread 3 ] DEBUG Engine               - gameDifficultyProperty: ObjectProperty [value: MEDIUM]
12:05:06.989 [FXGL Background Thread 3 ] DEBUG Engine               - globalMusicVolume: 0.5
12:05:06.990 [FXGL Background Thread 3 ] DEBUG Engine               - globalMusicVolumeProperty: DoubleProperty [value: 0.5]
12:05:06.990 [FXGL Background Thread 3 ] DEBUG Engine               - globalSoundVolume: 0.5
12:05:06.990 [FXGL Background Thread 3 ] DEBUG Engine               - globalSoundVolumeProperty: DoubleProperty [value: 0.5]
12:05:06.990 [FXGL Background Thread 3 ] DEBUG Engine               - height: 800
12:05:06.991 [FXGL Background Thread 3 ] DEBUG Engine               - isAndroid: false
12:05:06.991 [FXGL Background Thread 3 ] DEBUG Engine               - isBrowser: false
12:05:06.991 [FXGL Background Thread 3 ] DEBUG Engine               - isClickFeedbackEnabled: false
12:05:06.991 [FXGL Background Thread 3 ] DEBUG Engine               - isCloseConfirmation: false
12:05:06.992 [FXGL Background Thread 3 ] DEBUG Engine               - isDesktop: true
12:05:06.992 [FXGL Background Thread 3 ] DEBUG Engine               - isDeveloperMenuEnabled: false
12:05:06.992 [FXGL Background Thread 3 ] DEBUG Engine               - isEntityPreloadEnabled: true
12:05:06.992 [FXGL Background Thread 3 ] DEBUG Engine               - isExperimental3D: false
12:05:06.992 [FXGL Background Thread 3 ] DEBUG Engine               - isExperimentalNative: false
12:05:06.993 [FXGL Background Thread 3 ] DEBUG Engine               - isExperimentalTiledLargeMap: false
12:05:06.993 [FXGL Background Thread 3 ] DEBUG Engine               - isFileSystemWriteAllowed: true
12:05:06.993 [FXGL Background Thread 3 ] DEBUG Engine               - isFullScreenAllowed: false
12:05:06.993 [FXGL Background Thread 3 ] DEBUG Engine               - isFullScreenFromStart: true
12:05:06.994 [FXGL Background Thread 3 ] DEBUG Engine               - isGameMenuEnabled: true
12:05:06.994 [FXGL Background Thread 3 ] DEBUG Engine               - isIOS: false
12:05:06.994 [FXGL Background Thread 3 ] DEBUG Engine               - isIntroEnabled: false
12:05:06.994 [FXGL Background Thread 3 ] DEBUG Engine               - isLinux: false
12:05:06.994 [FXGL Background Thread 3 ] DEBUG Engine               - isMac: false
12:05:06.995 [FXGL Background Thread 3 ] DEBUG Engine               - isMainMenuEnabled: false
12:05:06.995 [FXGL Background Thread 3 ] DEBUG Engine               - isManualResizeEnabled: false
12:05:06.995 [FXGL Background Thread 3 ] DEBUG Engine               - isMobile: false
12:05:06.996 [FXGL Background Thread 3 ] DEBUG Engine               - isPreserveResizeRatio: false
12:05:06.996 [FXGL Background Thread 3 ] DEBUG Engine               - isProfilingEnabled: false
12:05:06.996 [FXGL Background Thread 3 ] DEBUG Engine               - isScaleAffectedOnResize: true
12:05:06.996 [FXGL Background Thread 3 ] DEBUG Engine               - isSingleStep: false
12:05:06.997 [FXGL Background Thread 3 ] DEBUG Engine               - isUserProfileEnabled: false
12:05:06.997 [FXGL Background Thread 3 ] DEBUG Engine               - isWindows: true
12:05:06.997 [FXGL Background Thread 3 ] DEBUG Engine               - language: ObjectProperty [value: ENGLISH]
12:05:06.997 [FXGL Background Thread 3 ] DEBUG Engine               - menuKey: ESCAPE
12:05:06.998 [FXGL Background Thread 3 ] DEBUG Engine               - notificationViewClass: class com.almasb.fxgl.notification.view.XboxNotificationView
12:05:06.998 [FXGL Background Thread 3 ] DEBUG Engine               - pixelsPerMeter: 50.0
12:05:06.998 [FXGL Background Thread 3 ] DEBUG Engine               - platform: WINDOWS
12:05:06.999 [FXGL Background Thread 3 ] DEBUG Engine               - prefHeightProperty: ReadOnlyDoubleProperty [value: 800.0]
12:05:06.999 [FXGL Background Thread 3 ] DEBUG Engine               - prefWidthProperty: ReadOnlyDoubleProperty [value: 1000.0]
12:05:06.999 [FXGL Background Thread 3 ] DEBUG Engine               - profileDir: profiles/
12:05:06.999 [FXGL Background Thread 3 ] DEBUG Engine               - profileName: StringProperty [value: DEFAULT]
12:05:07.000 [FXGL Background Thread 3 ] DEBUG Engine               - randomSeed: -1
12:05:07.000 [FXGL Background Thread 3 ] DEBUG Engine               - runtimeInfo: RuntimeInfo(platform=WINDOWS, version=11.14, build=01.03.2021 16.59)
12:05:07.000 [FXGL Background Thread 3 ] DEBUG Engine               - saveFileExt: sav
12:05:07.000 [FXGL Background Thread 3 ] DEBUG Engine               - scaledHeightProp$fxgl: DoubleProperty [bound, value: 800.0]
12:05:07.001 [FXGL Background Thread 3 ] DEBUG Engine               - scaledWidthProp$fxgl: DoubleProperty [bound, value: 1000.0]
12:05:07.001 [FXGL Background Thread 3 ] DEBUG Engine               - sceneFactory: com.almasb.fxgl.app.scene.SceneFactory@769fd096
12:05:07.001 [FXGL Background Thread 3 ] DEBUG Engine               - secondsIn24h: 60
12:05:07.001 [FXGL Background Thread 3 ] DEBUG Engine               - soundMenuBack: menu/back.wav
12:05:07.002 [FXGL Background Thread 3 ] DEBUG Engine               - soundMenuPress: menu/press.wav
12:05:07.002 [FXGL Background Thread 3 ] DEBUG Engine               - soundMenuSelect: menu/select.wav
12:05:07.003 [FXGL Background Thread 3 ] DEBUG Engine               - soundNotification: core/notification.wav
12:05:07.003 [FXGL Background Thread 3 ] DEBUG Engine               - stageStyle: DECORATED
12:05:07.003 [FXGL Background Thread 3 ] DEBUG Engine               - supportedLanguages: [ENGLISH, FRENCH, GERMAN, HUNGARIAN, RUSSIAN]
12:05:07.003 [FXGL Background Thread 3 ] DEBUG Engine               - ticksPerSecond: -1
12:05:07.003 [FXGL Background Thread 3 ] DEBUG Engine               - title: Wozniak defense
12:05:07.004 [FXGL Background Thread 3 ] DEBUG Engine               - urlGithub: https://github.com/AlmasB/FXGL
12:05:07.004 [FXGL Background Thread 3 ] DEBUG Engine               - urlLeaderboard: http://fxgl-top.herokuapp.com/
12:05:07.004 [FXGL Background Thread 3 ] DEBUG Engine               - urlPOM: https://raw.githubusercontent.com/AlmasB/FXGL/release/README.md
12:05:07.004 [FXGL Background Thread 3 ] DEBUG Engine               - userAppClass: class Game
12:05:07.004 [FXGL Background Thread 3 ] DEBUG Engine               - version: 
12:05:07.005 [FXGL Background Thread 3 ] DEBUG Engine               - versionCheckDays: 7
12:05:07.005 [FXGL Background Thread 3 ] DEBUG Engine               - width: 1000
12:05:07.005 [FXGL Background Thread 3 ] DEBUG Engine               - Logging services
12:05:07.005 [FXGL Background Thread 3 ] DEBUG Engine               - class com.almasb.fxgl.app.services.FXGLAssetLoaderService
12:05:07.005 [FXGL Background Thread 3 ] DEBUG Engine               - class com.almasb.fxgl.app.FXGLApplication$GameApplicationService
12:05:07.005 [FXGL Background Thread 3 ] DEBUG Engine               - class com.almasb.fxgl.app.services.FXGLDialogService
12:05:07.006 [FXGL Background Thread 3 ] DEBUG Engine               - class com.almasb.fxgl.app.services.IOTaskExecutorService
12:05:07.006 [FXGL Background Thread 3 ] DEBUG Engine               - class com.almasb.fxgl.event.EventBusService
12:05:07.006 [FXGL Background Thread 3 ] DEBUG Engine               - class com.almasb.fxgl.io.FileSystemService
12:05:07.006 [FXGL Background Thread 3 ] DEBUG Engine               - class com.almasb.fxgl.localization.LocalizationService
12:05:07.006 [FXGL Background Thread 3 ] DEBUG Engine               - class com.almasb.fxgl.app.services.SystemBundleService
12:05:07.007 [FXGL Background Thread 3 ] DEBUG Engine               - class com.almasb.fxgl.profile.SaveLoadService
12:05:07.007 [FXGL Background Thread 3 ] DEBUG Engine               - class com.almasb.fxgl.ui.FXGLUIFactoryServiceProvider
12:05:07.007 [FXGL Background Thread 3 ] DEBUG Engine               - class com.almasb.fxgl.ui.FXGLDialogFactoryServiceProvider
12:05:07.007 [FXGL Background Thread 3 ] DEBUG Engine               - class com.almasb.fxgl.audio.AudioPlayer
12:05:07.008 [FXGL Background Thread 3 ] DEBUG Engine               - class com.almasb.fxgl.notification.impl.NotificationServiceProvider
12:05:07.008 [FXGL Background Thread 3 ] DEBUG Engine               - class com.almasb.fxgl.achievement.AchievementService
12:05:07.009 [FXGL Background Thread 3 ] DEBUG Engine               - class com.almasb.fxgl.cutscene.CutsceneService
12:05:07.009 [FXGL Background Thread 3 ] DEBUG Engine               - class com.almasb.fxgl.minigames.MiniGameService
12:05:07.009 [FXGL Background Thread 3 ] DEBUG Engine               - class com.almasb.fxgl.net.NetService
12:05:07.009 [FXGL Background Thread 3 ] DEBUG Engine               - class com.almasb.fxgl.app.services.UpdaterService
12:05:07.009 [FXGL Background Thread 3 ] DEBUG Engine               - class com.almasb.fxgl.dev.DevService
12:05:15.940 [JavaFX Application Thread] DEBUG FXGLApplication      - Exiting FXGL
12:05:15.941 [JavaFX Application Thread] DEBUG LoopRunner           - Stopping loop
12:05:15.941 [JavaFX Application Thread] DEBUG SystemBundleService  - Saving FXGL system data
12:05:15.945 [JavaFX Application Thread] DEBUG FileSystemAccess     - Writing to: C:\Users\zthijs\Desktop\IPOSE\system\fxgl.bundle
12:05:15.949 [JavaFX Application Thread] DEBUG Async                - Shutting down background threads
12:05:15.950 [JavaFX Application Thread] DEBUG PrimaryStageWindow   - Closing main window
12:05:15.968 [JavaFX Application Thread] DEBUG Logger               - Closing Logger
