12:05:18.968 [main                     ] DEBUG Logger               - Configured Logger
12:05:18.974 [main                     ] DEBUG GameApplication      - Logging settings
Title: Wozniak defense
Version: 
Width: 1000
Height: 800
Fullscreen: false
Intro: false
Profiling: false
Single step:false
App Mode: DEVELOPER
Menu Key: ESCAPE
Stage Style: DECORATED
Scene Factory: class com.almasb.fxgl.app.scene.SceneFactory

12:05:19.450 [JavaFX Application Thread] DEBUG FXGLApplication      - Initializing FXGL
12:05:19.453 [JavaFX Application Thread] INFO  Engine               - FXGL-11.14 (01.03.2021 16.59) on WINDOWS (J:17.0.2 FX:15)
12:05:19.453 [JavaFX Application Thread] DEBUG Engine               - JRE Vendor Name: Eclipse Adoptium
12:05:19.454 [JavaFX Application Thread] DEBUG Engine               - Running on OS: Windows 11 version 10.0
12:05:19.454 [JavaFX Application Thread] DEBUG Engine               - Architecture: amd64
12:05:19.454 [JavaFX Application Thread] INFO  Engine               - Source code and latest versions at: https://github.com/AlmasB/FXGL
12:05:19.455 [JavaFX Application Thread] INFO  Engine               -              Join the FXGL chat at: https://gitter.im/AlmasB/FXGL
12:05:19.626 [JavaFX Application Thread] DEBUG PrimaryStageWindow   - Creating a JavaFX scene
12:05:19.678 [JavaFX Application Thread] DEBUG PrimaryStageWindow   - Target settings size: 1000.0 x 800.0
12:05:19.678 [JavaFX Application Thread] DEBUG PrimaryStageWindow   - Scaled scene size:    1000.0 x 800.0
12:05:19.678 [JavaFX Application Thread] DEBUG PrimaryStageWindow   - Scaled ratio: (1.0, 1.0)
12:05:19.679 [JavaFX Application Thread] DEBUG PrimaryStageWindow   - Set initial scene to FXGLStartupScene
12:05:19.686 [JavaFX Application Thread] DEBUG PrimaryStageWindow   - Opening main window
12:05:19.778 [JavaFX Application Thread] DEBUG PrimaryStageWindow   - Window border size: (16.0, 39.0)
12:05:19.778 [JavaFX Application Thread] DEBUG PrimaryStageWindow   - Scaled size: 1000.0 x 800.0
12:05:19.779 [JavaFX Application Thread] DEBUG PrimaryStageWindow   - Scaled ratio: (1.0, 1.0)
12:05:19.779 [JavaFX Application Thread] DEBUG PrimaryStageWindow   - Scene size: 1000.0 x 800.0
12:05:19.779 [JavaFX Application Thread] DEBUG PrimaryStageWindow   - Stage size: 1016.0 x 839.0
12:05:19.791 [FXGL Background Thread 1 ] DEBUG Engine               - Initializing environment variables
12:05:19.843 [FXGL Background Thread 1 ] DEBUG FXGLAssetLoaderServi - User app class for loading assets: class Game
12:05:19.844 [FXGL Background Thread 1 ] DEBUG GameApplicationServi - Applying CSS: fxgl_dark.css
12:05:19.845 [FXGL Background Thread 1 ] DEBUG FXGLAssetLoaderServi - Loading from file system: jar:file:/C:/Users/zthijs/.m2/repository/com/github/almasb/fxgl/11.14/fxgl-11.14.jar!/fxglassets/ui/css/fxgl_dark.css
12:05:19.907 [FXGL Background Thread 1 ] DEBUG GameApplicationServi - Initializing application scenes
12:05:19.955 [FXGL Background Thread 1 ] DEBUG GameWorld            - Game world initialized
12:05:20.037 [FXGL Background Thread 1 ] DEBUG PhysicsWorld         - Physics world initialized: appHeight=800, physics.ppm=50,0
12:05:20.038 [FXGL Background Thread 1 ] DEBUG PhysicsWorld         - Using strategy: BRUTE_FORCE
12:05:20.040 [FXGL Background Thread 1 ] DEBUG GameScene            - Game scene initialized: 1000x800
12:05:20.091 [FXGL Background Thread 1 ] DEBUG FXGLAssetLoaderServi - Loading from file system: jar:file:/C:/Users/zthijs/.m2/repository/com/github/almasb/fxgl/11.14/fxgl-11.14.jar!/fxglassets/textures/particles/trace_horizontal.png
12:05:20.150 [FXGL Background Thread 1 ] DEBUG FXGL.DefaultMenu     - createMenuBodyGameMenu()
12:05:20.171 [FXGL Background Thread 1 ] DEBUG FXGL.DefaultMenu     - createOptionsMenu()
12:05:20.179 [FXGL Background Thread 1 ] DEBUG FXGLAssetLoaderServi - Loading from file system: jar:file:/C:/Users/zthijs/.m2/repository/com/github/almasb/fxgl/11.14/fxgl-11.14.jar!/fxglassets/textures/particles/smoke.png
12:05:20.264 [FXGL Background Thread 1 ] DEBUG GameApplicationServi - Application scenes initialized
12:05:20.278 [FXGL Background Thread 1 ] DEBUG SystemBundleService  - Loading FXGL system data
12:05:20.284 [FXGL Background Thread 1 ] DEBUG FileSystemAccess     - Reading from: C:\Users\zthijs\Desktop\IPOSE\system\fxgl.bundle
12:05:20.292 [FXGL Background Thread 1 ] DEBUG SystemBundleService  - Bundle FXGL: {}
12:05:20.292 [FXGL Background Thread 1 ] DEBUG UpdaterService       - Checking for updates
12:05:20.299 [FXGL Background Thread 4 ] DEBUG FXGLApplication      - Loading fonts
12:05:20.300 [FXGL Background Thread 4 ] DEBUG FXGLAssetLoaderServi - Loading from file system: jar:file:/C:/Users/zthijs/.m2/repository/com/github/almasb/fxgl/11.14/fxgl-11.14.jar!/fxglassets/ui/fonts/VarelaRound-Regular.ttf
12:05:20.300 [FXGL Background Thread 1 ] DEBUG FXGLApplication      - Loading default localization
12:05:20.301 [FXGL Background Thread 1 ] DEBUG FXGLAssetLoaderServi - Loading from file system: jar:file:/C:/Users/zthijs/.m2/repository/com/github/almasb/fxgl/11.14/fxgl-11.14.jar!/fxglassets/languages/english.lang
12:05:20.330 [FXGL Background Thread 1 ] INFO  FXGLApplication      - FXGL initialization took: 0,539 sec
12:05:20.333 [JavaFX Application Thread] DEBUG FXGLAssetLoaderServi - Loading from file system: file:/C:/Users/zthijs/Desktop/IPOSE/target/classes/assets/textures/wozniak.png
12:05:20.375 [JavaFX Application Thread] DEBUG FXGLAssetLoaderServi - Loading from file system: jar:file:/C:/Users/zthijs/.m2/repository/com/github/almasb/fxgl/11.14/fxgl-11.14.jar!/fxglassets/ui/cursors/fxgl_default.png
12:05:20.398 [JavaFX Application Thread] DEBUG Input                - Registered new binding: Screenshot - P
12:05:20.399 [JavaFX Application Thread] DEBUG Input                - Registered new binding: System info dump - CTRL+9
12:05:20.399 [JavaFX Application Thread] DEBUG Input                - Registered new binding: Restart - CTRL+R
12:05:20.400 [JavaFX Application Thread] DEBUG Input                - Registered new binding: Toggle Debug Camera - CTRL+C
12:05:20.404 [FXGL Background Thread 4 ] DEBUG FXGLAssetLoaderServi - Loading from file system: jar:file:/C:/Users/zthijs/.m2/repository/com/github/almasb/fxgl/11.14/fxgl-11.14.jar!/fxglassets/ui/fonts/Abel-Regular.ttf
12:05:20.404 [JavaFX Application Thread] DEBUG LoopRunner           - Starting loop
12:05:20.404 [JavaFX Application Thread] DEBUG LoopRunner           - Initializing JavaFX AnimationTimerLoop
12:05:20.407 [JavaFX Application Thread] DEBUG GameApplicationServi - Starting new game
12:05:20.409 [JavaFX Application Thread] DEBUG Input                - Clearing active input actions
12:05:20.411 [FXGL Background Thread 4 ] DEBUG FXGLAssetLoaderServi - Loading from file system: jar:file:/C:/Users/zthijs/.m2/repository/com/github/almasb/fxgl/11.14/fxgl-11.14.jar!/fxglassets/ui/fonts/lucida_console.ttf
12:05:20.420 [FXGL Background Thread 4 ] DEBUG FXGLAssetLoaderServi - Loading from file system: jar:file:/C:/Users/zthijs/.m2/repository/com/github/almasb/fxgl/11.14/fxgl-11.14.jar!/fxglassets/ui/fonts/Courier-Prime.ttf
12:05:20.427 [JavaFX Application Thread] DEBUG GameApplicationServi - Removing overlay from FXGLStartupScene and adding to FXGLLoadingScene
12:05:20.427 [JavaFX Application Thread] DEBUG PrimaryStageWindow   - FXGLStartupScene -> FXGLLoadingScene
12:05:20.428 [JavaFX Application Thread] DEBUG GameApplicationServi - Clearing previous game
12:05:20.428 [JavaFX Application Thread] DEBUG GameScene            - Clearing game scene
12:05:20.428 [JavaFX Application Thread] DEBUG GameWorld            - Clearing game world
12:05:20.428 [JavaFX Application Thread] DEBUG PhysicsWorld         - Clearing physics world
12:05:20.430 [FXGL Background Thread 4 ] DEBUG FXGLApplication      - Initializing game
12:05:20.431 [FXGL Background Thread 4 ] DEBUG FXGLAssetLoaderServi - Loading from file system: file:/C:/Users/zthijs/Desktop/IPOSE/target/classes/assets/textures/gras.png
12:05:20.440 [FXGL Background Thread 4 ] INFO  FXGLApplication      - Game initialization took: 0,010 sec
12:05:20.486 [JavaFX Application Thread] DEBUG FXGLApplication      - Registering font factories with UI factory
12:05:20.491 [JavaFX Application Thread] DEBUG Input                - Clearing active input actions
12:05:20.506 [JavaFX Application Thread] DEBUG GameApplicationServi - Removing overlay from FXGLLoadingScene and adding to GameScene
12:05:20.506 [JavaFX Application Thread] DEBUG PrimaryStageWindow   - FXGLLoadingScene -> GameScene
12:05:20.791 [FXGL Background Thread 2 ] INFO  UpdaterService       - Your current version:  11.14
12:05:20.791 [FXGL Background Thread 2 ] INFO  UpdaterService       - Latest stable version: 17.1
12:05:23.299 [FXGL Background Thread 3 ] DEBUG Engine               - Logging environment variables
12:05:23.300 [FXGL Background Thread 3 ] DEBUG Engine               - achievements: []
12:05:23.301 [FXGL Background Thread 3 ] DEBUG Engine               - actualHeight: 800.0
12:05:23.301 [FXGL Background Thread 3 ] DEBUG Engine               - actualHeightProperty: ReadOnlyDoubleProperty [value: 800.0]
12:05:23.302 [FXGL Background Thread 3 ] DEBUG Engine               - actualWidth: 1000.0
12:05:23.302 [FXGL Background Thread 3 ] DEBUG Engine               - actualWidthProperty: ReadOnlyDoubleProperty [value: 1000.0]
12:05:23.303 [FXGL Background Thread 3 ] DEBUG Engine               - appIcon: wozniak.png
12:05:23.303 [FXGL Background Thread 3 ] DEBUG Engine               - applicationMode: DEVELOPER
12:05:23.303 [FXGL Background Thread 3 ] DEBUG Engine               - cSSList: [fxgl_dark.css]
12:05:23.303 [FXGL Background Thread 3 ] DEBUG Engine               - collisionDetectionStrategy: BRUTE_FORCE
12:05:23.304 [FXGL Background Thread 3 ] DEBUG Engine               - configClass: Optional.empty
12:05:23.304 [FXGL Background Thread 3 ] DEBUG Engine               - credits: []
12:05:23.304 [FXGL Background Thread 3 ] DEBUG Engine               - devBBoxColorProperty: ObjectProperty [value: 0xff0000ff]
12:05:23.305 [FXGL Background Thread 3 ] DEBUG Engine               - devEnableDebugCameraProperty: BooleanProperty [value: false]
12:05:23.305 [FXGL Background Thread 3 ] DEBUG Engine               - devSensorColorProperty: ObjectProperty [value: 0xffff00ff]
12:05:23.305 [FXGL Background Thread 3 ] DEBUG Engine               - devShowBBoxProperty: BooleanProperty [value: false]
12:05:23.306 [FXGL Background Thread 3 ] DEBUG Engine               - devShowPositionProperty: BooleanProperty [value: false]
12:05:23.306 [FXGL Background Thread 3 ] DEBUG Engine               - enabledMenuItems: []
12:05:23.306 [FXGL Background Thread 3 ] DEBUG Engine               - engineServices: [class com.almasb.fxgl.app.services.FXGLAssetLoaderService, class com.almasb.fxgl.app.FXGLApplication$GameApplicationService, class com.almasb.fxgl.app.services.FXGLDialogService, class com.almasb.fxgl.app.services.IOTaskExecutorService, class com.almasb.fxgl.event.EventBusService, class com.almasb.fxgl.io.FileSystemService, class com.almasb.fxgl.localization.LocalizationService, class com.almasb.fxgl.app.services.SystemBundleService, class com.almasb.fxgl.profile.SaveLoadService, class com.almasb.fxgl.ui.FXGLUIFactoryServiceProvider, class com.almasb.fxgl.ui.FXGLDialogFactoryServiceProvider, class com.almasb.fxgl.audio.AudioPlayer, class com.almasb.fxgl.notification.impl.NotificationServiceProvider, class com.almasb.fxgl.achievement.AchievementService, class com.almasb.fxgl.cutscene.CutsceneService, class com.almasb.fxgl.minigames.MiniGameService, class com.almasb.fxgl.net.NetService, class com.almasb.fxgl.app.services.UpdaterService, class com.almasb.fxgl.dev.DevService]
12:05:23.306 [FXGL Background Thread 3 ] DEBUG Engine               - fontGame: Abel-Regular.ttf
12:05:23.306 [FXGL Background Thread 3 ] DEBUG Engine               - fontMono: lucida_console.ttf
12:05:23.307 [FXGL Background Thread 3 ] DEBUG Engine               - fontText: Courier-Prime.ttf
12:05:23.307 [FXGL Background Thread 3 ] DEBUG Engine               - fontUI: VarelaRound-Regular.ttf
12:05:23.307 [FXGL Background Thread 3 ] DEBUG Engine               - fullScreen: BooleanProperty [value: true]
12:05:23.307 [FXGL Background Thread 3 ] DEBUG Engine               - gameDifficulty: MEDIUM
12:05:23.307 [FXGL Background Thread 3 ] DEBUG Engine               - gameDifficultyProperty: ObjectProperty [value: MEDIUM]
12:05:23.308 [FXGL Background Thread 3 ] DEBUG Engine               - globalMusicVolume: 0.5
12:05:23.308 [FXGL Background Thread 3 ] DEBUG Engine               - globalMusicVolumeProperty: DoubleProperty [value: 0.5]
12:05:23.308 [FXGL Background Thread 3 ] DEBUG Engine               - globalSoundVolume: 0.5
12:05:23.309 [FXGL Background Thread 3 ] DEBUG Engine               - globalSoundVolumeProperty: DoubleProperty [value: 0.5]
12:05:23.309 [FXGL Background Thread 3 ] DEBUG Engine               - height: 800
12:05:23.309 [FXGL Background Thread 3 ] DEBUG Engine               - isAndroid: false
12:05:23.309 [FXGL Background Thread 3 ] DEBUG Engine               - isBrowser: false
12:05:23.310 [FXGL Background Thread 3 ] DEBUG Engine               - isClickFeedbackEnabled: false
12:05:23.310 [FXGL Background Thread 3 ] DEBUG Engine               - isCloseConfirmation: false
12:05:23.310 [FXGL Background Thread 3 ] DEBUG Engine               - isDesktop: true
12:05:23.310 [FXGL Background Thread 3 ] DEBUG Engine               - isDeveloperMenuEnabled: false
12:05:23.311 [FXGL Background Thread 3 ] DEBUG Engine               - isEntityPreloadEnabled: true
12:05:23.311 [FXGL Background Thread 3 ] DEBUG Engine               - isExperimental3D: false
12:05:23.311 [FXGL Background Thread 3 ] DEBUG Engine               - isExperimentalNative: false
12:05:23.311 [FXGL Background Thread 3 ] DEBUG Engine               - isExperimentalTiledLargeMap: false
12:05:23.312 [FXGL Background Thread 3 ] DEBUG Engine               - isFileSystemWriteAllowed: true
12:05:23.312 [FXGL Background Thread 3 ] DEBUG Engine               - isFullScreenAllowed: false
12:05:23.312 [FXGL Background Thread 3 ] DEBUG Engine               - isFullScreenFromStart: true
12:05:23.312 [FXGL Background Thread 3 ] DEBUG Engine               - isGameMenuEnabled: true
12:05:23.312 [FXGL Background Thread 3 ] DEBUG Engine               - isIOS: false
12:05:23.313 [FXGL Background Thread 3 ] DEBUG Engine               - isIntroEnabled: false
12:05:23.313 [FXGL Background Thread 3 ] DEBUG Engine               - isLinux: false
12:05:23.313 [FXGL Background Thread 3 ] DEBUG Engine               - isMac: false
12:05:23.313 [FXGL Background Thread 3 ] DEBUG Engine               - isMainMenuEnabled: false
12:05:23.313 [FXGL Background Thread 3 ] DEBUG Engine               - isManualResizeEnabled: false
12:05:23.314 [FXGL Background Thread 3 ] DEBUG Engine               - isMobile: false
12:05:23.314 [FXGL Background Thread 3 ] DEBUG Engine               - isPreserveResizeRatio: false
12:05:23.314 [FXGL Background Thread 3 ] DEBUG Engine               - isProfilingEnabled: false
12:05:23.315 [FXGL Background Thread 3 ] DEBUG Engine               - isScaleAffectedOnResize: true
12:05:23.315 [FXGL Background Thread 3 ] DEBUG Engine               - isSingleStep: false
12:05:23.316 [FXGL Background Thread 3 ] DEBUG Engine               - isUserProfileEnabled: false
12:05:23.316 [FXGL Background Thread 3 ] DEBUG Engine               - isWindows: true
12:05:23.316 [FXGL Background Thread 3 ] DEBUG Engine               - language: ObjectProperty [value: ENGLISH]
12:05:23.317 [FXGL Background Thread 3 ] DEBUG Engine               - menuKey: ESCAPE
12:05:23.317 [FXGL Background Thread 3 ] DEBUG Engine               - notificationViewClass: class com.almasb.fxgl.notification.view.XboxNotificationView
12:05:23.318 [FXGL Background Thread 3 ] DEBUG Engine               - pixelsPerMeter: 50.0
12:05:23.318 [FXGL Background Thread 3 ] DEBUG Engine               - platform: WINDOWS
12:05:23.318 [FXGL Background Thread 3 ] DEBUG Engine               - prefHeightProperty: ReadOnlyDoubleProperty [value: 800.0]
12:05:23.319 [FXGL Background Thread 3 ] DEBUG Engine               - prefWidthProperty: ReadOnlyDoubleProperty [value: 1000.0]
12:05:23.319 [FXGL Background Thread 3 ] DEBUG Engine               - profileDir: profiles/
12:05:23.319 [FXGL Background Thread 3 ] DEBUG Engine               - profileName: StringProperty [value: DEFAULT]
12:05:23.320 [FXGL Background Thread 3 ] DEBUG Engine               - randomSeed: -1
12:05:23.320 [FXGL Background Thread 3 ] DEBUG Engine               - runtimeInfo: RuntimeInfo(platform=WINDOWS, version=11.14, build=01.03.2021 16.59)
12:05:23.320 [FXGL Background Thread 3 ] DEBUG Engine               - saveFileExt: sav
12:05:23.321 [FXGL Background Thread 3 ] DEBUG Engine               - scaledHeightProp$fxgl: DoubleProperty [bound, value: 800.0]
12:05:23.321 [FXGL Background Thread 3 ] DEBUG Engine               - scaledWidthProp$fxgl: DoubleProperty [bound, value: 1000.0]
12:05:23.322 [FXGL Background Thread 3 ] DEBUG Engine               - sceneFactory: com.almasb.fxgl.app.scene.SceneFactory@61e41f57
12:05:23.322 [FXGL Background Thread 3 ] DEBUG Engine               - secondsIn24h: 60
12:05:23.322 [FXGL Background Thread 3 ] DEBUG Engine               - soundMenuBack: menu/back.wav
12:05:23.322 [FXGL Background Thread 3 ] DEBUG Engine               - soundMenuPress: menu/press.wav
12:05:23.323 [FXGL Background Thread 3 ] DEBUG Engine               - soundMenuSelect: menu/select.wav
12:05:23.323 [FXGL Background Thread 3 ] DEBUG Engine               - soundNotification: core/notification.wav
12:05:23.323 [FXGL Background Thread 3 ] DEBUG Engine               - stageStyle: DECORATED
12:05:23.323 [FXGL Background Thread 3 ] DEBUG Engine               - supportedLanguages: [ENGLISH, FRENCH, GERMAN, HUNGARIAN, RUSSIAN]
12:05:23.324 [FXGL Background Thread 3 ] DEBUG Engine               - ticksPerSecond: -1
12:05:23.324 [FXGL Background Thread 3 ] DEBUG Engine               - title: Wozniak defense
12:05:23.324 [FXGL Background Thread 3 ] DEBUG Engine               - urlGithub: https://github.com/AlmasB/FXGL
12:05:23.324 [FXGL Background Thread 3 ] DEBUG Engine               - urlLeaderboard: http://fxgl-top.herokuapp.com/
12:05:23.325 [FXGL Background Thread 3 ] DEBUG Engine               - urlPOM: https://raw.githubusercontent.com/AlmasB/FXGL/release/README.md
12:05:23.325 [FXGL Background Thread 3 ] DEBUG Engine               - userAppClass: class Game
12:05:23.325 [FXGL Background Thread 3 ] DEBUG Engine               - version: 
12:05:23.325 [FXGL Background Thread 3 ] DEBUG Engine               - versionCheckDays: 7
12:05:23.325 [FXGL Background Thread 3 ] DEBUG Engine               - width: 1000
12:05:23.326 [FXGL Background Thread 3 ] DEBUG Engine               - Logging services
12:05:23.326 [FXGL Background Thread 3 ] DEBUG Engine               - class com.almasb.fxgl.app.services.FXGLAssetLoaderService
12:05:23.326 [FXGL Background Thread 3 ] DEBUG Engine               - class com.almasb.fxgl.app.FXGLApplication$GameApplicationService
12:05:23.326 [FXGL Background Thread 3 ] DEBUG Engine               - class com.almasb.fxgl.app.services.FXGLDialogService
12:05:23.326 [FXGL Background Thread 3 ] DEBUG Engine               - class com.almasb.fxgl.app.services.IOTaskExecutorService
12:05:23.327 [FXGL Background Thread 3 ] DEBUG Engine               - class com.almasb.fxgl.event.EventBusService
12:05:23.327 [FXGL Background Thread 3 ] DEBUG Engine               - class com.almasb.fxgl.io.FileSystemService
12:05:23.327 [FXGL Background Thread 3 ] DEBUG Engine               - class com.almasb.fxgl.localization.LocalizationService
12:05:23.327 [FXGL Background Thread 3 ] DEBUG Engine               - class com.almasb.fxgl.app.services.SystemBundleService
12:05:23.327 [FXGL Background Thread 3 ] DEBUG Engine               - class com.almasb.fxgl.profile.SaveLoadService
12:05:23.328 [FXGL Background Thread 3 ] DEBUG Engine               - class com.almasb.fxgl.ui.FXGLUIFactoryServiceProvider
12:05:23.328 [FXGL Background Thread 3 ] DEBUG Engine               - class com.almasb.fxgl.ui.FXGLDialogFactoryServiceProvider
12:05:23.328 [FXGL Background Thread 3 ] DEBUG Engine               - class com.almasb.fxgl.audio.AudioPlayer
12:05:23.328 [FXGL Background Thread 3 ] DEBUG Engine               - class com.almasb.fxgl.notification.impl.NotificationServiceProvider
12:05:23.328 [FXGL Background Thread 3 ] DEBUG Engine               - class com.almasb.fxgl.achievement.AchievementService
12:05:23.329 [FXGL Background Thread 3 ] DEBUG Engine               - class com.almasb.fxgl.cutscene.CutsceneService
12:05:23.329 [FXGL Background Thread 3 ] DEBUG Engine               - class com.almasb.fxgl.minigames.MiniGameService
12:05:23.329 [FXGL Background Thread 3 ] DEBUG Engine               - class com.almasb.fxgl.net.NetService
12:05:23.329 [FXGL Background Thread 3 ] DEBUG Engine               - class com.almasb.fxgl.app.services.UpdaterService
12:05:23.329 [FXGL Background Thread 3 ] DEBUG Engine               - class com.almasb.fxgl.dev.DevService
12:05:37.347 [JavaFX Application Thread] DEBUG FXGLApplication      - Exiting FXGL
12:05:37.348 [JavaFX Application Thread] DEBUG LoopRunner           - Stopping loop
12:05:37.348 [JavaFX Application Thread] DEBUG SystemBundleService  - Saving FXGL system data
12:05:37.350 [JavaFX Application Thread] DEBUG FileSystemAccess     - Writing to: C:\Users\zthijs\Desktop\IPOSE\system\fxgl.bundle
12:05:37.352 [JavaFX Application Thread] DEBUG Async                - Shutting down background threads
12:05:37.352 [JavaFX Application Thread] DEBUG PrimaryStageWindow   - Closing main window
12:05:37.367 [JavaFX Application Thread] DEBUG Logger               - Closing Logger
