10:52:34.055 [main                     ] DEBUG Logger               - Configured Logger
10:52:34.090 [main                     ] DEBUG GameApplication      - Logging settings
Title: Wozniak defense
Version: 
Width: 1280
Height: 720
Fullscreen: false
Intro: false
Profiling: false
Single step:false
App Mode: DEVELOPER
Menu Key: ESCAPE
Stage Style: DECORATED
Scene Factory: class com.almasb.fxgl.app.scene.SceneFactory

10:52:34.836 [JavaFX Application Thread] DEBUG FXGLApplication      - Initializing FXGL
10:52:34.840 [JavaFX Application Thread] INFO  Engine               - FXGL-11.14 (01.03.2021 16.59) on WINDOWS (J:15.0.2 FX:15)
10:52:34.840 [JavaFX Application Thread] DEBUG Engine               - JRE Vendor Name: Amazon.com Inc.
10:52:34.840 [JavaFX Application Thread] DEBUG Engine               - Running on OS: Windows 10 version 10.0
10:52:34.840 [JavaFX Application Thread] DEBUG Engine               - Architecture: amd64
10:52:34.841 [JavaFX Application Thread] INFO  Engine               - Source code and latest versions at: https://github.com/AlmasB/FXGL
10:52:34.841 [JavaFX Application Thread] INFO  Engine               -              Join the FXGL chat at: https://gitter.im/AlmasB/FXGL
10:52:35.076 [JavaFX Application Thread] DEBUG PrimaryStageWindow   - Creating a JavaFX scene
10:52:35.173 [JavaFX Application Thread] DEBUG PrimaryStageWindow   - Target settings size: 1280.0 x 720.0
10:52:35.174 [JavaFX Application Thread] DEBUG PrimaryStageWindow   - Scaled scene size:    1280.0 x 720.0
10:52:35.174 [JavaFX Application Thread] DEBUG PrimaryStageWindow   - Scaled ratio: (1.0, 1.0)
10:52:35.177 [JavaFX Application Thread] DEBUG PrimaryStageWindow   - Set initial scene to FXGLStartupScene
10:52:35.192 [JavaFX Application Thread] DEBUG PrimaryStageWindow   - Opening main window
10:52:35.337 [JavaFX Application Thread] DEBUG PrimaryStageWindow   - Window border size: (16.0, 39.0)
10:52:35.337 [JavaFX Application Thread] DEBUG PrimaryStageWindow   - Scaled size: 1280.0 x 720.0
10:52:35.337 [JavaFX Application Thread] DEBUG PrimaryStageWindow   - Scaled ratio: (1.0, 1.0)
10:52:35.339 [JavaFX Application Thread] DEBUG PrimaryStageWindow   - Scene size: 1280.0 x 720.0
10:52:35.339 [JavaFX Application Thread] DEBUG PrimaryStageWindow   - Stage size: 1296.0 x 759.0
10:52:35.356 [FXGL Background Thread 1 ] DEBUG Engine               - Initializing environment variables
10:52:35.424 [FXGL Background Thread 1 ] DEBUG FXGLAssetLoaderServi - User app class for loading assets: class Game
10:52:35.424 [FXGL Background Thread 1 ] DEBUG GameApplicationServi - Applying CSS: fxgl_dark.css
10:52:35.427 [FXGL Background Thread 1 ] DEBUG FXGLAssetLoaderServi - Loading from file system: jar:file:/C:/Users/zthijs/.m2/repository/com/github/almasb/fxgl/11.14/fxgl-11.14.jar!/fxglassets/ui/css/fxgl_dark.css
10:52:35.494 [FXGL Background Thread 1 ] DEBUG GameApplicationServi - Initializing application scenes
10:52:35.547 [FXGL Background Thread 1 ] DEBUG GameWorld            - Game world initialized
10:52:35.627 [FXGL Background Thread 1 ] DEBUG PhysicsWorld         - Physics world initialized: appHeight=720, physics.ppm=50,0
10:52:35.628 [FXGL Background Thread 1 ] DEBUG PhysicsWorld         - Using strategy: BRUTE_FORCE
10:52:35.634 [FXGL Background Thread 1 ] DEBUG GameScene            - Game scene initialized: 1280x720
10:52:35.703 [FXGL Background Thread 1 ] DEBUG FXGLAssetLoaderServi - Loading from file system: jar:file:/C:/Users/zthijs/.m2/repository/com/github/almasb/fxgl/11.14/fxgl-11.14.jar!/fxglassets/textures/particles/trace_horizontal.png
10:52:35.778 [FXGL Background Thread 1 ] DEBUG FXGL.DefaultMenu     - createMenuBodyGameMenu()
10:52:35.795 [FXGL Background Thread 1 ] DEBUG FXGL.DefaultMenu     - createOptionsMenu()
10:52:35.802 [FXGL Background Thread 1 ] DEBUG FXGLAssetLoaderServi - Loading from file system: jar:file:/C:/Users/zthijs/.m2/repository/com/github/almasb/fxgl/11.14/fxgl-11.14.jar!/fxglassets/textures/particles/smoke.png
10:52:35.894 [FXGL Background Thread 1 ] DEBUG GameApplicationServi - Application scenes initialized
10:52:35.915 [FXGL Background Thread 1 ] DEBUG SystemBundleService  - Loading FXGL system data
10:52:35.924 [FXGL Background Thread 1 ] DEBUG FileSystemAccess     - Reading from: C:\Users\zthijs\Desktop\IPOSE\system\fxgl.bundle
10:52:35.934 [FXGL Background Thread 1 ] DEBUG SystemBundleService  - Bundle FXGL: {}
10:52:35.934 [FXGL Background Thread 1 ] DEBUG UpdaterService       - Checking for updates
10:52:35.941 [FXGL Background Thread 4 ] DEBUG FXGLApplication      - Loading fonts
10:52:35.942 [FXGL Background Thread 1 ] DEBUG FXGLApplication      - Loading default localization
10:52:35.943 [FXGL Background Thread 4 ] DEBUG FXGLAssetLoaderServi - Loading from file system: jar:file:/C:/Users/zthijs/.m2/repository/com/github/almasb/fxgl/11.14/fxgl-11.14.jar!/fxglassets/ui/fonts/VarelaRound-Regular.ttf
10:52:35.944 [FXGL Background Thread 1 ] DEBUG FXGLAssetLoaderServi - Loading from file system: jar:file:/C:/Users/zthijs/.m2/repository/com/github/almasb/fxgl/11.14/fxgl-11.14.jar!/fxglassets/languages/english.lang
10:52:35.978 [FXGL Background Thread 1 ] INFO  FXGLApplication      - FXGL initialization took: 0,622 sec
10:52:35.980 [JavaFX Application Thread] DEBUG FXGLAssetLoaderServi - Loading from file system: file:/C:/Users/zthijs/Desktop/IPOSE/target/classes/assets/textures/wozniak.png
10:52:36.020 [JavaFX Application Thread] DEBUG FXGLAssetLoaderServi - Loading from file system: jar:file:/C:/Users/zthijs/.m2/repository/com/github/almasb/fxgl/11.14/fxgl-11.14.jar!/fxglassets/ui/cursors/fxgl_default.png
10:52:36.041 [JavaFX Application Thread] DEBUG Input                - Registered new binding: Screenshot - P
10:52:36.042 [JavaFX Application Thread] DEBUG Input                - Registered new binding: System info dump - CTRL+9
10:52:36.043 [JavaFX Application Thread] DEBUG Input                - Registered new binding: Restart - CTRL+R
10:52:36.044 [JavaFX Application Thread] DEBUG Input                - Registered new binding: Toggle Debug Camera - CTRL+C
10:52:36.050 [JavaFX Application Thread] DEBUG LoopRunner           - Starting loop
10:52:36.050 [JavaFX Application Thread] DEBUG LoopRunner           - Initializing JavaFX AnimationTimerLoop
10:52:36.053 [JavaFX Application Thread] DEBUG GameApplicationServi - Starting new game
10:52:36.054 [JavaFX Application Thread] DEBUG Input                - Clearing active input actions
10:52:36.074 [FXGL Background Thread 4 ] DEBUG FXGLAssetLoaderServi - Loading from file system: jar:file:/C:/Users/zthijs/.m2/repository/com/github/almasb/fxgl/11.14/fxgl-11.14.jar!/fxglassets/ui/fonts/Abel-Regular.ttf
10:52:36.074 [JavaFX Application Thread] DEBUG GameApplicationServi - Removing overlay from FXGLStartupScene and adding to FXGLLoadingScene
10:52:36.075 [JavaFX Application Thread] DEBUG PrimaryStageWindow   - FXGLStartupScene -> FXGLLoadingScene
10:52:36.075 [JavaFX Application Thread] DEBUG GameApplicationServi - Clearing previous game
10:52:36.076 [JavaFX Application Thread] DEBUG GameScene            - Clearing game scene
10:52:36.076 [JavaFX Application Thread] DEBUG GameWorld            - Clearing game world
10:52:36.076 [JavaFX Application Thread] DEBUG PhysicsWorld         - Clearing physics world
10:52:36.080 [FXGL Background Thread 1 ] DEBUG FXGLApplication      - Initializing game
10:52:36.084 [FXGL Background Thread 1 ] DEBUG FXGLAssetLoaderServi - Loading from file system: file:/C:/Users/zthijs/Desktop/IPOSE/target/classes/assets/textures/gras.png
10:52:36.091 [FXGL Background Thread 4 ] DEBUG FXGLAssetLoaderServi - Loading from file system: jar:file:/C:/Users/zthijs/.m2/repository/com/github/almasb/fxgl/11.14/fxgl-11.14.jar!/fxglassets/ui/fonts/lucida_console.ttf
10:52:36.106 [FXGL Background Thread 1 ] DEBUG FXGLAssetLoaderServi - Loading from file system: file:/C:/Users/zthijs/Desktop/IPOSE/target/classes/assets/textures/stone.jpg
10:52:36.116 [FXGL Background Thread 4 ] DEBUG FXGLAssetLoaderServi - Loading from file system: jar:file:/C:/Users/zthijs/.m2/repository/com/github/almasb/fxgl/11.14/fxgl-11.14.jar!/fxglassets/ui/fonts/Courier-Prime.ttf
10:52:36.140 [FXGL Background Thread 1 ] DEBUG FXGLAssetLoaderServi - Loading from file system: file:/C:/Users/zthijs/Desktop/IPOSE/target/classes/assets/textures/heiko.png
10:52:36.177 [JavaFX Application Thread] DEBUG FXGLApplication      - Registering font factories with UI factory
10:52:36.288 [FXGL Background Thread 1 ] DEBUG FXGLAssetLoaderServi - Loading from file system: file:/C:/Users/zthijs/Desktop/IPOSE/target/classes/assets/textures/mud.png
10:52:36.317 [FXGL Background Thread 1 ] INFO  FXGLApplication      - Game initialization took: 0,236 sec
10:52:36.353 [JavaFX Application Thread] DEBUG Input                - Clearing active input actions
10:52:36.408 [JavaFX Application Thread] DEBUG GameApplicationServi - Removing overlay from FXGLLoadingScene and adding to GameScene
10:52:36.409 [JavaFX Application Thread] DEBUG PrimaryStageWindow   - FXGLLoadingScene -> GameScene
10:52:36.723 [FXGL Background Thread 2 ] INFO  UpdaterService       - Your current version:  11.14
10:52:36.724 [FXGL Background Thread 2 ] INFO  UpdaterService       - Latest stable version: 17.1
10:52:38.939 [FXGL Background Thread 3 ] DEBUG Engine               - Logging environment variables
10:52:38.940 [FXGL Background Thread 3 ] DEBUG Engine               - achievements: []
10:52:38.940 [FXGL Background Thread 3 ] DEBUG Engine               - actualHeight: 720.0
10:52:38.941 [FXGL Background Thread 3 ] DEBUG Engine               - actualHeightProperty: ReadOnlyDoubleProperty [value: 720.0]
10:52:38.941 [FXGL Background Thread 3 ] DEBUG Engine               - actualWidth: 1280.0
10:52:38.942 [FXGL Background Thread 3 ] DEBUG Engine               - actualWidthProperty: ReadOnlyDoubleProperty [value: 1280.0]
10:52:38.942 [FXGL Background Thread 3 ] DEBUG Engine               - appIcon: wozniak.png
10:52:38.942 [FXGL Background Thread 3 ] DEBUG Engine               - applicationMode: DEVELOPER
10:52:38.943 [FXGL Background Thread 3 ] DEBUG Engine               - cSSList: [fxgl_dark.css]
10:52:38.943 [FXGL Background Thread 3 ] DEBUG Engine               - collisionDetectionStrategy: BRUTE_FORCE
10:52:38.943 [FXGL Background Thread 3 ] DEBUG Engine               - configClass: Optional.empty
10:52:38.944 [FXGL Background Thread 3 ] DEBUG Engine               - credits: []
10:52:38.945 [FXGL Background Thread 3 ] DEBUG Engine               - devBBoxColorProperty: ObjectProperty [value: 0xff0000ff]
10:52:38.945 [FXGL Background Thread 3 ] DEBUG Engine               - devEnableDebugCameraProperty: BooleanProperty [value: false]
10:52:38.945 [FXGL Background Thread 3 ] DEBUG Engine               - devSensorColorProperty: ObjectProperty [value: 0xffff00ff]
10:52:38.946 [FXGL Background Thread 3 ] DEBUG Engine               - devShowBBoxProperty: BooleanProperty [value: false]
10:52:38.946 [FXGL Background Thread 3 ] DEBUG Engine               - devShowPositionProperty: BooleanProperty [value: false]
10:52:38.946 [FXGL Background Thread 3 ] DEBUG Engine               - enabledMenuItems: []
10:52:38.946 [FXGL Background Thread 3 ] DEBUG Engine               - engineServices: [class com.almasb.fxgl.app.services.FXGLAssetLoaderService, class com.almasb.fxgl.app.FXGLApplication$GameApplicationService, class com.almasb.fxgl.app.services.FXGLDialogService, class com.almasb.fxgl.app.services.IOTaskExecutorService, class com.almasb.fxgl.event.EventBusService, class com.almasb.fxgl.io.FileSystemService, class com.almasb.fxgl.localization.LocalizationService, class com.almasb.fxgl.app.services.SystemBundleService, class com.almasb.fxgl.profile.SaveLoadService, class com.almasb.fxgl.ui.FXGLUIFactoryServiceProvider, class com.almasb.fxgl.ui.FXGLDialogFactoryServiceProvider, class com.almasb.fxgl.audio.AudioPlayer, class com.almasb.fxgl.notification.impl.NotificationServiceProvider, class com.almasb.fxgl.achievement.AchievementService, class com.almasb.fxgl.cutscene.CutsceneService, class com.almasb.fxgl.minigames.MiniGameService, class com.almasb.fxgl.net.NetService, class com.almasb.fxgl.app.services.UpdaterService, class com.almasb.fxgl.dev.DevService]
10:52:38.947 [FXGL Background Thread 3 ] DEBUG Engine               - fontGame: Abel-Regular.ttf
10:52:38.947 [FXGL Background Thread 3 ] DEBUG Engine               - fontMono: lucida_console.ttf
10:52:38.947 [FXGL Background Thread 3 ] DEBUG Engine               - fontText: Courier-Prime.ttf
10:52:38.948 [FXGL Background Thread 3 ] DEBUG Engine               - fontUI: VarelaRound-Regular.ttf
10:52:38.948 [FXGL Background Thread 3 ] DEBUG Engine               - fullScreen: BooleanProperty [value: true]
10:52:38.948 [FXGL Background Thread 3 ] DEBUG Engine               - gameDifficulty: MEDIUM
10:52:38.949 [FXGL Background Thread 3 ] DEBUG Engine               - gameDifficultyProperty: ObjectProperty [value: MEDIUM]
10:52:38.949 [FXGL Background Thread 3 ] DEBUG Engine               - globalMusicVolume: 0.5
10:52:38.950 [FXGL Background Thread 3 ] DEBUG Engine               - globalMusicVolumeProperty: DoubleProperty [value: 0.5]
10:52:38.951 [FXGL Background Thread 3 ] DEBUG Engine               - globalSoundVolume: 0.5
10:52:38.951 [FXGL Background Thread 3 ] DEBUG Engine               - globalSoundVolumeProperty: DoubleProperty [value: 0.5]
10:52:38.952 [FXGL Background Thread 3 ] DEBUG Engine               - height: 720
10:52:38.953 [FXGL Background Thread 3 ] DEBUG Engine               - isAndroid: false
10:52:38.954 [FXGL Background Thread 3 ] DEBUG Engine               - isBrowser: false
10:52:38.954 [FXGL Background Thread 3 ] DEBUG Engine               - isClickFeedbackEnabled: false
10:52:38.954 [FXGL Background Thread 3 ] DEBUG Engine               - isCloseConfirmation: false
10:52:38.955 [FXGL Background Thread 3 ] DEBUG Engine               - isDesktop: true
10:52:38.955 [FXGL Background Thread 3 ] DEBUG Engine               - isDeveloperMenuEnabled: false
10:52:38.955 [FXGL Background Thread 3 ] DEBUG Engine               - isEntityPreloadEnabled: true
10:52:38.956 [FXGL Background Thread 3 ] DEBUG Engine               - isExperimental3D: false
10:52:38.956 [FXGL Background Thread 3 ] DEBUG Engine               - isExperimentalNative: false
10:52:38.956 [FXGL Background Thread 3 ] DEBUG Engine               - isExperimentalTiledLargeMap: false
10:52:38.956 [FXGL Background Thread 3 ] DEBUG Engine               - isFileSystemWriteAllowed: true
10:52:38.957 [FXGL Background Thread 3 ] DEBUG Engine               - isFullScreenAllowed: false
10:52:38.957 [FXGL Background Thread 3 ] DEBUG Engine               - isFullScreenFromStart: true
10:52:38.957 [FXGL Background Thread 3 ] DEBUG Engine               - isGameMenuEnabled: true
10:52:38.958 [FXGL Background Thread 3 ] DEBUG Engine               - isIOS: false
10:52:38.958 [FXGL Background Thread 3 ] DEBUG Engine               - isIntroEnabled: false
10:52:38.958 [FXGL Background Thread 3 ] DEBUG Engine               - isLinux: false
10:52:38.959 [FXGL Background Thread 3 ] DEBUG Engine               - isMac: false
10:52:38.959 [FXGL Background Thread 3 ] DEBUG Engine               - isMainMenuEnabled: false
10:52:38.959 [FXGL Background Thread 3 ] DEBUG Engine               - isManualResizeEnabled: false
10:52:38.960 [FXGL Background Thread 3 ] DEBUG Engine               - isMobile: false
10:52:38.960 [FXGL Background Thread 3 ] DEBUG Engine               - isPreserveResizeRatio: false
10:52:38.960 [FXGL Background Thread 3 ] DEBUG Engine               - isProfilingEnabled: false
10:52:38.961 [FXGL Background Thread 3 ] DEBUG Engine               - isScaleAffectedOnResize: true
10:52:38.961 [FXGL Background Thread 3 ] DEBUG Engine               - isSingleStep: false
10:52:38.961 [FXGL Background Thread 3 ] DEBUG Engine               - isUserProfileEnabled: false
10:52:38.962 [FXGL Background Thread 3 ] DEBUG Engine               - isWindows: true
10:52:38.962 [FXGL Background Thread 3 ] DEBUG Engine               - language: ObjectProperty [value: ENGLISH]
10:52:38.962 [FXGL Background Thread 3 ] DEBUG Engine               - menuKey: ESCAPE
10:52:38.963 [FXGL Background Thread 3 ] DEBUG Engine               - notificationViewClass: class com.almasb.fxgl.notification.view.XboxNotificationView
10:52:38.963 [FXGL Background Thread 3 ] DEBUG Engine               - pixelsPerMeter: 50.0
10:52:38.963 [FXGL Background Thread 3 ] DEBUG Engine               - platform: WINDOWS
10:52:38.964 [FXGL Background Thread 3 ] DEBUG Engine               - prefHeightProperty: ReadOnlyDoubleProperty [value: 720.0]
10:52:38.964 [FXGL Background Thread 3 ] DEBUG Engine               - prefWidthProperty: ReadOnlyDoubleProperty [value: 1280.0]
10:52:38.965 [FXGL Background Thread 3 ] DEBUG Engine               - profileDir: profiles/
10:52:38.965 [FXGL Background Thread 3 ] DEBUG Engine               - profileName: StringProperty [value: DEFAULT]
10:52:38.965 [FXGL Background Thread 3 ] DEBUG Engine               - randomSeed: -1
10:52:38.966 [FXGL Background Thread 3 ] DEBUG Engine               - runtimeInfo: RuntimeInfo(platform=WINDOWS, version=11.14, build=01.03.2021 16.59)
10:52:38.966 [FXGL Background Thread 3 ] DEBUG Engine               - saveFileExt: sav
10:52:38.966 [FXGL Background Thread 3 ] DEBUG Engine               - scaledHeightProp$fxgl: DoubleProperty [bound, value: 720.0]
10:52:38.967 [FXGL Background Thread 3 ] DEBUG Engine               - scaledWidthProp$fxgl: DoubleProperty [bound, value: 1280.0]
10:52:38.967 [FXGL Background Thread 3 ] DEBUG Engine               - sceneFactory: com.almasb.fxgl.app.scene.SceneFactory@714b95d2
10:52:38.968 [FXGL Background Thread 3 ] DEBUG Engine               - secondsIn24h: 60
10:52:38.968 [FXGL Background Thread 3 ] DEBUG Engine               - soundMenuBack: menu/back.wav
10:52:38.969 [FXGL Background Thread 3 ] DEBUG Engine               - soundMenuPress: menu/press.wav
10:52:38.969 [FXGL Background Thread 3 ] DEBUG Engine               - soundMenuSelect: menu/select.wav
10:52:38.970 [FXGL Background Thread 3 ] DEBUG Engine               - soundNotification: core/notification.wav
10:52:38.970 [FXGL Background Thread 3 ] DEBUG Engine               - stageStyle: DECORATED
10:52:38.970 [FXGL Background Thread 3 ] DEBUG Engine               - supportedLanguages: [ENGLISH, FRENCH, GERMAN, HUNGARIAN, RUSSIAN]
10:52:38.971 [FXGL Background Thread 3 ] DEBUG Engine               - ticksPerSecond: -1
10:52:38.971 [FXGL Background Thread 3 ] DEBUG Engine               - title: Wozniak defense
10:52:38.971 [FXGL Background Thread 3 ] DEBUG Engine               - urlGithub: https://github.com/AlmasB/FXGL
10:52:38.972 [FXGL Background Thread 3 ] DEBUG Engine               - urlLeaderboard: http://fxgl-top.herokuapp.com/
10:52:38.972 [FXGL Background Thread 3 ] DEBUG Engine               - urlPOM: https://raw.githubusercontent.com/AlmasB/FXGL/release/README.md
10:52:38.972 [FXGL Background Thread 3 ] DEBUG Engine               - userAppClass: class Game
10:52:38.973 [FXGL Background Thread 3 ] DEBUG Engine               - version: 
10:52:38.973 [FXGL Background Thread 3 ] DEBUG Engine               - versionCheckDays: 7
10:52:38.973 [FXGL Background Thread 3 ] DEBUG Engine               - width: 1280
10:52:38.974 [FXGL Background Thread 3 ] DEBUG Engine               - Logging services
10:52:38.974 [FXGL Background Thread 3 ] DEBUG Engine               - class com.almasb.fxgl.app.services.FXGLAssetLoaderService
10:52:38.974 [FXGL Background Thread 3 ] DEBUG Engine               - class com.almasb.fxgl.app.FXGLApplication$GameApplicationService
10:52:38.974 [FXGL Background Thread 3 ] DEBUG Engine               - class com.almasb.fxgl.app.services.FXGLDialogService
10:52:38.975 [FXGL Background Thread 3 ] DEBUG Engine               - class com.almasb.fxgl.app.services.IOTaskExecutorService
10:52:38.975 [FXGL Background Thread 3 ] DEBUG Engine               - class com.almasb.fxgl.event.EventBusService
10:52:38.975 [FXGL Background Thread 3 ] DEBUG Engine               - class com.almasb.fxgl.io.FileSystemService
10:52:38.975 [FXGL Background Thread 3 ] DEBUG Engine               - class com.almasb.fxgl.localization.LocalizationService
10:52:38.976 [FXGL Background Thread 3 ] DEBUG Engine               - class com.almasb.fxgl.app.services.SystemBundleService
10:52:38.976 [FXGL Background Thread 3 ] DEBUG Engine               - class com.almasb.fxgl.profile.SaveLoadService
10:52:38.976 [FXGL Background Thread 3 ] DEBUG Engine               - class com.almasb.fxgl.ui.FXGLUIFactoryServiceProvider
10:52:38.976 [FXGL Background Thread 3 ] DEBUG Engine               - class com.almasb.fxgl.ui.FXGLDialogFactoryServiceProvider
10:52:38.976 [FXGL Background Thread 3 ] DEBUG Engine               - class com.almasb.fxgl.audio.AudioPlayer
10:52:38.976 [FXGL Background Thread 3 ] DEBUG Engine               - class com.almasb.fxgl.notification.impl.NotificationServiceProvider
10:52:38.977 [FXGL Background Thread 3 ] DEBUG Engine               - class com.almasb.fxgl.achievement.AchievementService
10:52:38.977 [FXGL Background Thread 3 ] DEBUG Engine               - class com.almasb.fxgl.cutscene.CutsceneService
10:52:38.977 [FXGL Background Thread 3 ] DEBUG Engine               - class com.almasb.fxgl.minigames.MiniGameService
10:52:38.978 [FXGL Background Thread 3 ] DEBUG Engine               - class com.almasb.fxgl.net.NetService
10:52:38.978 [FXGL Background Thread 3 ] DEBUG Engine               - class com.almasb.fxgl.app.services.UpdaterService
10:52:38.978 [FXGL Background Thread 3 ] DEBUG Engine               - class com.almasb.fxgl.dev.DevService
10:53:13.683 [JavaFX Application Thread] DEBUG FXGLApplication      - Exiting FXGL
10:53:13.683 [JavaFX Application Thread] DEBUG LoopRunner           - Stopping loop
10:53:13.684 [JavaFX Application Thread] DEBUG SystemBundleService  - Saving FXGL system data
10:53:13.693 [JavaFX Application Thread] DEBUG FileSystemAccess     - Writing to: C:\Users\zthijs\Desktop\IPOSE\system\fxgl.bundle
10:53:13.697 [JavaFX Application Thread] DEBUG Async                - Shutting down background threads
10:53:13.697 [JavaFX Application Thread] DEBUG PrimaryStageWindow   - Closing main window
10:53:13.728 [JavaFX Application Thread] DEBUG Logger               - Closing Logger
