11:18:47.528 [main                     ] DEBUG Logger               - Configured Logger
11:18:47.547 [main                     ] DEBUG GameApplication      - Logging settings
Title: Wozniak defense
Version: 
Width: 1280
Height: 720
Fullscreen: false
Intro: false
Profiling: false
Single step:false
App Mode: DEVELOPER
Menu Key: ESCAPE
Stage Style: DECORATED
Scene Factory: class com.almasb.fxgl.app.scene.SceneFactory

11:18:48.074 [JavaFX Application Thread] DEBUG FXGLApplication      - Initializing FXGL
11:18:48.077 [JavaFX Application Thread] INFO  Engine               - FXGL-11.14 (01.03.2021 16.59) on WINDOWS (J:15.0.2 FX:15)
11:18:48.078 [JavaFX Application Thread] DEBUG Engine               - JRE Vendor Name: Amazon.com Inc.
11:18:48.078 [JavaFX Application Thread] DEBUG Engine               - Running on OS: Windows 10 version 10.0
11:18:48.078 [JavaFX Application Thread] DEBUG Engine               - Architecture: amd64
11:18:48.079 [JavaFX Application Thread] INFO  Engine               - Source code and latest versions at: https://github.com/AlmasB/FXGL
11:18:48.079 [JavaFX Application Thread] INFO  Engine               -              Join the FXGL chat at: https://gitter.im/AlmasB/FXGL
11:18:48.241 [JavaFX Application Thread] DEBUG PrimaryStageWindow   - Creating a JavaFX scene
11:18:48.317 [JavaFX Application Thread] DEBUG PrimaryStageWindow   - Target settings size: 1280.0 x 720.0
11:18:48.318 [JavaFX Application Thread] DEBUG PrimaryStageWindow   - Scaled scene size:    1280.0 x 720.0
11:18:48.318 [JavaFX Application Thread] DEBUG PrimaryStageWindow   - Scaled ratio: (1.0, 1.0)
11:18:48.320 [JavaFX Application Thread] DEBUG PrimaryStageWindow   - Set initial scene to FXGLStartupScene
11:18:48.331 [JavaFX Application Thread] DEBUG PrimaryStageWindow   - Opening main window
11:18:48.447 [JavaFX Application Thread] DEBUG PrimaryStageWindow   - Window border size: (16.0, 39.0)
11:18:48.447 [JavaFX Application Thread] DEBUG PrimaryStageWindow   - Scaled size: 1280.0 x 720.0
11:18:48.448 [JavaFX Application Thread] DEBUG PrimaryStageWindow   - Scaled ratio: (1.0, 1.0)
11:18:48.448 [JavaFX Application Thread] DEBUG PrimaryStageWindow   - Scene size: 1280.0 x 720.0
11:18:48.448 [JavaFX Application Thread] DEBUG PrimaryStageWindow   - Stage size: 1296.0 x 759.0
11:18:48.464 [FXGL Background Thread 1 ] DEBUG Engine               - Initializing environment variables
11:18:48.527 [FXGL Background Thread 1 ] DEBUG FXGLAssetLoaderServi - User app class for loading assets: class Game
11:18:48.527 [FXGL Background Thread 1 ] DEBUG GameApplicationServi - Applying CSS: fxgl_dark.css
11:18:48.529 [FXGL Background Thread 1 ] DEBUG FXGLAssetLoaderServi - Loading from file system: jar:file:/C:/Users/zthijs/.m2/repository/com/github/almasb/fxgl/11.14/fxgl-11.14.jar!/fxglassets/ui/css/fxgl_dark.css
11:18:48.613 [FXGL Background Thread 1 ] DEBUG GameApplicationServi - Initializing application scenes
11:18:48.668 [FXGL Background Thread 1 ] DEBUG GameWorld            - Game world initialized
11:18:48.765 [FXGL Background Thread 1 ] DEBUG PhysicsWorld         - Physics world initialized: appHeight=720, physics.ppm=50,0
11:18:48.766 [FXGL Background Thread 1 ] DEBUG PhysicsWorld         - Using strategy: BRUTE_FORCE
11:18:48.771 [FXGL Background Thread 1 ] DEBUG GameScene            - Game scene initialized: 1280x720
11:18:48.822 [FXGL Background Thread 1 ] DEBUG FXGLAssetLoaderServi - Loading from file system: jar:file:/C:/Users/zthijs/.m2/repository/com/github/almasb/fxgl/11.14/fxgl-11.14.jar!/fxglassets/textures/particles/trace_horizontal.png
11:18:48.891 [FXGL Background Thread 1 ] DEBUG FXGL.DefaultMenu     - createMenuBodyGameMenu()
11:18:48.906 [FXGL Background Thread 1 ] DEBUG FXGL.DefaultMenu     - createOptionsMenu()
11:18:48.911 [FXGL Background Thread 1 ] DEBUG FXGLAssetLoaderServi - Loading from file system: jar:file:/C:/Users/zthijs/.m2/repository/com/github/almasb/fxgl/11.14/fxgl-11.14.jar!/fxglassets/textures/particles/smoke.png
11:18:48.982 [FXGL Background Thread 1 ] DEBUG GameApplicationServi - Application scenes initialized
11:18:48.995 [FXGL Background Thread 1 ] DEBUG SystemBundleService  - Loading FXGL system data
11:18:49.000 [FXGL Background Thread 1 ] DEBUG FileSystemAccess     - Reading from: C:\Users\zthijs\Desktop\IPOSE\system\fxgl.bundle
11:18:49.008 [FXGL Background Thread 1 ] DEBUG SystemBundleService  - Bundle FXGL: {}
11:18:49.008 [FXGL Background Thread 1 ] DEBUG UpdaterService       - Checking for updates
11:18:49.013 [FXGL Background Thread 4 ] DEBUG FXGLApplication      - Loading fonts
11:18:49.013 [FXGL Background Thread 1 ] DEBUG FXGLApplication      - Loading default localization
11:18:49.014 [FXGL Background Thread 4 ] DEBUG FXGLAssetLoaderServi - Loading from file system: jar:file:/C:/Users/zthijs/.m2/repository/com/github/almasb/fxgl/11.14/fxgl-11.14.jar!/fxglassets/ui/fonts/VarelaRound-Regular.ttf
11:18:49.015 [FXGL Background Thread 1 ] DEBUG FXGLAssetLoaderServi - Loading from file system: jar:file:/C:/Users/zthijs/.m2/repository/com/github/almasb/fxgl/11.14/fxgl-11.14.jar!/fxglassets/languages/english.lang
11:18:49.044 [FXGL Background Thread 1 ] INFO  FXGLApplication      - FXGL initialization took: 0,579 sec
11:18:49.046 [JavaFX Application Thread] DEBUG FXGLAssetLoaderServi - Loading from file system: file:/C:/Users/zthijs/Desktop/IPOSE/target/classes/assets/textures/wozniak.png
11:18:49.077 [JavaFX Application Thread] DEBUG FXGLAssetLoaderServi - Loading from file system: jar:file:/C:/Users/zthijs/.m2/repository/com/github/almasb/fxgl/11.14/fxgl-11.14.jar!/fxglassets/ui/cursors/fxgl_default.png
11:18:49.097 [JavaFX Application Thread] DEBUG Input                - Registered new binding: Screenshot - P
11:18:49.098 [JavaFX Application Thread] DEBUG Input                - Registered new binding: System info dump - CTRL+9
11:18:49.099 [JavaFX Application Thread] DEBUG Input                - Registered new binding: Restart - CTRL+R
11:18:49.100 [JavaFX Application Thread] DEBUG Input                - Registered new binding: Toggle Debug Camera - CTRL+C
11:18:49.104 [JavaFX Application Thread] DEBUG LoopRunner           - Starting loop
11:18:49.105 [JavaFX Application Thread] DEBUG LoopRunner           - Initializing JavaFX AnimationTimerLoop
11:18:49.107 [JavaFX Application Thread] DEBUG GameApplicationServi - Starting new game
11:18:49.108 [JavaFX Application Thread] DEBUG Input                - Clearing active input actions
11:18:49.129 [JavaFX Application Thread] DEBUG GameApplicationServi - Removing overlay from FXGLStartupScene and adding to FXGLLoadingScene
11:18:49.130 [JavaFX Application Thread] DEBUG PrimaryStageWindow   - FXGLStartupScene -> FXGLLoadingScene
11:18:49.130 [JavaFX Application Thread] DEBUG GameApplicationServi - Clearing previous game
11:18:49.131 [JavaFX Application Thread] DEBUG GameScene            - Clearing game scene
11:18:49.131 [JavaFX Application Thread] DEBUG GameWorld            - Clearing game world
11:18:49.132 [JavaFX Application Thread] DEBUG PhysicsWorld         - Clearing physics world
11:18:49.136 [FXGL Background Thread 4 ] DEBUG FXGLAssetLoaderServi - Loading from file system: jar:file:/C:/Users/zthijs/.m2/repository/com/github/almasb/fxgl/11.14/fxgl-11.14.jar!/fxglassets/ui/fonts/Abel-Regular.ttf
11:18:49.142 [FXGL Background Thread 1 ] DEBUG FXGLApplication      - Initializing game
11:18:49.146 [FXGL Background Thread 1 ] DEBUG FXGLAssetLoaderServi - Loading from file system: file:/C:/Users/zthijs/Desktop/IPOSE/target/classes/assets/textures/gras.png
11:18:49.155 [FXGL Background Thread 4 ] DEBUG FXGLAssetLoaderServi - Loading from file system: jar:file:/C:/Users/zthijs/.m2/repository/com/github/almasb/fxgl/11.14/fxgl-11.14.jar!/fxglassets/ui/fonts/lucida_console.ttf
11:18:49.167 [FXGL Background Thread 1 ] DEBUG FXGLAssetLoaderServi - Loading from file system: file:/C:/Users/zthijs/Desktop/IPOSE/target/classes/assets/textures/stone.jpg
11:18:49.178 [FXGL Background Thread 4 ] DEBUG FXGLAssetLoaderServi - Loading from file system: jar:file:/C:/Users/zthijs/.m2/repository/com/github/almasb/fxgl/11.14/fxgl-11.14.jar!/fxglassets/ui/fonts/Courier-Prime.ttf
11:18:49.200 [FXGL Background Thread 1 ] DEBUG FXGLAssetLoaderServi - Loading from file system: file:/C:/Users/zthijs/Desktop/IPOSE/target/classes/assets/textures/heiko.png
11:18:49.208 [JavaFX Application Thread] DEBUG FXGLApplication      - Registering font factories with UI factory
11:18:49.231 [FXGL Background Thread 1 ] DEBUG FXGLAssetLoaderServi - Loading from file system: file:/C:/Users/zthijs/Desktop/IPOSE/target/classes/assets/textures/mud.png
11:18:49.265 [FXGL Background Thread 1 ] INFO  FXGLApplication      - Game initialization took: 0,123 sec
11:18:49.360 [JavaFX Application Thread] DEBUG Input                - Clearing active input actions
11:18:49.391 [JavaFX Application Thread] DEBUG GameApplicationServi - Removing overlay from FXGLLoadingScene and adding to GameScene
11:18:49.392 [JavaFX Application Thread] DEBUG PrimaryStageWindow   - FXGLLoadingScene -> GameScene
11:18:49.660 [FXGL Background Thread 2 ] INFO  UpdaterService       - Your current version:  11.14
11:18:49.660 [FXGL Background Thread 2 ] INFO  UpdaterService       - Latest stable version: 17.1
11:18:52.012 [FXGL Background Thread 3 ] DEBUG Engine               - Logging environment variables
11:18:52.014 [FXGL Background Thread 3 ] DEBUG Engine               - achievements: []
11:18:52.014 [FXGL Background Thread 3 ] DEBUG Engine               - actualHeight: 720.0
11:18:52.015 [FXGL Background Thread 3 ] DEBUG Engine               - actualHeightProperty: ReadOnlyDoubleProperty [value: 720.0]
11:18:52.015 [FXGL Background Thread 3 ] DEBUG Engine               - actualWidth: 1280.0
11:18:52.016 [FXGL Background Thread 3 ] DEBUG Engine               - actualWidthProperty: ReadOnlyDoubleProperty [value: 1280.0]
11:18:52.016 [FXGL Background Thread 3 ] DEBUG Engine               - appIcon: wozniak.png
11:18:52.017 [FXGL Background Thread 3 ] DEBUG Engine               - applicationMode: DEVELOPER
11:18:52.017 [FXGL Background Thread 3 ] DEBUG Engine               - cSSList: [fxgl_dark.css]
11:18:52.018 [FXGL Background Thread 3 ] DEBUG Engine               - collisionDetectionStrategy: BRUTE_FORCE
11:18:52.018 [FXGL Background Thread 3 ] DEBUG Engine               - configClass: Optional.empty
11:18:52.019 [FXGL Background Thread 3 ] DEBUG Engine               - credits: []
11:18:52.020 [FXGL Background Thread 3 ] DEBUG Engine               - devBBoxColorProperty: ObjectProperty [value: 0xff0000ff]
11:18:52.020 [FXGL Background Thread 3 ] DEBUG Engine               - devEnableDebugCameraProperty: BooleanProperty [value: false]
11:18:52.022 [FXGL Background Thread 3 ] DEBUG Engine               - devSensorColorProperty: ObjectProperty [value: 0xffff00ff]
11:18:52.023 [FXGL Background Thread 3 ] DEBUG Engine               - devShowBBoxProperty: BooleanProperty [value: false]
11:18:52.024 [FXGL Background Thread 3 ] DEBUG Engine               - devShowPositionProperty: BooleanProperty [value: false]
11:18:52.024 [FXGL Background Thread 3 ] DEBUG Engine               - enabledMenuItems: []
11:18:52.025 [FXGL Background Thread 3 ] DEBUG Engine               - engineServices: [class com.almasb.fxgl.app.services.FXGLAssetLoaderService, class com.almasb.fxgl.app.FXGLApplication$GameApplicationService, class com.almasb.fxgl.app.services.FXGLDialogService, class com.almasb.fxgl.app.services.IOTaskExecutorService, class com.almasb.fxgl.event.EventBusService, class com.almasb.fxgl.io.FileSystemService, class com.almasb.fxgl.localization.LocalizationService, class com.almasb.fxgl.app.services.SystemBundleService, class com.almasb.fxgl.profile.SaveLoadService, class com.almasb.fxgl.ui.FXGLUIFactoryServiceProvider, class com.almasb.fxgl.ui.FXGLDialogFactoryServiceProvider, class com.almasb.fxgl.audio.AudioPlayer, class com.almasb.fxgl.notification.impl.NotificationServiceProvider, class com.almasb.fxgl.achievement.AchievementService, class com.almasb.fxgl.cutscene.CutsceneService, class com.almasb.fxgl.minigames.MiniGameService, class com.almasb.fxgl.net.NetService, class com.almasb.fxgl.app.services.UpdaterService, class com.almasb.fxgl.dev.DevService]
11:18:52.025 [FXGL Background Thread 3 ] DEBUG Engine               - fontGame: Abel-Regular.ttf
11:18:52.025 [FXGL Background Thread 3 ] DEBUG Engine               - fontMono: lucida_console.ttf
11:18:52.026 [FXGL Background Thread 3 ] DEBUG Engine               - fontText: Courier-Prime.ttf
11:18:52.026 [FXGL Background Thread 3 ] DEBUG Engine               - fontUI: VarelaRound-Regular.ttf
11:18:52.026 [FXGL Background Thread 3 ] DEBUG Engine               - fullScreen: BooleanProperty [value: true]
11:18:52.027 [FXGL Background Thread 3 ] DEBUG Engine               - gameDifficulty: MEDIUM
11:18:52.027 [FXGL Background Thread 3 ] DEBUG Engine               - gameDifficultyProperty: ObjectProperty [value: MEDIUM]
11:18:52.028 [FXGL Background Thread 3 ] DEBUG Engine               - globalMusicVolume: 0.5
11:18:52.028 [FXGL Background Thread 3 ] DEBUG Engine               - globalMusicVolumeProperty: DoubleProperty [value: 0.5]
11:18:52.029 [FXGL Background Thread 3 ] DEBUG Engine               - globalSoundVolume: 0.5
11:18:52.029 [FXGL Background Thread 3 ] DEBUG Engine               - globalSoundVolumeProperty: DoubleProperty [value: 0.5]
11:18:52.029 [FXGL Background Thread 3 ] DEBUG Engine               - height: 720
11:18:52.030 [FXGL Background Thread 3 ] DEBUG Engine               - isAndroid: false
11:18:52.031 [FXGL Background Thread 3 ] DEBUG Engine               - isBrowser: false
11:18:52.031 [FXGL Background Thread 3 ] DEBUG Engine               - isClickFeedbackEnabled: false
11:18:52.031 [FXGL Background Thread 3 ] DEBUG Engine               - isCloseConfirmation: false
11:18:52.032 [FXGL Background Thread 3 ] DEBUG Engine               - isDesktop: true
11:18:52.032 [FXGL Background Thread 3 ] DEBUG Engine               - isDeveloperMenuEnabled: false
11:18:52.032 [FXGL Background Thread 3 ] DEBUG Engine               - isEntityPreloadEnabled: true
11:18:52.033 [FXGL Background Thread 3 ] DEBUG Engine               - isExperimental3D: false
11:18:52.033 [FXGL Background Thread 3 ] DEBUG Engine               - isExperimentalNative: false
11:18:52.034 [FXGL Background Thread 3 ] DEBUG Engine               - isExperimentalTiledLargeMap: false
11:18:52.034 [FXGL Background Thread 3 ] DEBUG Engine               - isFileSystemWriteAllowed: true
11:18:52.035 [FXGL Background Thread 3 ] DEBUG Engine               - isFullScreenAllowed: false
11:18:52.035 [FXGL Background Thread 3 ] DEBUG Engine               - isFullScreenFromStart: true
11:18:52.035 [FXGL Background Thread 3 ] DEBUG Engine               - isGameMenuEnabled: true
11:18:52.036 [FXGL Background Thread 3 ] DEBUG Engine               - isIOS: false
11:18:52.037 [FXGL Background Thread 3 ] DEBUG Engine               - isIntroEnabled: false
11:18:52.037 [FXGL Background Thread 3 ] DEBUG Engine               - isLinux: false
11:18:52.037 [FXGL Background Thread 3 ] DEBUG Engine               - isMac: false
11:18:52.038 [FXGL Background Thread 3 ] DEBUG Engine               - isMainMenuEnabled: false
11:18:52.038 [FXGL Background Thread 3 ] DEBUG Engine               - isManualResizeEnabled: false
11:18:52.039 [FXGL Background Thread 3 ] DEBUG Engine               - isMobile: false
11:18:52.039 [FXGL Background Thread 3 ] DEBUG Engine               - isPreserveResizeRatio: false
11:18:52.040 [FXGL Background Thread 3 ] DEBUG Engine               - isProfilingEnabled: false
11:18:52.040 [FXGL Background Thread 3 ] DEBUG Engine               - isScaleAffectedOnResize: true
11:18:52.040 [FXGL Background Thread 3 ] DEBUG Engine               - isSingleStep: false
11:18:52.040 [FXGL Background Thread 3 ] DEBUG Engine               - isUserProfileEnabled: false
11:18:52.041 [FXGL Background Thread 3 ] DEBUG Engine               - isWindows: true
11:18:52.041 [FXGL Background Thread 3 ] DEBUG Engine               - language: ObjectProperty [value: ENGLISH]
11:18:52.041 [FXGL Background Thread 3 ] DEBUG Engine               - menuKey: ESCAPE
11:18:52.041 [FXGL Background Thread 3 ] DEBUG Engine               - notificationViewClass: class com.almasb.fxgl.notification.view.XboxNotificationView
11:18:52.042 [FXGL Background Thread 3 ] DEBUG Engine               - pixelsPerMeter: 50.0
11:18:52.042 [FXGL Background Thread 3 ] DEBUG Engine               - platform: WINDOWS
11:18:52.043 [FXGL Background Thread 3 ] DEBUG Engine               - prefHeightProperty: ReadOnlyDoubleProperty [value: 720.0]
11:18:52.043 [FXGL Background Thread 3 ] DEBUG Engine               - prefWidthProperty: ReadOnlyDoubleProperty [value: 1280.0]
11:18:52.043 [FXGL Background Thread 3 ] DEBUG Engine               - profileDir: profiles/
11:18:52.043 [FXGL Background Thread 3 ] DEBUG Engine               - profileName: StringProperty [value: DEFAULT]
11:18:52.044 [FXGL Background Thread 3 ] DEBUG Engine               - randomSeed: -1
11:18:52.044 [FXGL Background Thread 3 ] DEBUG Engine               - runtimeInfo: RuntimeInfo(platform=WINDOWS, version=11.14, build=01.03.2021 16.59)
11:18:52.044 [FXGL Background Thread 3 ] DEBUG Engine               - saveFileExt: sav
11:18:52.044 [FXGL Background Thread 3 ] DEBUG Engine               - scaledHeightProp$fxgl: DoubleProperty [bound, value: 720.0]
11:18:52.044 [FXGL Background Thread 3 ] DEBUG Engine               - scaledWidthProp$fxgl: DoubleProperty [bound, value: 1280.0]
11:18:52.045 [FXGL Background Thread 3 ] DEBUG Engine               - sceneFactory: com.almasb.fxgl.app.scene.SceneFactory@5775bfdb
11:18:52.045 [FXGL Background Thread 3 ] DEBUG Engine               - secondsIn24h: 60
11:18:52.045 [FXGL Background Thread 3 ] DEBUG Engine               - soundMenuBack: menu/back.wav
11:18:52.045 [FXGL Background Thread 3 ] DEBUG Engine               - soundMenuPress: menu/press.wav
11:18:52.045 [FXGL Background Thread 3 ] DEBUG Engine               - soundMenuSelect: menu/select.wav
11:18:52.046 [FXGL Background Thread 3 ] DEBUG Engine               - soundNotification: core/notification.wav
11:18:52.046 [FXGL Background Thread 3 ] DEBUG Engine               - stageStyle: DECORATED
11:18:52.046 [FXGL Background Thread 3 ] DEBUG Engine               - supportedLanguages: [ENGLISH, FRENCH, GERMAN, HUNGARIAN, RUSSIAN]
11:18:52.047 [FXGL Background Thread 3 ] DEBUG Engine               - ticksPerSecond: -1
11:18:52.047 [FXGL Background Thread 3 ] DEBUG Engine               - title: Wozniak defense
11:18:52.047 [FXGL Background Thread 3 ] DEBUG Engine               - urlGithub: https://github.com/AlmasB/FXGL
11:18:52.047 [FXGL Background Thread 3 ] DEBUG Engine               - urlLeaderboard: http://fxgl-top.herokuapp.com/
11:18:52.047 [FXGL Background Thread 3 ] DEBUG Engine               - urlPOM: https://raw.githubusercontent.com/AlmasB/FXGL/release/README.md
11:18:52.047 [FXGL Background Thread 3 ] DEBUG Engine               - userAppClass: class Game
11:18:52.048 [FXGL Background Thread 3 ] DEBUG Engine               - version: 
11:18:52.048 [FXGL Background Thread 3 ] DEBUG Engine               - versionCheckDays: 7
11:18:52.048 [FXGL Background Thread 3 ] DEBUG Engine               - width: 1280
11:18:52.049 [FXGL Background Thread 3 ] DEBUG Engine               - Logging services
11:18:52.049 [FXGL Background Thread 3 ] DEBUG Engine               - class com.almasb.fxgl.app.services.FXGLAssetLoaderService
11:18:52.049 [FXGL Background Thread 3 ] DEBUG Engine               - class com.almasb.fxgl.app.FXGLApplication$GameApplicationService
11:18:52.050 [FXGL Background Thread 3 ] DEBUG Engine               - class com.almasb.fxgl.app.services.FXGLDialogService
11:18:52.050 [FXGL Background Thread 3 ] DEBUG Engine               - class com.almasb.fxgl.app.services.IOTaskExecutorService
11:18:52.050 [FXGL Background Thread 3 ] DEBUG Engine               - class com.almasb.fxgl.event.EventBusService
11:18:52.050 [FXGL Background Thread 3 ] DEBUG Engine               - class com.almasb.fxgl.io.FileSystemService
11:18:52.051 [FXGL Background Thread 3 ] DEBUG Engine               - class com.almasb.fxgl.localization.LocalizationService
11:18:52.051 [FXGL Background Thread 3 ] DEBUG Engine               - class com.almasb.fxgl.app.services.SystemBundleService
11:18:52.051 [FXGL Background Thread 3 ] DEBUG Engine               - class com.almasb.fxgl.profile.SaveLoadService
11:18:52.051 [FXGL Background Thread 3 ] DEBUG Engine               - class com.almasb.fxgl.ui.FXGLUIFactoryServiceProvider
11:18:52.052 [FXGL Background Thread 3 ] DEBUG Engine               - class com.almasb.fxgl.ui.FXGLDialogFactoryServiceProvider
11:18:52.052 [FXGL Background Thread 3 ] DEBUG Engine               - class com.almasb.fxgl.audio.AudioPlayer
11:18:52.052 [FXGL Background Thread 3 ] DEBUG Engine               - class com.almasb.fxgl.notification.impl.NotificationServiceProvider
11:18:52.052 [FXGL Background Thread 3 ] DEBUG Engine               - class com.almasb.fxgl.achievement.AchievementService
11:18:52.052 [FXGL Background Thread 3 ] DEBUG Engine               - class com.almasb.fxgl.cutscene.CutsceneService
11:18:52.053 [FXGL Background Thread 3 ] DEBUG Engine               - class com.almasb.fxgl.minigames.MiniGameService
11:18:52.053 [FXGL Background Thread 3 ] DEBUG Engine               - class com.almasb.fxgl.net.NetService
11:18:52.053 [FXGL Background Thread 3 ] DEBUG Engine               - class com.almasb.fxgl.app.services.UpdaterService
11:18:52.054 [FXGL Background Thread 3 ] DEBUG Engine               - class com.almasb.fxgl.dev.DevService
11:19:27.602 [JavaFX Application Thread] DEBUG FXGLApplication      - Exiting FXGL
11:19:27.603 [JavaFX Application Thread] DEBUG LoopRunner           - Stopping loop
11:19:27.603 [JavaFX Application Thread] DEBUG SystemBundleService  - Saving FXGL system data
11:19:27.611 [JavaFX Application Thread] DEBUG FileSystemAccess     - Writing to: C:\Users\zthijs\Desktop\IPOSE\system\fxgl.bundle
11:19:27.615 [JavaFX Application Thread] DEBUG Async                - Shutting down background threads
11:19:27.615 [JavaFX Application Thread] DEBUG PrimaryStageWindow   - Closing main window
11:19:27.643 [JavaFX Application Thread] DEBUG Logger               - Closing Logger
